2023-03-02 03:56:09,152 [INFO] Activator:178 - 


2023-03-02 03:56:09,158 [INFO] Activator:179 - !SESSION log4j initialized
2023-03-02 03:56:36,912 [INFO] Activator:178 - 


2023-03-02 03:56:36,916 [INFO] Activator:179 - !SESSION log4j initialized
2023-03-02 03:57:28,229 [INFO] RetryExec:97 - I/O exception (org.apache.http.NoHttpResponseException) caught when processing request to {s}->https://download.eclipse.org:443: The target server failed to respond
2023-03-02 03:57:28,231 [INFO] RetryExec:113 - Retrying request to {s}->https://download.eclipse.org:443
2023-03-02 03:57:29,097 [INFO] RetryExec:97 - I/O exception (org.apache.http.NoHttpResponseException) caught when processing request to {s}->https://archive.eclipse.org:443: The target server failed to respond
2023-03-02 03:57:29,112 [INFO] RetryExec:113 - Retrying request to {s}->https://archive.eclipse.org:443
2023-03-02 03:57:30,068 [INFO] RetryExec:97 - I/O exception (org.apache.http.NoHttpResponseException) caught when processing request to {s}->https://download.eclipse.org:443: The target server failed to respond
2023-03-02 03:57:30,069 [INFO] RetryExec:113 - Retrying request to {s}->https://download.eclipse.org:443
2023-03-02 03:57:46,670 [INFO] ApplicationProperties:181 - Using Application install path: D:\Online_Emb_Diploma\Installations\ST\STM32CubeIDE_1.4.0\STM32CubeIDE\plugins\com.st.stm32cube.common.mx_6.0.0.202007160824
2023-03-02 03:57:46,687 [INFO] DbMcusXml:70 - Set database path to: D:\Online_Emb_Diploma\Installations\ST\STM32CubeIDE_1.4.0\STM32CubeIDE\plugins\com.st.stm32cube.common.mx_6.0.0.202007160824\\db\/mcu/
2023-03-02 03:57:46,687 [INFO] DbBoardsPdsc:56 - Set plugin database path to: D:\Online_Emb_Diploma\Installations\ST\STM32CubeIDE_1.4.0\STM32CubeIDE\plugins\com.st.stm32cube.common.mx_6.0.0.202007160824\\db\/plugins/boardmanager/
2023-03-02 03:57:46,687 [INFO] DbMcus:258 - Set plugin images path to: D:\Online_Emb_Diploma\Installations\ST\STM32CubeIDE_1.4.0\STM32CubeIDE\plugins\com.st.stm32cube.common.mx_6.0.0.202007160824\\db\/plugins/mcufinder/images/
2023-03-02 03:57:46,687 [INFO] DbBoards:264 - Set plugin images path to: D:\Online_Emb_Diploma\Installations\ST\STM32CubeIDE_1.4.0\STM32CubeIDE\plugins\com.st.stm32cube.common.mx_6.0.0.202007160824\\db\/plugins/mcufinder/images/
2023-03-02 03:57:46,697 [INFO] DbExamples:326 - Set plugin images path to: D:\Online_Emb_Diploma\Installations\ST\STM32CubeIDE_1.4.0\STM32CubeIDE\plugins\com.st.stm32cube.common.mx_6.0.0.202007160824\\db\/plugins/mcufinder/images/
2023-03-02 03:57:46,711 [INFO] DbMcusDocs:112 - Set database path to: C:\Users\admin\.stmcufinder\plugins\mcufinder//mcu/
2023-03-02 03:57:46,711 [INFO] DbMcusJson:63 - Set database path to: C:\Users\admin\.stmcufinder\plugins\mcufinder//mcu/
2023-03-02 03:57:46,717 [INFO] DbBoardsDocs:112 - Set database path to: C:\Users\admin\.stmcufinder\plugins\mcufinder//mcu/
2023-03-02 03:57:46,717 [INFO] DbBoardsJson:56 - Set database path to: C:\Users\admin\.stmcufinder\plugins\mcufinder//mcu/
2023-03-02 03:57:46,760 [INFO] CrossReferenceDbSqlite:196 - Set database path to: C:\Users\admin\.stmcufinder\plugins\mcufinder//mcu/cs/
2023-03-02 03:57:46,767 [INFO] DbExamplesSqlite:800 - Set database path to: C:\Users\admin\.stmcufinder\plugins\mcufinder//mcu/
2023-03-02 03:57:46,867 [INFO] RulesReader:52 - Compatibility file has been processed (209 Rules)
2023-03-02 03:57:46,977 [INFO] MicroXplorer:564 - Detected Java Version = 1.8.0_252
2023-03-02 03:57:46,977 [INFO] DbMcusXml:70 - Set database path to: D:\Online_Emb_Diploma\Installations\ST\STM32CubeIDE_1.4.0\STM32CubeIDE\plugins\com.st.stm32cube.common.mx_6.0.0.202007160824\\db\/mcu/
2023-03-02 03:57:46,977 [INFO] DbBoardsPdsc:56 - Set plugin database path to: D:\Online_Emb_Diploma\Installations\ST\STM32CubeIDE_1.4.0\STM32CubeIDE\plugins\com.st.stm32cube.common.mx_6.0.0.202007160824\\db\/plugins/boardmanager/
2023-03-02 03:57:46,977 [INFO] DbMcus:258 - Set plugin images path to: D:\Online_Emb_Diploma\Installations\ST\STM32CubeIDE_1.4.0\STM32CubeIDE\plugins\com.st.stm32cube.common.mx_6.0.0.202007160824\\db\/plugins/mcufinder/images/
2023-03-02 03:57:46,977 [INFO] DbBoards:264 - Set plugin images path to: D:\Online_Emb_Diploma\Installations\ST\STM32CubeIDE_1.4.0\STM32CubeIDE\plugins\com.st.stm32cube.common.mx_6.0.0.202007160824\\db\/plugins/mcufinder/images/
2023-03-02 03:57:46,977 [INFO] DbExamples:326 - Set plugin images path to: D:\Online_Emb_Diploma\Installations\ST\STM32CubeIDE_1.4.0\STM32CubeIDE\plugins\com.st.stm32cube.common.mx_6.0.0.202007160824\\db\/plugins/mcufinder/images/
2023-03-02 03:57:46,977 [WARN] DbFile:36 - Overriding database path with different value: C:\Users\admin\.stmcufinder\plugins\mcufinder/ => C:\Users\admin\.stmcufinder\plugins\mcufinder
2023-03-02 03:57:46,981 [INFO] DbMcusDocs:112 - Set database path to: C:\Users\admin\.stmcufinder\plugins\mcufinder//mcu/
2023-03-02 03:57:46,981 [WARN] DbFile:36 - Overriding database path with different value: C:\Users\admin\.stmcufinder\plugins\mcufinder/ => C:\Users\admin\.stmcufinder\plugins\mcufinder
2023-03-02 03:57:46,981 [INFO] DbMcusJson:63 - Set database path to: C:\Users\admin\.stmcufinder\plugins\mcufinder//mcu/
2023-03-02 03:57:46,981 [WARN] DbFile:36 - Overriding database path with different value: C:\Users\admin\.stmcufinder\plugins\mcufinder/ => C:\Users\admin\.stmcufinder\plugins\mcufinder
2023-03-02 03:57:46,981 [INFO] DbBoardsDocs:112 - Set database path to: C:\Users\admin\.stmcufinder\plugins\mcufinder//mcu/
2023-03-02 03:57:46,981 [WARN] DbFile:36 - Overriding database path with different value: C:\Users\admin\.stmcufinder\plugins\mcufinder/ => C:\Users\admin\.stmcufinder\plugins\mcufinder
2023-03-02 03:57:46,981 [INFO] DbBoardsJson:56 - Set database path to: C:\Users\admin\.stmcufinder\plugins\mcufinder//mcu/
2023-03-02 03:57:46,981 [WARN] DbFile:36 - Overriding database path with different value: C:\Users\admin\.stmcufinder\plugins\mcufinder/ => C:\Users\admin\.stmcufinder\plugins\mcufinder
2023-03-02 03:57:46,981 [WARN] DbFile:36 - Overriding database path with different value: C:\Users\admin\.stmcufinder\plugins\mcufinder/ => C:\Users\admin\.stmcufinder\plugins\mcufinder
2023-03-02 03:57:46,981 [INFO] CrossReferenceDbSqlite:196 - Set database path to: C:\Users\admin\.stmcufinder\plugins\mcufinder//mcu/cs/
2023-03-02 03:57:46,981 [WARN] DbFile:36 - Overriding database path with different value: C:\Users\admin\.stmcufinder\plugins\mcufinder/ => C:\Users\admin\.stmcufinder\plugins\mcufinder
2023-03-02 03:57:46,981 [INFO] DbExamplesSqlite:800 - Set database path to: C:\Users\admin\.stmcufinder\plugins\mcufinder//mcu/
2023-03-02 03:57:47,089 [INFO] MainPanel:189 - HeapMemory: 523239424
2023-03-02 03:57:47,228 [INFO] DbMcusXml:70 - Set database path to: D:\Online_Emb_Diploma\Installations\ST\STM32CubeIDE_1.4.0\STM32CubeIDE\plugins\com.st.stm32cube.common.mx_6.0.0.202007160824\\db\/mcu/
2023-03-02 03:57:47,228 [INFO] DbBoardsPdsc:56 - Set plugin database path to: D:\Online_Emb_Diploma\Installations\ST\STM32CubeIDE_1.4.0\STM32CubeIDE\plugins\com.st.stm32cube.common.mx_6.0.0.202007160824\\db\/plugins/boardmanager/
2023-03-02 03:57:47,228 [INFO] DbMcus:258 - Set plugin images path to: D:\Online_Emb_Diploma\Installations\ST\STM32CubeIDE_1.4.0\STM32CubeIDE\plugins\com.st.stm32cube.common.mx_6.0.0.202007160824\\db\/plugins/mcufinder/images/
2023-03-02 03:57:47,228 [INFO] DbBoards:264 - Set plugin images path to: D:\Online_Emb_Diploma\Installations\ST\STM32CubeIDE_1.4.0\STM32CubeIDE\plugins\com.st.stm32cube.common.mx_6.0.0.202007160824\\db\/plugins/mcufinder/images/
2023-03-02 03:57:47,228 [INFO] DbExamples:326 - Set plugin images path to: D:\Online_Emb_Diploma\Installations\ST\STM32CubeIDE_1.4.0\STM32CubeIDE\plugins\com.st.stm32cube.common.mx_6.0.0.202007160824\\db\/plugins/mcufinder/images/
2023-03-02 03:57:47,228 [WARN] DbFile:36 - Overriding database path with different value: C:\Users\admin\.stmcufinder\plugins\mcufinder/ => C:\Users\admin\.stmcufinder\plugins\mcufinder
2023-03-02 03:57:47,228 [INFO] DbMcusDocs:112 - Set database path to: C:\Users\admin\.stmcufinder\plugins\mcufinder//mcu/
2023-03-02 03:57:47,228 [WARN] DbFile:36 - Overriding database path with different value: C:\Users\admin\.stmcufinder\plugins\mcufinder/ => C:\Users\admin\.stmcufinder\plugins\mcufinder
2023-03-02 03:57:47,228 [INFO] DbMcusJson:63 - Set database path to: C:\Users\admin\.stmcufinder\plugins\mcufinder//mcu/
2023-03-02 03:57:47,228 [WARN] DbFile:36 - Overriding database path with different value: C:\Users\admin\.stmcufinder\plugins\mcufinder/ => C:\Users\admin\.stmcufinder\plugins\mcufinder
2023-03-02 03:57:47,228 [INFO] DbBoardsDocs:112 - Set database path to: C:\Users\admin\.stmcufinder\plugins\mcufinder//mcu/
2023-03-02 03:57:47,228 [WARN] DbFile:36 - Overriding database path with different value: C:\Users\admin\.stmcufinder\plugins\mcufinder/ => C:\Users\admin\.stmcufinder\plugins\mcufinder
2023-03-02 03:57:47,228 [INFO] DbBoardsJson:56 - Set database path to: C:\Users\admin\.stmcufinder\plugins\mcufinder//mcu/
2023-03-02 03:57:47,228 [WARN] DbFile:36 - Overriding database path with different value: C:\Users\admin\.stmcufinder\plugins\mcufinder/ => C:\Users\admin\.stmcufinder\plugins\mcufinder
2023-03-02 03:57:47,228 [WARN] DbFile:36 - Overriding database path with different value: C:\Users\admin\.stmcufinder\plugins\mcufinder/ => C:\Users\admin\.stmcufinder\plugins\mcufinder
2023-03-02 03:57:47,228 [INFO] CrossReferenceDbSqlite:196 - Set database path to: C:\Users\admin\.stmcufinder\plugins\mcufinder//mcu/cs/
2023-03-02 03:57:47,228 [WARN] DbFile:36 - Overriding database path with different value: C:\Users\admin\.stmcufinder\plugins\mcufinder/ => C:\Users\admin\.stmcufinder\plugins\mcufinder
2023-03-02 03:57:47,228 [INFO] DbExamplesSqlite:800 - Set database path to: C:\Users\admin\.stmcufinder\plugins\mcufinder//mcu/
2023-03-02 03:57:47,253 [INFO] ApplicationProperties:181 - Using Application install path: D:\Online_Emb_Diploma\Installations\ST\STM32CubeIDE_1.4.0\STM32CubeIDE\plugins\com.st.stm32cube.common.mx_6.0.0.202007160824
2023-03-02 03:57:47,257 [INFO] PluginManage:178 - Search for loadable plugins [exclusion list=, ]
2023-03-02 03:57:47,257 [INFO] PluginManage:292 - Check plugin analytics
2023-03-02 03:57:58,512 [INFO] AnalyticsPlugin:203 - Accepted Software Licenses: 
2023-03-02 03:57:58,515 [INFO] AnalyticsPlugin:205 - Accepted CMSIS Pack Licenses: 
2023-03-02 03:57:58,515 [INFO] AnalyticsPlugin:207 - Accepted Firmware Licenses: 
2023-03-02 03:57:58,517 [INFO] PluginManage:342 - Loaded plugin analytics (category:tool,tabindex:-1)
2023-03-02 03:57:58,517 [INFO] PluginManage:292 - Check plugin clock
2023-03-02 03:57:58,534 [INFO] PluginManage:342 - Loaded plugin clock (category:base,tabindex:2)
2023-03-02 03:57:58,534 [INFO] PluginManage:292 - Check plugin ddr
2023-03-02 03:57:58,539 [INFO] PluginManage:342 - Loaded plugin ddr (category:tool,tabindex:6)
2023-03-02 03:57:58,539 [INFO] PluginManage:292 - Check plugin filemanager
2023-03-02 03:57:58,667 [INFO] PluginManage:342 - Loaded plugin filemanager (category:base,tabindex:10)
2023-03-02 03:57:58,667 [INFO] PluginManage:292 - Check plugin ipmanager
2023-03-02 03:57:58,679 [INFO] PluginManage:342 - Loaded plugin ipmanager (category:base,tabindex:5)
2023-03-02 03:57:58,679 [INFO] PluginManage:292 - Check plugin pinoutandconfiguration
2023-03-02 03:57:58,687 [INFO] PluginManage:342 - Loaded plugin pinoutandconfiguration (category:base,tabindex:1)
2023-03-02 03:57:58,687 [INFO] PluginManage:292 - Check plugin pinoutconfig
2023-03-02 03:57:58,729 [INFO] PluginManage:342 - Loaded plugin pinoutconfig (category:base,tabindex:0)
2023-03-02 03:57:58,729 [INFO] PluginManage:292 - Check plugin power
2023-03-02 03:57:58,737 [INFO] PluginManage:342 - Loaded plugin power (category:power,tabindex:4)
2023-03-02 03:57:58,737 [INFO] PluginManage:292 - Check plugin projectmanager
2023-03-02 03:57:58,760 [INFO] PluginManage:342 - Loaded plugin projectmanager (category:projectmanager,tabindex:3)
2023-03-02 03:57:58,760 [INFO] PluginManage:292 - Check plugin thirdparty
2023-03-02 03:57:58,875 [INFO] ThirdPartyDb:333 - Open Third Party DataBase File (C:/Users/admin/.stm32cubemx/plugins/thirdparty/db/thirdparties_db.xml) : 58 ms. number of Sw pack : 46
2023-03-02 03:57:58,877 [INFO] PluginManage:342 - Loaded plugin thirdparty (category:base,tabindex:-1)
2023-03-02 03:57:58,877 [INFO] PluginManage:292 - Check plugin tools
2023-03-02 03:57:58,884 [INFO] PluginManage:342 - Loaded plugin tools (category:base,tabindex:7)
2023-03-02 03:57:58,884 [INFO] PluginManage:292 - Check plugin tutovideos
2023-03-02 03:57:59,197 [INFO] PluginManage:342 - Loaded plugin tutovideos (category:base,tabindex:-1)
2023-03-02 03:57:59,197 [INFO] PluginManage:292 - Check plugin updater
2023-03-02 03:57:59,219 [INFO] PluginManage:342 - Loaded plugin updater (category:base,tabindex:12)
2023-03-02 03:57:59,219 [INFO] PluginManage:265 - PluginManage : Loaded plugins [13]
2023-03-02 03:57:59,499 [INFO] PinOutPanel:1418 - setPackage(No Configuration,No Configuration)
2023-03-02 03:57:59,614 [INFO] IPUIPlugin:64 - create IPUIPlugin
2023-03-02 03:57:59,614 [INFO] PluginManager:200 - loadIPPluginJar : add adc
2023-03-02 03:57:59,616 [INFO] IPUIPlugin:64 - create IPUIPlugin
2023-03-02 03:57:59,616 [INFO] PluginManager:200 - loadIPPluginJar : add aes
2023-03-02 03:57:59,616 [INFO] IPUIPlugin:64 - create IPUIPlugin
2023-03-02 03:57:59,616 [INFO] PluginManager:200 - loadIPPluginJar : add can
2023-03-02 03:57:59,623 [INFO] IPUIPlugin:64 - create IPUIPlugin
2023-03-02 03:57:59,623 [INFO] PluginManager:200 - loadIPPluginJar : add comp
2023-03-02 03:57:59,626 [INFO] IPUIPlugin:64 - create IPUIPlugin
2023-03-02 03:57:59,626 [INFO] PluginManager:200 - loadIPPluginJar : add cryp
2023-03-02 03:57:59,631 [INFO] IPUIPlugin:64 - create IPUIPlugin
2023-03-02 03:57:59,631 [INFO] PluginManager:200 - loadIPPluginJar : add dfsdm
2023-03-02 03:57:59,637 [INFO] IPUIPlugin:64 - create IPUIPlugin
2023-03-02 03:57:59,637 [INFO] PluginManager:200 - loadIPPluginJar : add dma
2023-03-02 03:57:59,639 [INFO] IPUIPlugin:64 - create IPUIPlugin
2023-03-02 03:57:59,639 [INFO] PluginManager:200 - loadIPPluginJar : add fatfs
2023-03-02 03:57:59,639 [INFO] IPUIPlugin:64 - create IPUIPlugin
2023-03-02 03:57:59,639 [INFO] PluginManager:200 - loadIPPluginJar : add fmc
2023-03-02 03:57:59,655 [INFO] IPUIPlugin:64 - create IPUIPlugin
2023-03-02 03:57:59,655 [INFO] PluginManager:200 - loadIPPluginJar : add freertos
2023-03-02 03:57:59,657 [INFO] IPUIPlugin:64 - create IPUIPlugin
2023-03-02 03:57:59,657 [INFO] PluginManager:200 - loadIPPluginJar : add genericplugin
2023-03-02 03:57:59,657 [INFO] IPUIPlugin:64 - create IPUIPlugin
2023-03-02 03:57:59,657 [INFO] PluginManager:200 - loadIPPluginJar : add gfxmmu
2023-03-02 03:57:59,666 [INFO] IPUIPlugin:64 - create IPUIPlugin
2023-03-02 03:57:59,666 [INFO] PluginManager:200 - loadIPPluginJar : add gic
2023-03-02 03:57:59,672 [INFO] IPUIPlugin:64 - create IPUIPlugin
2023-03-02 03:57:59,672 [INFO] PluginManager:200 - loadIPPluginJar : add gpio
2023-03-02 03:57:59,677 [INFO] IPUIPlugin:64 - create IPUIPlugin
2023-03-02 03:57:59,677 [INFO] PluginManager:200 - loadIPPluginJar : add gtzc
2023-03-02 03:57:59,680 [INFO] IPUIPlugin:64 - create IPUIPlugin
2023-03-02 03:57:59,683 [INFO] PluginManager:200 - loadIPPluginJar : add hash
2023-03-02 03:57:59,687 [INFO] IPUIPlugin:64 - create IPUIPlugin
2023-03-02 03:57:59,687 [INFO] PluginManager:200 - loadIPPluginJar : add i2c
2023-03-02 03:57:59,688 [INFO] IPUIPlugin:64 - create IPUIPlugin
2023-03-02 03:57:59,688 [INFO] PluginManager:200 - loadIPPluginJar : add i2s
2023-03-02 03:57:59,688 [INFO] IPUIPlugin:64 - create IPUIPlugin
2023-03-02 03:57:59,688 [INFO] PluginManager:200 - loadIPPluginJar : add ipddr
2023-03-02 03:57:59,688 [INFO] IPUIPlugin:64 - create IPUIPlugin
2023-03-02 03:57:59,688 [INFO] PluginManager:200 - loadIPPluginJar : add ltdc
2023-03-02 03:57:59,697 [INFO] IPUIPlugin:64 - create IPUIPlugin
2023-03-02 03:57:59,697 [INFO] PluginManager:200 - loadIPPluginJar : add mdma
2023-03-02 03:57:59,697 [INFO] IPUIPlugin:64 - create IPUIPlugin
2023-03-02 03:57:59,697 [INFO] PluginManager:200 - loadIPPluginJar : add nvic
2023-03-02 03:57:59,705 [INFO] IPUIPlugin:64 - create IPUIPlugin
2023-03-02 03:57:59,705 [INFO] PluginManager:200 - loadIPPluginJar : add opamp
2023-03-02 03:57:59,707 [INFO] IPUIPlugin:64 - create IPUIPlugin
2023-03-02 03:57:59,707 [INFO] PluginManager:200 - loadIPPluginJar : add openamp
2023-03-02 03:57:59,707 [INFO] IPUIPlugin:64 - create IPUIPlugin
2023-03-02 03:57:59,707 [INFO] PluginManager:200 - loadIPPluginJar : add pdm2pcm
2023-03-02 03:57:59,717 [INFO] IPUIPlugin:64 - create IPUIPlugin
2023-03-02 03:57:59,717 [INFO] PluginManager:200 - loadIPPluginJar : add plateformsettings
2023-03-02 03:57:59,721 [INFO] IPUIPlugin:64 - create IPUIPlugin
2023-03-02 03:57:59,721 [INFO] PluginManager:200 - loadIPPluginJar : add quadspi
2023-03-02 03:57:59,727 [INFO] IPUIPlugin:64 - create IPUIPlugin
2023-03-02 03:57:59,727 [INFO] PluginManager:200 - loadIPPluginJar : add resmgrutility
2023-03-02 03:57:59,729 [INFO] IPUIPlugin:64 - create IPUIPlugin
2023-03-02 03:57:59,729 [INFO] PluginManager:200 - loadIPPluginJar : add sai
2023-03-02 03:57:59,729 [INFO] IPUIPlugin:64 - create IPUIPlugin
2023-03-02 03:57:59,729 [INFO] PluginManager:200 - loadIPPluginJar : add spi
2023-03-02 03:57:59,738 [INFO] IPUIPlugin:64 - create IPUIPlugin
2023-03-02 03:57:59,738 [INFO] PluginManager:200 - loadIPPluginJar : add stm32_wpan
2023-03-02 03:57:59,738 [INFO] IPUIPlugin:64 - create IPUIPlugin
2023-03-02 03:57:59,738 [INFO] PluginManager:200 - loadIPPluginJar : add tim
2023-03-02 03:57:59,738 [INFO] IPUIPlugin:64 - create IPUIPlugin
2023-03-02 03:57:59,738 [INFO] PluginManager:200 - loadIPPluginJar : add touchsensing
2023-03-02 03:57:59,746 [INFO] IPUIPlugin:64 - create IPUIPlugin
2023-03-02 03:57:59,746 [INFO] PluginManager:200 - loadIPPluginJar : add tracer_emb
2023-03-02 03:57:59,746 [INFO] IPUIPlugin:64 - create IPUIPlugin
2023-03-02 03:57:59,746 [INFO] PluginManager:200 - loadIPPluginJar : add ts
2023-03-02 03:57:59,746 [INFO] IPUIPlugin:64 - create IPUIPlugin
2023-03-02 03:57:59,755 [INFO] PluginManager:200 - loadIPPluginJar : add tsc
2023-03-02 03:57:59,757 [INFO] IPUIPlugin:64 - create IPUIPlugin
2023-03-02 03:57:59,757 [INFO] PluginManager:200 - loadIPPluginJar : add ucpd
2023-03-02 03:57:59,757 [INFO] IPUIPlugin:64 - create IPUIPlugin
2023-03-02 03:57:59,757 [INFO] PluginManager:200 - loadIPPluginJar : add usart
2023-03-02 03:58:00,357 [INFO] CubeProgrammer:457 - [DDR PANEL] - PathOfProgrammer: null
2023-03-02 03:58:01,187 [FATAL] Updater:282 - Updater called before beeing initialized
2023-03-02 03:58:01,364 [FATAL] Updater:282 - Updater called before beeing initialized
2023-03-02 03:58:01,364 [WARN] ThirdParty:775 - waiting for thirdparty lock release [close project]
2023-03-02 03:58:01,364 [INFO] ThirdParty:777 - entering critical section [close project]
2023-03-02 03:58:01,364 [INFO] ThirdParty:790 - exiting critical section [close project]
2023-03-02 03:58:01,367 [INFO] PinOutPanel:1418 - setPackage(No Configuration,No Configuration)
2023-03-02 03:58:01,367 [FATAL] Updater:282 - Updater called before beeing initialized
2023-03-02 03:58:01,372 [ERROR] Updater:967 - MainUpdater not yet initialized. External WinMGr cannot be set.
2023-03-02 03:58:01,372 [INFO] CubeProgrammer:457 - [DDR PANEL] - PathOfProgrammer: D:\Online_Emb_Diploma\Installations\ST\STM32CubeIDE_1.4.0\STM32CubeIDE\plugins\com.st.stm32cube.ide.mcu.externaltools.cubeprogrammer.win32_1.4.0.202007081208\tools\bin
2023-03-02 03:58:01,377 [INFO] ProgrammerExecThread:148 - [ProgrammerAPI] CubeProgrammer command construction: D:\Online_Emb_Diploma\Installations\ST\STM32CubeIDE_1.4.0\STM32CubeIDE\plugins\com.st.stm32cube.ide.mcu.externaltools.cubeprogrammer.win32_1.4.0.202007081208\tools\bin\STM32_Programmer_CLI.exe -l
2023-03-02 03:58:04,315 [INFO] MainDdrPanel:49 - [DDR PANEL] SETTER - Set cubeProgrammerPath to: D:\Online_Emb_Diploma\Installations\ST\STM32CubeIDE_1.4.0\STM32CubeIDE\plugins\com.st.stm32cube.ide.mcu.externaltools.cubeprogrammer.win32_1.4.0.202007081208\tools\bin
2023-03-02 03:58:04,358 [INFO] Updater:904 - Updater Version found : 6.0.0
2023-03-02 03:58:04,390 [INFO] ApplicationProperties:181 - Using Application install path: D:\Online_Emb_Diploma\Installations\ST\STM32CubeIDE_1.4.0\STM32CubeIDE\plugins\com.st.stm32cube.common.mx_6.0.0.202007160824
2023-03-02 03:58:04,738 [INFO] MainUpdater:2268 - connection check result : 10
2023-03-02 03:58:04,745 [INFO] MainUpdater:239 - Updater Check For Update Now.
2023-03-02 03:58:04,747 [INFO] MicroXplorer:414 - Change Database Version : DB.6.0.0
2023-03-02 03:58:04,807 [INFO] CheckServerUpdateThread:102 - End of CheckServer Thread
2023-03-02 03:58:04,862 [INFO] MainUpdater:2268 - connection check result : 10
2023-03-02 03:58:04,895 [WARN] IntegrityCheckThread:61 - waiting for thirdparty lock release [integrity check]
2023-03-02 03:58:04,895 [INFO] IntegrityCheckThread:63 - entering critical section [integrity check]
2023-03-02 03:58:05,129 [INFO] McuFinderGlobals:40 - Set McuFinder mode to 2 (CubeIDE integrated)
2023-03-02 03:58:05,275 [INFO] CrossSelectorPresenter:1330 - Cross Selector saved comparison directory: C:\Users\admin\.stmcufinder\plugins\mcufinder\mcu\cs_comparisons_mx
2023-03-02 03:58:05,285 [INFO] MultiScanPanel:193 - Auto-refresh data requested => check proxy status ongoing
2023-03-02 03:58:05,290 [INFO] FinderPluginLoader:87 - Searching for filters in installed packs
2023-03-02 03:58:05,291 [INFO] DbMcusXml:100 - Load MCU database from D:\Online_Emb_Diploma\Installations\ST\STM32CubeIDE_1.4.0\STM32CubeIDE\plugins\com.st.stm32cube.common.mx_6.0.0.202007160824\\db\/mcu/families.xml
2023-03-02 03:58:05,320 [INFO] ThirdPartyDb:299 - Save Third Party DataBase File (C:/Users/admin/.stm32cubemx/plugins/thirdparty/db/thirdparties_db.xml) [forced]
2023-03-02 03:58:05,387 [INFO] ThirdPartyDb:299 - Save Third Party DataBase File (C:/Users/admin/.stm32cubemx/plugins/thirdparty/db/thirdparties_db.xml) [forced]
2023-03-02 03:58:05,431 [INFO] IntegrityCheckThread:76 - exiting critical section [integrity check]
2023-03-02 03:58:05,431 [INFO] IntegrityCheckThread:79 - End integrity checks thread
2023-03-02 03:58:06,229 [INFO] DbMcusJson:92 - JSON generation date=Tue Nov 16 18:17:54 EET 2021 (1637079474)
2023-03-02 03:58:07,130 [INFO] DbMcus:175 - Found 1761 MCUs (1722 are supported by CubeMX, 1911 are visible in CubeMX)
2023-03-02 03:58:07,130 [INFO] ApiDb:201 - Load user favorites file C:\Users\admin/.stm32cubeide/favorites.mcus.txt: 0 item(s)
2023-03-02 03:58:07,130 [INFO] ApiDb:205 - User favorites MCUs=[]
2023-03-02 03:58:07,130 [INFO] DbMcus:187 - Set 0 / 0 favorites MCUs
2023-03-02 03:58:07,737 [INFO] LoadUrlFilesThread:162 - End of LoadServerUrlFiles without Thread
2023-03-02 03:58:07,802 [INFO] DetailPanel:331 - Set advertising image to C:/Users/admin/STM32Cube/Repository/\stm32cubemx-promo_image.jpg
2023-03-02 03:58:08,237 [INFO] McuFilterPanel:245 - Update 0 favorites MCUs
2023-03-02 03:58:08,358 [INFO] DbBoardsPdsc:94 - Found 23 items
2023-03-02 03:58:08,367 [INFO] DbBoardsPdsc:94 - Found 9 items
2023-03-02 03:58:08,367 [INFO] DbBoardsPdsc:94 - Found 29 items
2023-03-02 03:58:08,377 [INFO] DbBoardsPdsc:94 - Found 1 items
2023-03-02 03:58:08,377 [INFO] DbBoardsPdsc:94 - Found 44 items
2023-03-02 03:58:08,391 [INFO] DbBoardsPdsc:94 - Found 40 items
2023-03-02 03:58:08,399 [INFO] DbBoardsPdsc:94 - Found 2 items
2023-03-02 03:58:08,399 [INFO] DbBoardsPdsc:94 - Found 4 items
2023-03-02 03:58:08,415 [WARN] DbBoardsPdsc:258 - Board STM32H7B3I-DK: unknown feature type=Audio, name=, username=Audio stereo codec with Headphone Amp (CS42L51-CNZ), n=1
2023-03-02 03:58:08,417 [WARN] DbBoardsPdsc:258 - Board STM32H735G-DK: unknown feature type=Audio, name=, username=Audio stereo codec with Headphone Amp (WM8994ECS/R), n=1
2023-03-02 03:58:08,423 [WARN] DbBoardsPdsc:258 - Board STM32H7B3I-EVAL: unknown feature type=Audio, name=, username=Multi-Channel Audio Codec (CS42L51-CNZ), n=1
2023-03-02 03:58:08,427 [WARN] DbBoardsPdsc:258 - Board STM32H7B3I-EVAL: unknown feature type=Meter, name=, username=Power-metering and Temperature-monitoring with sigma-delta modulators, n=1
2023-03-02 03:58:08,427 [WARN] DbBoardsPdsc:258 - Board STM32H7B3I-EVAL: unknown feature type=Motor, name=, username=Motor Control, n=1
2023-03-02 03:58:08,466 [INFO] DbBoardsJson:85 - JSON generation date=Tue Nov 16 18:17:54 EET 2021 (1637079474)
2023-03-02 03:58:08,471 [INFO] DbBoards:117 - Found 166 boards (149 are supported by CubeMX)
2023-03-02 03:58:08,476 [INFO] DbBoardsDocs:145 - JSON generation date=Tue Nov 16 18:17:54 EET 2021 (1637079474)
2023-03-02 03:58:08,480 [INFO] DbBoardsDocs:81 - Found 209 boards documents
2023-03-02 03:58:08,480 [WARN] DbBoards:127 - board B-L475E-IOT01A2 has no document id list !
2023-03-02 03:58:08,480 [WARN] DbBoards:127 - board NUCLEO-H743ZI has no document id list !
2023-03-02 03:58:08,480 [WARN] DbBoards:127 - board P-NUCLEO-WB55-Nucleo has no document id list !
2023-03-02 03:58:08,480 [WARN] DbBoards:127 - board P-NUCLEO-WB55-USBDongle has no document id list !
2023-03-02 03:58:08,480 [WARN] DbBoards:127 - board STEVAL-BFA001V1B has no document id list !
2023-03-02 03:58:08,480 [WARN] DbBoards:127 - board STEVAL-BFA001V2B has no document id list !
2023-03-02 03:58:08,480 [WARN] DbBoards:127 - board STEVAL-IDP005V1 has no document id list !
2023-03-02 03:58:08,480 [WARN] DbBoards:127 - board STEVAL-IDP005V2 has no document id list !
2023-03-02 03:58:08,480 [WARN] DbBoards:127 - board STEVAL-MKSBOX1V1 has no document id list !
2023-03-02 03:58:08,480 [WARN] DbBoards:127 - board STEVAL-STWINKT1 has no document id list !
2023-03-02 03:58:08,480 [WARN] DbBoards:127 - board STEVAL-STWINKT1B has no document id list !
2023-03-02 03:58:08,480 [WARN] DbBoards:127 - board STM32439I-EVAL2 has no document id list !
2023-03-02 03:58:08,480 [WARN] DbBoards:127 - board STM32F401C-DISCO has no document id list !
2023-03-02 03:58:08,480 [WARN] DbBoards:127 - board STM32F769I-DISC1 has no document id list !
2023-03-02 03:58:08,487 [WARN] DbBoards:127 - board STM32G474E-EVAL1 has no document id list !
2023-03-02 03:58:08,487 [WARN] DbBoards:127 - board STM32H743I-EVAL2 has no document id list !
2023-03-02 03:58:08,487 [WARN] DbBoards:127 - board STM32H747I-DISC1 has no document id list !
2023-03-02 03:58:08,487 [WARN] DbBoards:127 - board STM32H753I-EVAL2 has no document id list !
2023-03-02 03:58:08,487 [WARN] DbBoards:127 - board STM32L-DISCOVERY has no document id list !
2023-03-02 03:58:08,566 [ERROR] DbBoards:189 - Image file not found for board B-L462E-CELL1: D:\Online_Emb_Diploma\Installations\ST\STM32CubeIDE_1.4.0\STM32CubeIDE\plugins\com.st.stm32cube.common.mx_6.0.0.202007160824\\db\/plugins/mcufinder/images/boards/B-L462E-CELL1_small.jpg
2023-03-02 03:58:08,639 [ERROR] DbBoards:189 - Image file not found for board B-U585I-IOT02A: D:\Online_Emb_Diploma\Installations\ST\STM32CubeIDE_1.4.0\STM32CubeIDE\plugins\com.st.stm32cube.common.mx_6.0.0.202007160824\\db\/plugins/mcufinder/images/boards/B-U585I-IOT02A_small.jpg
2023-03-02 03:58:08,745 [ERROR] DbBoards:189 - Image file not found for board NUCLEO-F413ZH: D:\Online_Emb_Diploma\Installations\ST\STM32CubeIDE_1.4.0\STM32CubeIDE\plugins\com.st.stm32cube.common.mx_6.0.0.202007160824\\db\/plugins/mcufinder/images/boards/nucleo-f413zh_small.jpg
2023-03-02 03:58:08,908 [ERROR] DbBoards:189 - Image file not found for board NUCLEO-L552ZE-Q: D:\Online_Emb_Diploma\Installations\ST\STM32CubeIDE_1.4.0\STM32CubeIDE\plugins\com.st.stm32cube.common.mx_6.0.0.202007160824\\db\/plugins/mcufinder/images/boards/nucleo_l552ze_q_small.jpg
2023-03-02 03:58:08,908 [ERROR] DbBoards:189 - Image file not found for board NUCLEO-U575ZI-Q: D:\Online_Emb_Diploma\Installations\ST\STM32CubeIDE_1.4.0\STM32CubeIDE\plugins\com.st.stm32cube.common.mx_6.0.0.202007160824\\db\/plugins/mcufinder/images/boards/nucleo-u575zi-q_small.jpg
2023-03-02 03:58:08,908 [ERROR] DbBoards:189 - Image file not found for board NUCLEO-WB15CC: D:\Online_Emb_Diploma\Installations\ST\STM32CubeIDE_1.4.0\STM32CubeIDE\plugins\com.st.stm32cube.common.mx_6.0.0.202007160824\\db\/plugins/mcufinder/images/boards/nucleo-wb15cc_small.jpg
2023-03-02 03:58:08,908 [ERROR] DbBoards:189 - Image file not found for board NUCLEO-WB55RG: D:\Online_Emb_Diploma\Installations\ST\STM32CubeIDE_1.4.0\STM32CubeIDE\plugins\com.st.stm32cube.common.mx_6.0.0.202007160824\\db\/plugins/mcufinder/images/boards/nucleo-wb55rg_small.jpg
2023-03-02 03:58:08,908 [ERROR] DbBoards:189 - Image file not found for board NUCLEO-WL55JC: D:\Online_Emb_Diploma\Installations\ST\STM32CubeIDE_1.4.0\STM32CubeIDE\plugins\com.st.stm32cube.common.mx_6.0.0.202007160824\\db\/plugins/mcufinder/images/boards/nucleo-wl55jc-small.jpg
2023-03-02 03:58:09,067 [ERROR] DbBoards:189 - Image file not found for board STEVAL-STWINKT1B: D:\Online_Emb_Diploma\Installations\ST\STM32CubeIDE_1.4.0\STM32CubeIDE\plugins\com.st.stm32cube.common.mx_6.0.0.202007160824\\db\/plugins/mcufinder/images/boards/steval-stwinkt1b_small.jpg
2023-03-02 03:58:09,591 [ERROR] DbBoards:189 - Image file not found for board STM32G0C1E-EV: D:\Online_Emb_Diploma\Installations\ST\STM32CubeIDE_1.4.0\STM32CubeIDE\plugins\com.st.stm32cube.common.mx_6.0.0.202007160824\\db\/plugins/mcufinder/images/boards/stm32g0c1e-eval_small.jpg
2023-03-02 03:58:09,700 [ERROR] DbBoards:189 - Image file not found for board STM32H7B3I-EVAL: D:\Online_Emb_Diploma\Installations\ST\STM32CubeIDE_1.4.0\STM32CubeIDE\plugins\com.st.stm32cube.common.mx_6.0.0.202007160824\\db\/plugins/mcufinder/images/boards/stm32h7b3ieval_small.jpg
2023-03-02 03:58:09,988 [ERROR] DbBoards:189 - Image file not found for board STM32U575I-EV: D:\Online_Emb_Diploma\Installations\ST\STM32CubeIDE_1.4.0\STM32CubeIDE\plugins\com.st.stm32cube.common.mx_6.0.0.202007160824\\db\/plugins/mcufinder/images/boards/stm32u575i-ev_small.jpg
2023-03-02 03:58:10,017 [ERROR] DbBoards:189 - Image file not found for board STM32WB5MM-DK: D:\Online_Emb_Diploma\Installations\ST\STM32CubeIDE_1.4.0\STM32CubeIDE\plugins\com.st.stm32cube.common.mx_6.0.0.202007160824\\db\/plugins/mcufinder/images/boards/STM32WB5MM-DK_small.jpg
2023-03-02 03:58:10,017 [INFO] ApiDb:201 - Load user favorites file C:\Users\admin/.stm32cubeide/favorites.boards.txt: 0 item(s)
2023-03-02 03:58:10,017 [INFO] ApiDb:205 - User favorites Boards=[]
2023-03-02 03:58:10,017 [INFO] DbBoards:206 - Set 0 / 0 favorites Boards
2023-03-02 07:07:18,637 [INFO] ApiDb:226 - Save user favorites file C:\Users\admin/.stm32cubeide/favorites.mcus.txt: 0 item(s)
2023-03-02 07:07:18,639 [INFO] ApiDb:230 - User favorites MCUs=[]
2023-03-02 15:23:32,825 [INFO] Activator:178 - 


2023-03-02 15:23:32,841 [INFO] Activator:179 - !SESSION log4j initialized
2023-03-02 15:24:30,906 [INFO] RetryExec:97 - I/O exception (org.apache.http.NoHttpResponseException) caught when processing request to {s}->https://download.eclipse.org:443: The target server failed to respond
2023-03-02 15:24:30,906 [INFO] RetryExec:113 - Retrying request to {s}->https://download.eclipse.org:443
2023-03-02 15:24:31,724 [INFO] RetryExec:97 - I/O exception (org.apache.http.NoHttpResponseException) caught when processing request to {s}->https://archive.eclipse.org:443: The target server failed to respond
2023-03-02 15:24:31,724 [INFO] RetryExec:113 - Retrying request to {s}->https://archive.eclipse.org:443
2023-03-02 15:24:32,684 [INFO] RetryExec:97 - I/O exception (org.apache.http.NoHttpResponseException) caught when processing request to {s}->https://download.eclipse.org:443: The target server failed to respond
2023-03-02 15:24:32,684 [INFO] RetryExec:113 - Retrying request to {s}->https://download.eclipse.org:443
2023-03-02 17:46:42,393 [INFO] Activator:178 - 


2023-03-02 17:46:42,393 [INFO] Activator:179 - !SESSION log4j initialized
2023-03-02 17:47:41,941 [INFO] RetryExec:97 - I/O exception (org.apache.http.NoHttpResponseException) caught when processing request to {s}->https://download.eclipse.org:443: The target server failed to respond
2023-03-02 17:47:41,941 [INFO] RetryExec:113 - Retrying request to {s}->https://download.eclipse.org:443
2023-03-02 17:47:42,758 [INFO] RetryExec:97 - I/O exception (org.apache.http.NoHttpResponseException) caught when processing request to {s}->https://archive.eclipse.org:443: The target server failed to respond
2023-03-02 17:47:42,758 [INFO] RetryExec:113 - Retrying request to {s}->https://archive.eclipse.org:443
2023-03-02 17:47:43,733 [INFO] RetryExec:97 - I/O exception (org.apache.http.NoHttpResponseException) caught when processing request to {s}->https://download.eclipse.org:443: The target server failed to respond
2023-03-02 17:47:43,733 [INFO] RetryExec:113 - Retrying request to {s}->https://download.eclipse.org:443
2023-03-02 17:49:31,920 [INFO] Activator:178 - 


2023-03-02 17:49:31,920 [INFO] Activator:179 - !SESSION log4j initialized
2023-03-02 17:50:06,529 [INFO] ApplicationProperties:181 - Using Application install path: D:\Online_Emb_Diploma\Installations\ST\STM32CubeIDE_1.4.0\STM32CubeIDE\plugins\com.st.stm32cube.common.mx_6.0.0.202007160824
2023-03-02 17:50:06,561 [INFO] DbMcusXml:70 - Set database path to: D:\Online_Emb_Diploma\Installations\ST\STM32CubeIDE_1.4.0\STM32CubeIDE\plugins\com.st.stm32cube.common.mx_6.0.0.202007160824\\db\/mcu/
2023-03-02 17:50:06,561 [INFO] DbBoardsPdsc:56 - Set plugin database path to: D:\Online_Emb_Diploma\Installations\ST\STM32CubeIDE_1.4.0\STM32CubeIDE\plugins\com.st.stm32cube.common.mx_6.0.0.202007160824\\db\/plugins/boardmanager/
2023-03-02 17:50:06,561 [INFO] DbMcus:258 - Set plugin images path to: D:\Online_Emb_Diploma\Installations\ST\STM32CubeIDE_1.4.0\STM32CubeIDE\plugins\com.st.stm32cube.common.mx_6.0.0.202007160824\\db\/plugins/mcufinder/images/
2023-03-02 17:50:06,561 [INFO] DbBoards:264 - Set plugin images path to: D:\Online_Emb_Diploma\Installations\ST\STM32CubeIDE_1.4.0\STM32CubeIDE\plugins\com.st.stm32cube.common.mx_6.0.0.202007160824\\db\/plugins/mcufinder/images/
2023-03-02 17:50:06,561 [INFO] DbExamples:326 - Set plugin images path to: D:\Online_Emb_Diploma\Installations\ST\STM32CubeIDE_1.4.0\STM32CubeIDE\plugins\com.st.stm32cube.common.mx_6.0.0.202007160824\\db\/plugins/mcufinder/images/
2023-03-02 17:50:06,576 [INFO] DbMcusDocs:112 - Set database path to: C:\Users\admin\.stmcufinder\plugins\mcufinder//mcu/
2023-03-02 17:50:06,576 [INFO] DbMcusJson:63 - Set database path to: C:\Users\admin\.stmcufinder\plugins\mcufinder//mcu/
2023-03-02 17:50:06,576 [INFO] DbBoardsDocs:112 - Set database path to: C:\Users\admin\.stmcufinder\plugins\mcufinder//mcu/
2023-03-02 17:50:06,576 [INFO] DbBoardsJson:56 - Set database path to: C:\Users\admin\.stmcufinder\plugins\mcufinder//mcu/
2023-03-02 17:50:06,735 [INFO] CrossReferenceDbSqlite:196 - Set database path to: C:\Users\admin\.stmcufinder\plugins\mcufinder//mcu/cs/
2023-03-02 17:50:06,735 [INFO] DbExamplesSqlite:800 - Set database path to: C:\Users\admin\.stmcufinder\plugins\mcufinder//mcu/
2023-03-02 17:50:06,862 [INFO] RulesReader:52 - Compatibility file has been processed (209 Rules)
2023-03-02 17:50:07,004 [INFO] MicroXplorer:564 - Detected Java Version = 1.8.0_252
2023-03-02 17:50:07,004 [INFO] DbMcusXml:70 - Set database path to: D:\Online_Emb_Diploma\Installations\ST\STM32CubeIDE_1.4.0\STM32CubeIDE\plugins\com.st.stm32cube.common.mx_6.0.0.202007160824\\db\/mcu/
2023-03-02 17:50:07,004 [INFO] DbBoardsPdsc:56 - Set plugin database path to: D:\Online_Emb_Diploma\Installations\ST\STM32CubeIDE_1.4.0\STM32CubeIDE\plugins\com.st.stm32cube.common.mx_6.0.0.202007160824\\db\/plugins/boardmanager/
2023-03-02 17:50:07,004 [INFO] DbMcus:258 - Set plugin images path to: D:\Online_Emb_Diploma\Installations\ST\STM32CubeIDE_1.4.0\STM32CubeIDE\plugins\com.st.stm32cube.common.mx_6.0.0.202007160824\\db\/plugins/mcufinder/images/
2023-03-02 17:50:07,004 [INFO] DbBoards:264 - Set plugin images path to: D:\Online_Emb_Diploma\Installations\ST\STM32CubeIDE_1.4.0\STM32CubeIDE\plugins\com.st.stm32cube.common.mx_6.0.0.202007160824\\db\/plugins/mcufinder/images/
2023-03-02 17:50:07,004 [INFO] DbExamples:326 - Set plugin images path to: D:\Online_Emb_Diploma\Installations\ST\STM32CubeIDE_1.4.0\STM32CubeIDE\plugins\com.st.stm32cube.common.mx_6.0.0.202007160824\\db\/plugins/mcufinder/images/
2023-03-02 17:50:07,004 [WARN] DbFile:36 - Overriding database path with different value: C:\Users\admin\.stmcufinder\plugins\mcufinder/ => C:\Users\admin\.stmcufinder\plugins\mcufinder
2023-03-02 17:50:07,004 [INFO] DbMcusDocs:112 - Set database path to: C:\Users\admin\.stmcufinder\plugins\mcufinder//mcu/
2023-03-02 17:50:07,004 [WARN] DbFile:36 - Overriding database path with different value: C:\Users\admin\.stmcufinder\plugins\mcufinder/ => C:\Users\admin\.stmcufinder\plugins\mcufinder
2023-03-02 17:50:07,004 [INFO] DbMcusJson:63 - Set database path to: C:\Users\admin\.stmcufinder\plugins\mcufinder//mcu/
2023-03-02 17:50:07,004 [WARN] DbFile:36 - Overriding database path with different value: C:\Users\admin\.stmcufinder\plugins\mcufinder/ => C:\Users\admin\.stmcufinder\plugins\mcufinder
2023-03-02 17:50:07,004 [INFO] DbBoardsDocs:112 - Set database path to: C:\Users\admin\.stmcufinder\plugins\mcufinder//mcu/
2023-03-02 17:50:07,004 [WARN] DbFile:36 - Overriding database path with different value: C:\Users\admin\.stmcufinder\plugins\mcufinder/ => C:\Users\admin\.stmcufinder\plugins\mcufinder
2023-03-02 17:50:07,004 [INFO] DbBoardsJson:56 - Set database path to: C:\Users\admin\.stmcufinder\plugins\mcufinder//mcu/
2023-03-02 17:50:07,020 [WARN] DbFile:36 - Overriding database path with different value: C:\Users\admin\.stmcufinder\plugins\mcufinder/ => C:\Users\admin\.stmcufinder\plugins\mcufinder
2023-03-02 17:50:07,020 [WARN] DbFile:36 - Overriding database path with different value: C:\Users\admin\.stmcufinder\plugins\mcufinder/ => C:\Users\admin\.stmcufinder\plugins\mcufinder
2023-03-02 17:50:07,020 [INFO] CrossReferenceDbSqlite:196 - Set database path to: C:\Users\admin\.stmcufinder\plugins\mcufinder//mcu/cs/
2023-03-02 17:50:07,020 [WARN] DbFile:36 - Overriding database path with different value: C:\Users\admin\.stmcufinder\plugins\mcufinder/ => C:\Users\admin\.stmcufinder\plugins\mcufinder
2023-03-02 17:50:07,020 [INFO] DbExamplesSqlite:800 - Set database path to: C:\Users\admin\.stmcufinder\plugins\mcufinder//mcu/
2023-03-02 17:50:07,131 [INFO] MainPanel:189 - HeapMemory: 365953024
2023-03-02 17:50:07,242 [INFO] DbMcusXml:70 - Set database path to: D:\Online_Emb_Diploma\Installations\ST\STM32CubeIDE_1.4.0\STM32CubeIDE\plugins\com.st.stm32cube.common.mx_6.0.0.202007160824\\db\/mcu/
2023-03-02 17:50:07,242 [INFO] DbBoardsPdsc:56 - Set plugin database path to: D:\Online_Emb_Diploma\Installations\ST\STM32CubeIDE_1.4.0\STM32CubeIDE\plugins\com.st.stm32cube.common.mx_6.0.0.202007160824\\db\/plugins/boardmanager/
2023-03-02 17:50:07,242 [INFO] DbMcus:258 - Set plugin images path to: D:\Online_Emb_Diploma\Installations\ST\STM32CubeIDE_1.4.0\STM32CubeIDE\plugins\com.st.stm32cube.common.mx_6.0.0.202007160824\\db\/plugins/mcufinder/images/
2023-03-02 17:50:07,242 [INFO] DbBoards:264 - Set plugin images path to: D:\Online_Emb_Diploma\Installations\ST\STM32CubeIDE_1.4.0\STM32CubeIDE\plugins\com.st.stm32cube.common.mx_6.0.0.202007160824\\db\/plugins/mcufinder/images/
2023-03-02 17:50:07,242 [INFO] DbExamples:326 - Set plugin images path to: D:\Online_Emb_Diploma\Installations\ST\STM32CubeIDE_1.4.0\STM32CubeIDE\plugins\com.st.stm32cube.common.mx_6.0.0.202007160824\\db\/plugins/mcufinder/images/
2023-03-02 17:50:07,242 [WARN] DbFile:36 - Overriding database path with different value: C:\Users\admin\.stmcufinder\plugins\mcufinder/ => C:\Users\admin\.stmcufinder\plugins\mcufinder
2023-03-02 17:50:07,242 [INFO] DbMcusDocs:112 - Set database path to: C:\Users\admin\.stmcufinder\plugins\mcufinder//mcu/
2023-03-02 17:50:07,242 [WARN] DbFile:36 - Overriding database path with different value: C:\Users\admin\.stmcufinder\plugins\mcufinder/ => C:\Users\admin\.stmcufinder\plugins\mcufinder
2023-03-02 17:50:07,242 [INFO] DbMcusJson:63 - Set database path to: C:\Users\admin\.stmcufinder\plugins\mcufinder//mcu/
2023-03-02 17:50:07,242 [WARN] DbFile:36 - Overriding database path with different value: C:\Users\admin\.stmcufinder\plugins\mcufinder/ => C:\Users\admin\.stmcufinder\plugins\mcufinder
2023-03-02 17:50:07,242 [INFO] DbBoardsDocs:112 - Set database path to: C:\Users\admin\.stmcufinder\plugins\mcufinder//mcu/
2023-03-02 17:50:07,242 [WARN] DbFile:36 - Overriding database path with different value: C:\Users\admin\.stmcufinder\plugins\mcufinder/ => C:\Users\admin\.stmcufinder\plugins\mcufinder
2023-03-02 17:50:07,242 [INFO] DbBoardsJson:56 - Set database path to: C:\Users\admin\.stmcufinder\plugins\mcufinder//mcu/
2023-03-02 17:50:07,242 [WARN] DbFile:36 - Overriding database path with different value: C:\Users\admin\.stmcufinder\plugins\mcufinder/ => C:\Users\admin\.stmcufinder\plugins\mcufinder
2023-03-02 17:50:07,242 [WARN] DbFile:36 - Overriding database path with different value: C:\Users\admin\.stmcufinder\plugins\mcufinder/ => C:\Users\admin\.stmcufinder\plugins\mcufinder
2023-03-02 17:50:07,242 [INFO] CrossReferenceDbSqlite:196 - Set database path to: C:\Users\admin\.stmcufinder\plugins\mcufinder//mcu/cs/
2023-03-02 17:50:07,242 [WARN] DbFile:36 - Overriding database path with different value: C:\Users\admin\.stmcufinder\plugins\mcufinder/ => C:\Users\admin\.stmcufinder\plugins\mcufinder
2023-03-02 17:50:07,242 [INFO] DbExamplesSqlite:800 - Set database path to: C:\Users\admin\.stmcufinder\plugins\mcufinder//mcu/
2023-03-02 17:50:07,262 [INFO] ApplicationProperties:181 - Using Application install path: D:\Online_Emb_Diploma\Installations\ST\STM32CubeIDE_1.4.0\STM32CubeIDE\plugins\com.st.stm32cube.common.mx_6.0.0.202007160824
2023-03-02 17:50:07,262 [INFO] PluginManage:178 - Search for loadable plugins [exclusion list=, ]
2023-03-02 17:50:07,274 [INFO] PluginManage:292 - Check plugin analytics
2023-03-02 17:50:18,541 [INFO] AnalyticsPlugin:203 - Accepted Software Licenses: 
2023-03-02 17:50:18,541 [INFO] AnalyticsPlugin:205 - Accepted CMSIS Pack Licenses: 
2023-03-02 17:50:18,541 [INFO] AnalyticsPlugin:207 - Accepted Firmware Licenses: 
2023-03-02 17:50:18,541 [INFO] PluginManage:342 - Loaded plugin analytics (category:tool,tabindex:-1)
2023-03-02 17:50:18,541 [INFO] PluginManage:292 - Check plugin clock
2023-03-02 17:50:18,556 [INFO] PluginManage:342 - Loaded plugin clock (category:base,tabindex:2)
2023-03-02 17:50:18,556 [INFO] PluginManage:292 - Check plugin ddr
2023-03-02 17:50:18,556 [INFO] PluginManage:342 - Loaded plugin ddr (category:tool,tabindex:6)
2023-03-02 17:50:18,556 [INFO] PluginManage:292 - Check plugin filemanager
2023-03-02 17:50:18,699 [INFO] PluginManage:342 - Loaded plugin filemanager (category:base,tabindex:10)
2023-03-02 17:50:18,699 [INFO] PluginManage:292 - Check plugin ipmanager
2023-03-02 17:50:18,715 [INFO] PluginManage:342 - Loaded plugin ipmanager (category:base,tabindex:5)
2023-03-02 17:50:18,715 [INFO] PluginManage:292 - Check plugin pinoutandconfiguration
2023-03-02 17:50:18,731 [INFO] PluginManage:342 - Loaded plugin pinoutandconfiguration (category:base,tabindex:1)
2023-03-02 17:50:18,731 [INFO] PluginManage:292 - Check plugin pinoutconfig
2023-03-02 17:50:18,763 [INFO] PluginManage:342 - Loaded plugin pinoutconfig (category:base,tabindex:0)
2023-03-02 17:50:18,763 [INFO] PluginManage:292 - Check plugin power
2023-03-02 17:50:18,779 [INFO] PluginManage:342 - Loaded plugin power (category:power,tabindex:4)
2023-03-02 17:50:18,779 [INFO] PluginManage:292 - Check plugin projectmanager
2023-03-02 17:50:18,810 [INFO] PluginManage:342 - Loaded plugin projectmanager (category:projectmanager,tabindex:3)
2023-03-02 17:50:18,810 [INFO] PluginManage:292 - Check plugin thirdparty
2023-03-02 17:50:18,905 [INFO] ThirdPartyDb:333 - Open Third Party DataBase File (C:/Users/admin/.stm32cubemx/plugins/thirdparty/db/thirdparties_db.xml) : 46 ms. number of Sw pack : 46
2023-03-02 17:50:18,905 [INFO] PluginManage:342 - Loaded plugin thirdparty (category:base,tabindex:-1)
2023-03-02 17:50:18,905 [INFO] PluginManage:292 - Check plugin tools
2023-03-02 17:50:18,905 [INFO] PluginManage:342 - Loaded plugin tools (category:base,tabindex:7)
2023-03-02 17:50:18,905 [INFO] PluginManage:292 - Check plugin tutovideos
2023-03-02 17:50:19,157 [INFO] PluginManage:342 - Loaded plugin tutovideos (category:base,tabindex:-1)
2023-03-02 17:50:19,173 [INFO] PluginManage:292 - Check plugin updater
2023-03-02 17:50:19,178 [INFO] PluginManage:342 - Loaded plugin updater (category:base,tabindex:12)
2023-03-02 17:50:19,178 [INFO] PluginManage:265 - PluginManage : Loaded plugins [13]
2023-03-02 17:50:19,396 [INFO] PinOutPanel:1418 - setPackage(No Configuration,No Configuration)
2023-03-02 17:50:19,523 [INFO] IPUIPlugin:64 - create IPUIPlugin
2023-03-02 17:50:19,523 [INFO] PluginManager:200 - loadIPPluginJar : add adc
2023-03-02 17:50:19,523 [INFO] IPUIPlugin:64 - create IPUIPlugin
2023-03-02 17:50:19,523 [INFO] PluginManager:200 - loadIPPluginJar : add aes
2023-03-02 17:50:19,523 [INFO] IPUIPlugin:64 - create IPUIPlugin
2023-03-02 17:50:19,523 [INFO] PluginManager:200 - loadIPPluginJar : add can
2023-03-02 17:50:19,523 [INFO] IPUIPlugin:64 - create IPUIPlugin
2023-03-02 17:50:19,523 [INFO] PluginManager:200 - loadIPPluginJar : add comp
2023-03-02 17:50:19,523 [INFO] IPUIPlugin:64 - create IPUIPlugin
2023-03-02 17:50:19,523 [INFO] PluginManager:200 - loadIPPluginJar : add cryp
2023-03-02 17:50:19,539 [INFO] IPUIPlugin:64 - create IPUIPlugin
2023-03-02 17:50:19,539 [INFO] PluginManager:200 - loadIPPluginJar : add dfsdm
2023-03-02 17:50:19,542 [INFO] IPUIPlugin:64 - create IPUIPlugin
2023-03-02 17:50:19,542 [INFO] PluginManager:200 - loadIPPluginJar : add dma
2023-03-02 17:50:19,542 [INFO] IPUIPlugin:64 - create IPUIPlugin
2023-03-02 17:50:19,542 [INFO] PluginManager:200 - loadIPPluginJar : add fatfs
2023-03-02 17:50:19,554 [INFO] IPUIPlugin:64 - create IPUIPlugin
2023-03-02 17:50:19,554 [INFO] PluginManager:200 - loadIPPluginJar : add fmc
2023-03-02 17:50:19,554 [INFO] IPUIPlugin:64 - create IPUIPlugin
2023-03-02 17:50:19,554 [INFO] PluginManager:200 - loadIPPluginJar : add freertos
2023-03-02 17:50:19,554 [INFO] IPUIPlugin:64 - create IPUIPlugin
2023-03-02 17:50:19,554 [INFO] PluginManager:200 - loadIPPluginJar : add genericplugin
2023-03-02 17:50:19,569 [INFO] IPUIPlugin:64 - create IPUIPlugin
2023-03-02 17:50:19,569 [INFO] PluginManager:200 - loadIPPluginJar : add gfxmmu
2023-03-02 17:50:19,569 [INFO] IPUIPlugin:64 - create IPUIPlugin
2023-03-02 17:50:19,569 [INFO] PluginManager:200 - loadIPPluginJar : add gic
2023-03-02 17:50:19,578 [INFO] IPUIPlugin:64 - create IPUIPlugin
2023-03-02 17:50:19,578 [INFO] PluginManager:200 - loadIPPluginJar : add gpio
2023-03-02 17:50:19,585 [INFO] IPUIPlugin:64 - create IPUIPlugin
2023-03-02 17:50:19,585 [INFO] PluginManager:200 - loadIPPluginJar : add gtzc
2023-03-02 17:50:19,585 [INFO] IPUIPlugin:64 - create IPUIPlugin
2023-03-02 17:50:19,585 [INFO] PluginManager:200 - loadIPPluginJar : add hash
2023-03-02 17:50:19,585 [INFO] IPUIPlugin:64 - create IPUIPlugin
2023-03-02 17:50:19,585 [INFO] PluginManager:200 - loadIPPluginJar : add i2c
2023-03-02 17:50:19,585 [INFO] IPUIPlugin:64 - create IPUIPlugin
2023-03-02 17:50:19,585 [INFO] PluginManager:200 - loadIPPluginJar : add i2s
2023-03-02 17:50:19,585 [INFO] IPUIPlugin:64 - create IPUIPlugin
2023-03-02 17:50:19,585 [INFO] PluginManager:200 - loadIPPluginJar : add ipddr
2023-03-02 17:50:19,601 [INFO] IPUIPlugin:64 - create IPUIPlugin
2023-03-02 17:50:19,601 [INFO] PluginManager:200 - loadIPPluginJar : add ltdc
2023-03-02 17:50:19,601 [INFO] IPUIPlugin:64 - create IPUIPlugin
2023-03-02 17:50:19,601 [INFO] PluginManager:200 - loadIPPluginJar : add mdma
2023-03-02 17:50:19,601 [INFO] IPUIPlugin:64 - create IPUIPlugin
2023-03-02 17:50:19,601 [INFO] PluginManager:200 - loadIPPluginJar : add nvic
2023-03-02 17:50:19,601 [INFO] IPUIPlugin:64 - create IPUIPlugin
2023-03-02 17:50:19,601 [INFO] PluginManager:200 - loadIPPluginJar : add opamp
2023-03-02 17:50:19,618 [INFO] IPUIPlugin:64 - create IPUIPlugin
2023-03-02 17:50:19,618 [INFO] PluginManager:200 - loadIPPluginJar : add openamp
2023-03-02 17:50:19,618 [INFO] IPUIPlugin:64 - create IPUIPlugin
2023-03-02 17:50:19,618 [INFO] PluginManager:200 - loadIPPluginJar : add pdm2pcm
2023-03-02 17:50:19,618 [INFO] IPUIPlugin:64 - create IPUIPlugin
2023-03-02 17:50:19,632 [INFO] PluginManager:200 - loadIPPluginJar : add plateformsettings
2023-03-02 17:50:19,632 [INFO] IPUIPlugin:64 - create IPUIPlugin
2023-03-02 17:50:19,632 [INFO] PluginManager:200 - loadIPPluginJar : add quadspi
2023-03-02 17:50:19,632 [INFO] IPUIPlugin:64 - create IPUIPlugin
2023-03-02 17:50:19,632 [INFO] PluginManager:200 - loadIPPluginJar : add resmgrutility
2023-03-02 17:50:19,649 [INFO] IPUIPlugin:64 - create IPUIPlugin
2023-03-02 17:50:19,649 [INFO] PluginManager:200 - loadIPPluginJar : add sai
2023-03-02 17:50:19,649 [INFO] IPUIPlugin:64 - create IPUIPlugin
2023-03-02 17:50:19,649 [INFO] PluginManager:200 - loadIPPluginJar : add spi
2023-03-02 17:50:19,649 [INFO] IPUIPlugin:64 - create IPUIPlugin
2023-03-02 17:50:19,649 [INFO] PluginManager:200 - loadIPPluginJar : add stm32_wpan
2023-03-02 17:50:19,649 [INFO] IPUIPlugin:64 - create IPUIPlugin
2023-03-02 17:50:19,649 [INFO] PluginManager:200 - loadIPPluginJar : add tim
2023-03-02 17:50:19,649 [INFO] IPUIPlugin:64 - create IPUIPlugin
2023-03-02 17:50:19,649 [INFO] PluginManager:200 - loadIPPluginJar : add touchsensing
2023-03-02 17:50:19,663 [INFO] IPUIPlugin:64 - create IPUIPlugin
2023-03-02 17:50:19,663 [INFO] PluginManager:200 - loadIPPluginJar : add tracer_emb
2023-03-02 17:50:19,663 [INFO] IPUIPlugin:64 - create IPUIPlugin
2023-03-02 17:50:19,663 [INFO] PluginManager:200 - loadIPPluginJar : add ts
2023-03-02 17:50:19,663 [INFO] IPUIPlugin:64 - create IPUIPlugin
2023-03-02 17:50:19,663 [INFO] PluginManager:200 - loadIPPluginJar : add tsc
2023-03-02 17:50:19,663 [INFO] IPUIPlugin:64 - create IPUIPlugin
2023-03-02 17:50:19,663 [INFO] PluginManager:200 - loadIPPluginJar : add ucpd
2023-03-02 17:50:19,678 [INFO] IPUIPlugin:64 - create IPUIPlugin
2023-03-02 17:50:19,678 [INFO] PluginManager:200 - loadIPPluginJar : add usart
2023-03-02 17:50:20,309 [INFO] CubeProgrammer:457 - [DDR PANEL] - PathOfProgrammer: null
2023-03-02 17:50:20,480 [INFO] RetryExec:97 - I/O exception (org.apache.http.NoHttpResponseException) caught when processing request to {s}->https://download.eclipse.org:443: The target server failed to respond
2023-03-02 17:50:20,483 [INFO] RetryExec:113 - Retrying request to {s}->https://download.eclipse.org:443
2023-03-02 17:50:21,131 [FATAL] Updater:282 - Updater called before beeing initialized
2023-03-02 17:50:21,336 [INFO] RetryExec:97 - I/O exception (org.apache.http.NoHttpResponseException) caught when processing request to {s}->https://archive.eclipse.org:443: The target server failed to respond
2023-03-02 17:50:21,336 [INFO] RetryExec:113 - Retrying request to {s}->https://archive.eclipse.org:443
2023-03-02 17:50:21,352 [FATAL] Updater:282 - Updater called before beeing initialized
2023-03-02 17:50:21,352 [WARN] ThirdParty:775 - waiting for thirdparty lock release [close project]
2023-03-02 17:50:21,352 [INFO] ThirdParty:777 - entering critical section [close project]
2023-03-02 17:50:21,367 [INFO] ThirdParty:790 - exiting critical section [close project]
2023-03-02 17:50:21,368 [INFO] PinOutPanel:1418 - setPackage(No Configuration,No Configuration)
2023-03-02 17:50:21,368 [FATAL] Updater:282 - Updater called before beeing initialized
2023-03-02 17:50:21,368 [ERROR] Updater:967 - MainUpdater not yet initialized. External WinMGr cannot be set.
2023-03-02 17:50:21,368 [INFO] CubeProgrammer:457 - [DDR PANEL] - PathOfProgrammer: D:\Online_Emb_Diploma\Installations\ST\STM32CubeIDE_1.4.0\STM32CubeIDE\plugins\com.st.stm32cube.ide.mcu.externaltools.cubeprogrammer.win32_1.4.0.202007081208\tools\bin
2023-03-02 17:50:21,385 [INFO] ProgrammerExecThread:148 - [ProgrammerAPI] CubeProgrammer command construction: D:\Online_Emb_Diploma\Installations\ST\STM32CubeIDE_1.4.0\STM32CubeIDE\plugins\com.st.stm32cube.ide.mcu.externaltools.cubeprogrammer.win32_1.4.0.202007081208\tools\bin\STM32_Programmer_CLI.exe -l
2023-03-02 17:50:21,606 [INFO] MainDdrPanel:49 - [DDR PANEL] SETTER - Set cubeProgrammerPath to: D:\Online_Emb_Diploma\Installations\ST\STM32CubeIDE_1.4.0\STM32CubeIDE\plugins\com.st.stm32cube.ide.mcu.externaltools.cubeprogrammer.win32_1.4.0.202007081208\tools\bin
2023-03-02 17:50:21,642 [INFO] Updater:904 - Updater Version found : 6.0.0
2023-03-02 17:50:21,652 [INFO] ApplicationProperties:181 - Using Application install path: D:\Online_Emb_Diploma\Installations\ST\STM32CubeIDE_1.4.0\STM32CubeIDE\plugins\com.st.stm32cube.common.mx_6.0.0.202007160824
2023-03-02 17:50:21,917 [INFO] MainUpdater:2268 - connection check result : 10
2023-03-02 17:50:21,917 [INFO] MainUpdater:239 - Updater Check For Update Now.
2023-03-02 17:50:21,917 [INFO] MicroXplorer:414 - Change Database Version : DB.6.0.0
2023-03-02 17:50:21,986 [INFO] CheckServerUpdateThread:102 - End of CheckServer Thread
2023-03-02 17:50:22,040 [INFO] MainUpdater:2268 - connection check result : 10
2023-03-02 17:50:22,358 [INFO] RetryExec:97 - I/O exception (org.apache.http.NoHttpResponseException) caught when processing request to {s}->https://download.eclipse.org:443: The target server failed to respond
2023-03-02 17:50:22,358 [INFO] RetryExec:113 - Retrying request to {s}->https://download.eclipse.org:443
2023-03-02 17:50:22,433 [INFO] McuFinderGlobals:40 - Set McuFinder mode to 2 (CubeIDE integrated)
2023-03-02 17:50:22,568 [INFO] CrossSelectorPresenter:1330 - Cross Selector saved comparison directory: C:\Users\admin\.stmcufinder\plugins\mcufinder\mcu\cs_comparisons_mx
2023-03-02 17:50:22,575 [INFO] MultiScanPanel:193 - Auto-refresh data requested => check proxy status ongoing
2023-03-02 17:50:22,580 [INFO] FinderPluginLoader:87 - Searching for filters in installed packs
2023-03-02 17:50:22,581 [INFO] DbMcusXml:100 - Load MCU database from D:\Online_Emb_Diploma\Installations\ST\STM32CubeIDE_1.4.0\STM32CubeIDE\plugins\com.st.stm32cube.common.mx_6.0.0.202007160824\\db\/mcu/families.xml
2023-03-02 17:50:23,236 [INFO] DbMcusJson:92 - JSON generation date=Tue Nov 16 18:17:54 EET 2021 (1637079474)
2023-03-02 17:50:24,248 [INFO] DbMcus:175 - Found 1761 MCUs (1722 are supported by CubeMX, 1911 are visible in CubeMX)
2023-03-02 17:50:24,248 [INFO] ApiDb:201 - Load user favorites file C:\Users\admin/.stm32cubeide/favorites.mcus.txt: 0 item(s)
2023-03-02 17:50:24,248 [INFO] ApiDb:205 - User favorites MCUs=[]
2023-03-02 17:50:24,248 [INFO] DbMcus:187 - Set 0 / 0 favorites MCUs
2023-03-02 17:50:24,739 [INFO] LoadUrlFilesThread:162 - End of LoadServerUrlFiles without Thread
2023-03-02 17:50:24,771 [INFO] DetailPanel:331 - Set advertising image to C:/Users/admin/STM32Cube/Repository/\stm32cubemx-promo_image.jpg
2023-03-02 17:50:24,929 [WARN] IntegrityCheckThread:61 - waiting for thirdparty lock release [integrity check]
2023-03-02 17:50:24,929 [INFO] IntegrityCheckThread:63 - entering critical section [integrity check]
2023-03-02 17:50:25,187 [INFO] McuFilterPanel:245 - Update 0 favorites MCUs
2023-03-02 17:50:25,358 [INFO] DbBoardsPdsc:94 - Found 23 items
2023-03-02 17:50:25,358 [INFO] DbBoardsPdsc:94 - Found 9 items
2023-03-02 17:50:25,358 [INFO] DbBoardsPdsc:94 - Found 29 items
2023-03-02 17:50:25,373 [INFO] DbBoardsPdsc:94 - Found 1 items
2023-03-02 17:50:25,373 [INFO] DbBoardsPdsc:94 - Found 44 items
2023-03-02 17:50:25,389 [INFO] DbBoardsPdsc:94 - Found 40 items
2023-03-02 17:50:25,389 [INFO] DbBoardsPdsc:94 - Found 2 items
2023-03-02 17:50:25,389 [INFO] DbBoardsPdsc:94 - Found 4 items
2023-03-02 17:50:25,404 [WARN] DbBoardsPdsc:258 - Board STM32H7B3I-DK: unknown feature type=Audio, name=, username=Audio stereo codec with Headphone Amp (CS42L51-CNZ), n=1
2023-03-02 17:50:25,404 [WARN] DbBoardsPdsc:258 - Board STM32H735G-DK: unknown feature type=Audio, name=, username=Audio stereo codec with Headphone Amp (WM8994ECS/R), n=1
2023-03-02 17:50:25,404 [WARN] DbBoardsPdsc:258 - Board STM32H7B3I-EVAL: unknown feature type=Audio, name=, username=Multi-Channel Audio Codec (CS42L51-CNZ), n=1
2023-03-02 17:50:25,404 [WARN] DbBoardsPdsc:258 - Board STM32H7B3I-EVAL: unknown feature type=Meter, name=, username=Power-metering and Temperature-monitoring with sigma-delta modulators, n=1
2023-03-02 17:50:25,404 [WARN] DbBoardsPdsc:258 - Board STM32H7B3I-EVAL: unknown feature type=Motor, name=, username=Motor Control, n=1
2023-03-02 17:50:25,452 [INFO] DbBoardsJson:85 - JSON generation date=Tue Nov 16 18:17:54 EET 2021 (1637079474)
2023-03-02 17:50:25,468 [INFO] DbBoards:117 - Found 166 boards (149 are supported by CubeMX)
2023-03-02 17:50:25,468 [INFO] DbBoardsDocs:145 - JSON generation date=Tue Nov 16 18:17:54 EET 2021 (1637079474)
2023-03-02 17:50:25,468 [INFO] DbBoardsDocs:81 - Found 209 boards documents
2023-03-02 17:50:25,468 [WARN] DbBoards:127 - board B-L475E-IOT01A2 has no document id list !
2023-03-02 17:50:25,484 [WARN] DbBoards:127 - board NUCLEO-H743ZI has no document id list !
2023-03-02 17:50:25,484 [WARN] DbBoards:127 - board P-NUCLEO-WB55-Nucleo has no document id list !
2023-03-02 17:50:25,484 [WARN] DbBoards:127 - board P-NUCLEO-WB55-USBDongle has no document id list !
2023-03-02 17:50:25,484 [WARN] DbBoards:127 - board STEVAL-BFA001V1B has no document id list !
2023-03-02 17:50:25,484 [WARN] DbBoards:127 - board STEVAL-BFA001V2B has no document id list !
2023-03-02 17:50:25,484 [WARN] DbBoards:127 - board STEVAL-IDP005V1 has no document id list !
2023-03-02 17:50:25,484 [WARN] DbBoards:127 - board STEVAL-IDP005V2 has no document id list !
2023-03-02 17:50:25,484 [WARN] DbBoards:127 - board STEVAL-MKSBOX1V1 has no document id list !
2023-03-02 17:50:25,484 [WARN] DbBoards:127 - board STEVAL-STWINKT1 has no document id list !
2023-03-02 17:50:25,484 [WARN] DbBoards:127 - board STEVAL-STWINKT1B has no document id list !
2023-03-02 17:50:25,487 [WARN] DbBoards:127 - board STM32439I-EVAL2 has no document id list !
2023-03-02 17:50:25,487 [WARN] DbBoards:127 - board STM32F401C-DISCO has no document id list !
2023-03-02 17:50:25,487 [WARN] DbBoards:127 - board STM32F769I-DISC1 has no document id list !
2023-03-02 17:50:25,487 [WARN] DbBoards:127 - board STM32G474E-EVAL1 has no document id list !
2023-03-02 17:50:25,487 [WARN] DbBoards:127 - board STM32H743I-EVAL2 has no document id list !
2023-03-02 17:50:25,487 [WARN] DbBoards:127 - board STM32H747I-DISC1 has no document id list !
2023-03-02 17:50:25,487 [WARN] DbBoards:127 - board STM32H753I-EVAL2 has no document id list !
2023-03-02 17:50:25,487 [WARN] DbBoards:127 - board STM32L-DISCOVERY has no document id list !
2023-03-02 17:50:25,515 [INFO] ThirdPartyDb:299 - Save Third Party DataBase File (C:/Users/admin/.stm32cubemx/plugins/thirdparty/db/thirdparties_db.xml) [forced]
2023-03-02 17:50:25,610 [ERROR] DbBoards:189 - Image file not found for board B-L462E-CELL1: D:\Online_Emb_Diploma\Installations\ST\STM32CubeIDE_1.4.0\STM32CubeIDE\plugins\com.st.stm32cube.common.mx_6.0.0.202007160824\\db\/plugins/mcufinder/images/boards/B-L462E-CELL1_small.jpg
2023-03-02 17:50:25,628 [INFO] ThirdPartyDb:299 - Save Third Party DataBase File (C:/Users/admin/.stm32cubemx/plugins/thirdparty/db/thirdparties_db.xml) [forced]
2023-03-02 17:50:25,673 [INFO] IntegrityCheckThread:76 - exiting critical section [integrity check]
2023-03-02 17:50:25,673 [INFO] IntegrityCheckThread:79 - End integrity checks thread
2023-03-02 17:50:25,707 [ERROR] DbBoards:189 - Image file not found for board B-U585I-IOT02A: D:\Online_Emb_Diploma\Installations\ST\STM32CubeIDE_1.4.0\STM32CubeIDE\plugins\com.st.stm32cube.common.mx_6.0.0.202007160824\\db\/plugins/mcufinder/images/boards/B-U585I-IOT02A_small.jpg
2023-03-02 17:50:25,832 [ERROR] DbBoards:189 - Image file not found for board NUCLEO-F413ZH: D:\Online_Emb_Diploma\Installations\ST\STM32CubeIDE_1.4.0\STM32CubeIDE\plugins\com.st.stm32cube.common.mx_6.0.0.202007160824\\db\/plugins/mcufinder/images/boards/nucleo-f413zh_small.jpg
2023-03-02 17:50:26,054 [ERROR] DbBoards:189 - Image file not found for board NUCLEO-L552ZE-Q: D:\Online_Emb_Diploma\Installations\ST\STM32CubeIDE_1.4.0\STM32CubeIDE\plugins\com.st.stm32cube.common.mx_6.0.0.202007160824\\db\/plugins/mcufinder/images/boards/nucleo_l552ze_q_small.jpg
2023-03-02 17:50:26,054 [ERROR] DbBoards:189 - Image file not found for board NUCLEO-U575ZI-Q: D:\Online_Emb_Diploma\Installations\ST\STM32CubeIDE_1.4.0\STM32CubeIDE\plugins\com.st.stm32cube.common.mx_6.0.0.202007160824\\db\/plugins/mcufinder/images/boards/nucleo-u575zi-q_small.jpg
2023-03-02 17:50:26,054 [ERROR] DbBoards:189 - Image file not found for board NUCLEO-WB15CC: D:\Online_Emb_Diploma\Installations\ST\STM32CubeIDE_1.4.0\STM32CubeIDE\plugins\com.st.stm32cube.common.mx_6.0.0.202007160824\\db\/plugins/mcufinder/images/boards/nucleo-wb15cc_small.jpg
2023-03-02 17:50:26,054 [ERROR] DbBoards:189 - Image file not found for board NUCLEO-WB55RG: D:\Online_Emb_Diploma\Installations\ST\STM32CubeIDE_1.4.0\STM32CubeIDE\plugins\com.st.stm32cube.common.mx_6.0.0.202007160824\\db\/plugins/mcufinder/images/boards/nucleo-wb55rg_small.jpg
2023-03-02 17:50:26,054 [ERROR] DbBoards:189 - Image file not found for board NUCLEO-WL55JC: D:\Online_Emb_Diploma\Installations\ST\STM32CubeIDE_1.4.0\STM32CubeIDE\plugins\com.st.stm32cube.common.mx_6.0.0.202007160824\\db\/plugins/mcufinder/images/boards/nucleo-wl55jc-small.jpg
2023-03-02 17:50:26,323 [ERROR] DbBoards:189 - Image file not found for board STEVAL-STWINKT1B: D:\Online_Emb_Diploma\Installations\ST\STM32CubeIDE_1.4.0\STM32CubeIDE\plugins\com.st.stm32cube.common.mx_6.0.0.202007160824\\db\/plugins/mcufinder/images/boards/steval-stwinkt1b_small.jpg
2023-03-02 17:50:26,800 [ERROR] DbBoards:189 - Image file not found for board STM32G0C1E-EV: D:\Online_Emb_Diploma\Installations\ST\STM32CubeIDE_1.4.0\STM32CubeIDE\plugins\com.st.stm32cube.common.mx_6.0.0.202007160824\\db\/plugins/mcufinder/images/boards/stm32g0c1e-eval_small.jpg
2023-03-02 17:50:26,990 [ERROR] DbBoards:189 - Image file not found for board STM32H7B3I-EVAL: D:\Online_Emb_Diploma\Installations\ST\STM32CubeIDE_1.4.0\STM32CubeIDE\plugins\com.st.stm32cube.common.mx_6.0.0.202007160824\\db\/plugins/mcufinder/images/boards/stm32h7b3ieval_small.jpg
2023-03-02 17:50:27,273 [ERROR] DbBoards:189 - Image file not found for board STM32U575I-EV: D:\Online_Emb_Diploma\Installations\ST\STM32CubeIDE_1.4.0\STM32CubeIDE\plugins\com.st.stm32cube.common.mx_6.0.0.202007160824\\db\/plugins/mcufinder/images/boards/stm32u575i-ev_small.jpg
2023-03-02 17:50:27,305 [ERROR] DbBoards:189 - Image file not found for board STM32WB5MM-DK: D:\Online_Emb_Diploma\Installations\ST\STM32CubeIDE_1.4.0\STM32CubeIDE\plugins\com.st.stm32cube.common.mx_6.0.0.202007160824\\db\/plugins/mcufinder/images/boards/STM32WB5MM-DK_small.jpg
2023-03-02 17:50:27,305 [INFO] ApiDb:201 - Load user favorites file C:\Users\admin/.stm32cubeide/favorites.boards.txt: 0 item(s)
2023-03-02 17:50:27,305 [INFO] ApiDb:205 - User favorites Boards=[]
2023-03-02 17:50:27,305 [INFO] DbBoards:206 - Set 0 / 0 favorites Boards
2023-03-02 17:53:13,570 [INFO] ApiDb:226 - Save user favorites file C:\Users\admin/.stm32cubeide/favorites.mcus.txt: 0 item(s)
2023-03-02 17:53:13,571 [INFO] ApiDb:230 - User favorites MCUs=[]
2023-03-02 17:53:18,948 [INFO] Activator:178 - 


2023-03-02 17:53:18,948 [INFO] Activator:179 - !SESSION log4j initialized
2023-03-02 17:54:07,196 [INFO] RetryExec:97 - I/O exception (org.apache.http.NoHttpResponseException) caught when processing request to {s}->https://download.eclipse.org:443: The target server failed to respond
2023-03-02 17:54:07,196 [INFO] RetryExec:113 - Retrying request to {s}->https://download.eclipse.org:443
2023-03-02 17:54:08,044 [INFO] RetryExec:97 - I/O exception (org.apache.http.NoHttpResponseException) caught when processing request to {s}->https://archive.eclipse.org:443: The target server failed to respond
2023-03-02 17:54:08,044 [INFO] RetryExec:113 - Retrying request to {s}->https://archive.eclipse.org:443
2023-03-02 17:54:08,956 [INFO] RetryExec:97 - I/O exception (org.apache.http.NoHttpResponseException) caught when processing request to {s}->https://download.eclipse.org:443: The target server failed to respond
2023-03-02 17:54:08,956 [INFO] RetryExec:113 - Retrying request to {s}->https://download.eclipse.org:443
2023-03-02 17:54:38,847 [INFO] ApplicationProperties:181 - Using Application install path: D:\Online_Emb_Diploma\Installations\ST\STM32CubeIDE_1.4.0\STM32CubeIDE\plugins\com.st.stm32cube.common.mx_6.0.0.202007160824
2023-03-02 17:54:38,847 [INFO] DbMcusXml:70 - Set database path to: D:\Online_Emb_Diploma\Installations\ST\STM32CubeIDE_1.4.0\STM32CubeIDE\plugins\com.st.stm32cube.common.mx_6.0.0.202007160824\\db\/mcu/
2023-03-02 17:54:38,863 [INFO] DbBoardsPdsc:56 - Set plugin database path to: D:\Online_Emb_Diploma\Installations\ST\STM32CubeIDE_1.4.0\STM32CubeIDE\plugins\com.st.stm32cube.common.mx_6.0.0.202007160824\\db\/plugins/boardmanager/
2023-03-02 17:54:38,863 [INFO] DbMcus:258 - Set plugin images path to: D:\Online_Emb_Diploma\Installations\ST\STM32CubeIDE_1.4.0\STM32CubeIDE\plugins\com.st.stm32cube.common.mx_6.0.0.202007160824\\db\/plugins/mcufinder/images/
2023-03-02 17:54:38,864 [INFO] DbBoards:264 - Set plugin images path to: D:\Online_Emb_Diploma\Installations\ST\STM32CubeIDE_1.4.0\STM32CubeIDE\plugins\com.st.stm32cube.common.mx_6.0.0.202007160824\\db\/plugins/mcufinder/images/
2023-03-02 17:54:38,864 [INFO] DbExamples:326 - Set plugin images path to: D:\Online_Emb_Diploma\Installations\ST\STM32CubeIDE_1.4.0\STM32CubeIDE\plugins\com.st.stm32cube.common.mx_6.0.0.202007160824\\db\/plugins/mcufinder/images/
2023-03-02 17:54:38,864 [INFO] DbMcusDocs:112 - Set database path to: C:\Users\admin\.stmcufinder\plugins\mcufinder//mcu/
2023-03-02 17:54:38,864 [INFO] DbMcusJson:63 - Set database path to: C:\Users\admin\.stmcufinder\plugins\mcufinder//mcu/
2023-03-02 17:54:38,864 [INFO] DbBoardsDocs:112 - Set database path to: C:\Users\admin\.stmcufinder\plugins\mcufinder//mcu/
2023-03-02 17:54:38,864 [INFO] DbBoardsJson:56 - Set database path to: C:\Users\admin\.stmcufinder\plugins\mcufinder//mcu/
2023-03-02 17:54:38,894 [INFO] CrossReferenceDbSqlite:196 - Set database path to: C:\Users\admin\.stmcufinder\plugins\mcufinder//mcu/cs/
2023-03-02 17:54:38,910 [INFO] DbExamplesSqlite:800 - Set database path to: C:\Users\admin\.stmcufinder\plugins\mcufinder//mcu/
2023-03-02 17:54:38,992 [INFO] RulesReader:52 - Compatibility file has been processed (209 Rules)
2023-03-02 17:54:39,069 [INFO] MicroXplorer:564 - Detected Java Version = 1.8.0_252
2023-03-02 17:54:39,069 [INFO] DbMcusXml:70 - Set database path to: D:\Online_Emb_Diploma\Installations\ST\STM32CubeIDE_1.4.0\STM32CubeIDE\plugins\com.st.stm32cube.common.mx_6.0.0.202007160824\\db\/mcu/
2023-03-02 17:54:39,069 [INFO] DbBoardsPdsc:56 - Set plugin database path to: D:\Online_Emb_Diploma\Installations\ST\STM32CubeIDE_1.4.0\STM32CubeIDE\plugins\com.st.stm32cube.common.mx_6.0.0.202007160824\\db\/plugins/boardmanager/
2023-03-02 17:54:39,069 [INFO] DbMcus:258 - Set plugin images path to: D:\Online_Emb_Diploma\Installations\ST\STM32CubeIDE_1.4.0\STM32CubeIDE\plugins\com.st.stm32cube.common.mx_6.0.0.202007160824\\db\/plugins/mcufinder/images/
2023-03-02 17:54:39,069 [INFO] DbBoards:264 - Set plugin images path to: D:\Online_Emb_Diploma\Installations\ST\STM32CubeIDE_1.4.0\STM32CubeIDE\plugins\com.st.stm32cube.common.mx_6.0.0.202007160824\\db\/plugins/mcufinder/images/
2023-03-02 17:54:39,069 [INFO] DbExamples:326 - Set plugin images path to: D:\Online_Emb_Diploma\Installations\ST\STM32CubeIDE_1.4.0\STM32CubeIDE\plugins\com.st.stm32cube.common.mx_6.0.0.202007160824\\db\/plugins/mcufinder/images/
2023-03-02 17:54:39,069 [WARN] DbFile:36 - Overriding database path with different value: C:\Users\admin\.stmcufinder\plugins\mcufinder/ => C:\Users\admin\.stmcufinder\plugins\mcufinder
2023-03-02 17:54:39,069 [INFO] DbMcusDocs:112 - Set database path to: C:\Users\admin\.stmcufinder\plugins\mcufinder//mcu/
2023-03-02 17:54:39,069 [WARN] DbFile:36 - Overriding database path with different value: C:\Users\admin\.stmcufinder\plugins\mcufinder/ => C:\Users\admin\.stmcufinder\plugins\mcufinder
2023-03-02 17:54:39,069 [INFO] DbMcusJson:63 - Set database path to: C:\Users\admin\.stmcufinder\plugins\mcufinder//mcu/
2023-03-02 17:54:39,069 [WARN] DbFile:36 - Overriding database path with different value: C:\Users\admin\.stmcufinder\plugins\mcufinder/ => C:\Users\admin\.stmcufinder\plugins\mcufinder
2023-03-02 17:54:39,069 [INFO] DbBoardsDocs:112 - Set database path to: C:\Users\admin\.stmcufinder\plugins\mcufinder//mcu/
2023-03-02 17:54:39,069 [WARN] DbFile:36 - Overriding database path with different value: C:\Users\admin\.stmcufinder\plugins\mcufinder/ => C:\Users\admin\.stmcufinder\plugins\mcufinder
2023-03-02 17:54:39,069 [INFO] DbBoardsJson:56 - Set database path to: C:\Users\admin\.stmcufinder\plugins\mcufinder//mcu/
2023-03-02 17:54:39,069 [WARN] DbFile:36 - Overriding database path with different value: C:\Users\admin\.stmcufinder\plugins\mcufinder/ => C:\Users\admin\.stmcufinder\plugins\mcufinder
2023-03-02 17:54:39,069 [WARN] DbFile:36 - Overriding database path with different value: C:\Users\admin\.stmcufinder\plugins\mcufinder/ => C:\Users\admin\.stmcufinder\plugins\mcufinder
2023-03-02 17:54:39,069 [INFO] CrossReferenceDbSqlite:196 - Set database path to: C:\Users\admin\.stmcufinder\plugins\mcufinder//mcu/cs/
2023-03-02 17:54:39,069 [WARN] DbFile:36 - Overriding database path with different value: C:\Users\admin\.stmcufinder\plugins\mcufinder/ => C:\Users\admin\.stmcufinder\plugins\mcufinder
2023-03-02 17:54:39,069 [INFO] DbExamplesSqlite:800 - Set database path to: C:\Users\admin\.stmcufinder\plugins\mcufinder//mcu/
2023-03-02 17:54:39,116 [INFO] MainPanel:189 - HeapMemory: 693108736
2023-03-02 17:54:39,165 [INFO] DbMcusXml:70 - Set database path to: D:\Online_Emb_Diploma\Installations\ST\STM32CubeIDE_1.4.0\STM32CubeIDE\plugins\com.st.stm32cube.common.mx_6.0.0.202007160824\\db\/mcu/
2023-03-02 17:54:39,165 [INFO] DbBoardsPdsc:56 - Set plugin database path to: D:\Online_Emb_Diploma\Installations\ST\STM32CubeIDE_1.4.0\STM32CubeIDE\plugins\com.st.stm32cube.common.mx_6.0.0.202007160824\\db\/plugins/boardmanager/
2023-03-02 17:54:39,165 [INFO] DbMcus:258 - Set plugin images path to: D:\Online_Emb_Diploma\Installations\ST\STM32CubeIDE_1.4.0\STM32CubeIDE\plugins\com.st.stm32cube.common.mx_6.0.0.202007160824\\db\/plugins/mcufinder/images/
2023-03-02 17:54:39,165 [INFO] DbBoards:264 - Set plugin images path to: D:\Online_Emb_Diploma\Installations\ST\STM32CubeIDE_1.4.0\STM32CubeIDE\plugins\com.st.stm32cube.common.mx_6.0.0.202007160824\\db\/plugins/mcufinder/images/
2023-03-02 17:54:39,165 [INFO] DbExamples:326 - Set plugin images path to: D:\Online_Emb_Diploma\Installations\ST\STM32CubeIDE_1.4.0\STM32CubeIDE\plugins\com.st.stm32cube.common.mx_6.0.0.202007160824\\db\/plugins/mcufinder/images/
2023-03-02 17:54:39,165 [WARN] DbFile:36 - Overriding database path with different value: C:\Users\admin\.stmcufinder\plugins\mcufinder/ => C:\Users\admin\.stmcufinder\plugins\mcufinder
2023-03-02 17:54:39,165 [INFO] DbMcusDocs:112 - Set database path to: C:\Users\admin\.stmcufinder\plugins\mcufinder//mcu/
2023-03-02 17:54:39,165 [WARN] DbFile:36 - Overriding database path with different value: C:\Users\admin\.stmcufinder\plugins\mcufinder/ => C:\Users\admin\.stmcufinder\plugins\mcufinder
2023-03-02 17:54:39,165 [INFO] DbMcusJson:63 - Set database path to: C:\Users\admin\.stmcufinder\plugins\mcufinder//mcu/
2023-03-02 17:54:39,165 [WARN] DbFile:36 - Overriding database path with different value: C:\Users\admin\.stmcufinder\plugins\mcufinder/ => C:\Users\admin\.stmcufinder\plugins\mcufinder
2023-03-02 17:54:39,165 [INFO] DbBoardsDocs:112 - Set database path to: C:\Users\admin\.stmcufinder\plugins\mcufinder//mcu/
2023-03-02 17:54:39,165 [WARN] DbFile:36 - Overriding database path with different value: C:\Users\admin\.stmcufinder\plugins\mcufinder/ => C:\Users\admin\.stmcufinder\plugins\mcufinder
2023-03-02 17:54:39,165 [INFO] DbBoardsJson:56 - Set database path to: C:\Users\admin\.stmcufinder\plugins\mcufinder//mcu/
2023-03-02 17:54:39,165 [WARN] DbFile:36 - Overriding database path with different value: C:\Users\admin\.stmcufinder\plugins\mcufinder/ => C:\Users\admin\.stmcufinder\plugins\mcufinder
2023-03-02 17:54:39,165 [WARN] DbFile:36 - Overriding database path with different value: C:\Users\admin\.stmcufinder\plugins\mcufinder/ => C:\Users\admin\.stmcufinder\plugins\mcufinder
2023-03-02 17:54:39,165 [INFO] CrossReferenceDbSqlite:196 - Set database path to: C:\Users\admin\.stmcufinder\plugins\mcufinder//mcu/cs/
2023-03-02 17:54:39,165 [WARN] DbFile:36 - Overriding database path with different value: C:\Users\admin\.stmcufinder\plugins\mcufinder/ => C:\Users\admin\.stmcufinder\plugins\mcufinder
2023-03-02 17:54:39,165 [INFO] DbExamplesSqlite:800 - Set database path to: C:\Users\admin\.stmcufinder\plugins\mcufinder//mcu/
2023-03-02 17:54:39,179 [INFO] ApplicationProperties:181 - Using Application install path: D:\Online_Emb_Diploma\Installations\ST\STM32CubeIDE_1.4.0\STM32CubeIDE\plugins\com.st.stm32cube.common.mx_6.0.0.202007160824
2023-03-02 17:54:39,179 [INFO] PluginManage:178 - Search for loadable plugins [exclusion list=, ]
2023-03-02 17:54:39,179 [INFO] PluginManage:292 - Check plugin analytics
2023-03-02 17:54:50,372 [INFO] AnalyticsPlugin:203 - Accepted Software Licenses: 
2023-03-02 17:54:50,372 [INFO] AnalyticsPlugin:205 - Accepted CMSIS Pack Licenses: 
2023-03-02 17:54:50,372 [INFO] AnalyticsPlugin:207 - Accepted Firmware Licenses: 
2023-03-02 17:54:50,372 [INFO] PluginManage:342 - Loaded plugin analytics (category:tool,tabindex:-1)
2023-03-02 17:54:50,372 [INFO] PluginManage:292 - Check plugin clock
2023-03-02 17:54:50,402 [INFO] PluginManage:342 - Loaded plugin clock (category:base,tabindex:2)
2023-03-02 17:54:50,404 [INFO] PluginManage:292 - Check plugin ddr
2023-03-02 17:54:50,405 [INFO] PluginManage:342 - Loaded plugin ddr (category:tool,tabindex:6)
2023-03-02 17:54:50,405 [INFO] PluginManage:292 - Check plugin filemanager
2023-03-02 17:54:50,675 [INFO] PluginManage:342 - Loaded plugin filemanager (category:base,tabindex:10)
2023-03-02 17:54:50,675 [INFO] PluginManage:292 - Check plugin ipmanager
2023-03-02 17:54:50,689 [INFO] PluginManage:342 - Loaded plugin ipmanager (category:base,tabindex:5)
2023-03-02 17:54:50,690 [INFO] PluginManage:292 - Check plugin pinoutandconfiguration
2023-03-02 17:54:50,690 [INFO] PluginManage:342 - Loaded plugin pinoutandconfiguration (category:base,tabindex:1)
2023-03-02 17:54:50,690 [INFO] PluginManage:292 - Check plugin pinoutconfig
2023-03-02 17:54:50,721 [INFO] PluginManage:342 - Loaded plugin pinoutconfig (category:base,tabindex:0)
2023-03-02 17:54:50,721 [INFO] PluginManage:292 - Check plugin power
2023-03-02 17:54:50,737 [INFO] PluginManage:342 - Loaded plugin power (category:power,tabindex:4)
2023-03-02 17:54:50,737 [INFO] PluginManage:292 - Check plugin projectmanager
2023-03-02 17:54:50,759 [INFO] PluginManage:342 - Loaded plugin projectmanager (category:projectmanager,tabindex:3)
2023-03-02 17:54:50,759 [INFO] PluginManage:292 - Check plugin thirdparty
2023-03-02 17:54:50,848 [INFO] ThirdPartyDb:333 - Open Third Party DataBase File (C:/Users/admin/.stm32cubemx/plugins/thirdparty/db/thirdparties_db.xml) : 47 ms. number of Sw pack : 46
2023-03-02 17:54:50,848 [INFO] PluginManage:342 - Loaded plugin thirdparty (category:base,tabindex:-1)
2023-03-02 17:54:50,848 [INFO] PluginManage:292 - Check plugin tools
2023-03-02 17:54:50,848 [INFO] PluginManage:342 - Loaded plugin tools (category:base,tabindex:7)
2023-03-02 17:54:50,848 [INFO] PluginManage:292 - Check plugin tutovideos
2023-03-02 17:54:51,039 [INFO] PluginManage:342 - Loaded plugin tutovideos (category:base,tabindex:-1)
2023-03-02 17:54:51,039 [INFO] PluginManage:292 - Check plugin updater
2023-03-02 17:54:51,055 [INFO] PluginManage:342 - Loaded plugin updater (category:base,tabindex:12)
2023-03-02 17:54:51,055 [INFO] PluginManage:265 - PluginManage : Loaded plugins [13]
2023-03-02 17:54:51,229 [INFO] PinOutPanel:1418 - setPackage(No Configuration,No Configuration)
2023-03-02 17:54:51,339 [INFO] IPUIPlugin:64 - create IPUIPlugin
2023-03-02 17:54:51,339 [INFO] PluginManager:200 - loadIPPluginJar : add adc
2023-03-02 17:54:51,339 [INFO] IPUIPlugin:64 - create IPUIPlugin
2023-03-02 17:54:51,339 [INFO] PluginManager:200 - loadIPPluginJar : add aes
2023-03-02 17:54:51,339 [INFO] IPUIPlugin:64 - create IPUIPlugin
2023-03-02 17:54:51,355 [INFO] PluginManager:200 - loadIPPluginJar : add can
2023-03-02 17:54:51,355 [INFO] IPUIPlugin:64 - create IPUIPlugin
2023-03-02 17:54:51,355 [INFO] PluginManager:200 - loadIPPluginJar : add comp
2023-03-02 17:54:51,355 [INFO] IPUIPlugin:64 - create IPUIPlugin
2023-03-02 17:54:51,355 [INFO] PluginManager:200 - loadIPPluginJar : add cryp
2023-03-02 17:54:51,355 [INFO] IPUIPlugin:64 - create IPUIPlugin
2023-03-02 17:54:51,355 [INFO] PluginManager:200 - loadIPPluginJar : add dfsdm
2023-03-02 17:54:51,371 [INFO] IPUIPlugin:64 - create IPUIPlugin
2023-03-02 17:54:51,371 [INFO] PluginManager:200 - loadIPPluginJar : add dma
2023-03-02 17:54:51,371 [INFO] IPUIPlugin:64 - create IPUIPlugin
2023-03-02 17:54:51,371 [INFO] PluginManager:200 - loadIPPluginJar : add fatfs
2023-03-02 17:54:51,371 [INFO] IPUIPlugin:64 - create IPUIPlugin
2023-03-02 17:54:51,371 [INFO] PluginManager:200 - loadIPPluginJar : add fmc
2023-03-02 17:54:51,371 [INFO] IPUIPlugin:64 - create IPUIPlugin
2023-03-02 17:54:51,371 [INFO] PluginManager:200 - loadIPPluginJar : add freertos
2023-03-02 17:54:51,387 [INFO] IPUIPlugin:64 - create IPUIPlugin
2023-03-02 17:54:51,387 [INFO] PluginManager:200 - loadIPPluginJar : add genericplugin
2023-03-02 17:54:51,387 [INFO] IPUIPlugin:64 - create IPUIPlugin
2023-03-02 17:54:51,387 [INFO] PluginManager:200 - loadIPPluginJar : add gfxmmu
2023-03-02 17:54:51,391 [INFO] IPUIPlugin:64 - create IPUIPlugin
2023-03-02 17:54:51,391 [INFO] PluginManager:200 - loadIPPluginJar : add gic
2023-03-02 17:54:51,391 [INFO] IPUIPlugin:64 - create IPUIPlugin
2023-03-02 17:54:51,391 [INFO] PluginManager:200 - loadIPPluginJar : add gpio
2023-03-02 17:54:51,391 [INFO] IPUIPlugin:64 - create IPUIPlugin
2023-03-02 17:54:51,391 [INFO] PluginManager:200 - loadIPPluginJar : add gtzc
2023-03-02 17:54:51,404 [INFO] IPUIPlugin:64 - create IPUIPlugin
2023-03-02 17:54:51,404 [INFO] PluginManager:200 - loadIPPluginJar : add hash
2023-03-02 17:54:51,406 [INFO] IPUIPlugin:64 - create IPUIPlugin
2023-03-02 17:54:51,407 [INFO] PluginManager:200 - loadIPPluginJar : add i2c
2023-03-02 17:54:51,409 [INFO] IPUIPlugin:64 - create IPUIPlugin
2023-03-02 17:54:51,409 [INFO] PluginManager:200 - loadIPPluginJar : add i2s
2023-03-02 17:54:51,412 [INFO] IPUIPlugin:64 - create IPUIPlugin
2023-03-02 17:54:51,412 [INFO] PluginManager:200 - loadIPPluginJar : add ipddr
2023-03-02 17:54:51,413 [INFO] IPUIPlugin:64 - create IPUIPlugin
2023-03-02 17:54:51,413 [INFO] PluginManager:200 - loadIPPluginJar : add ltdc
2023-03-02 17:54:51,417 [INFO] IPUIPlugin:64 - create IPUIPlugin
2023-03-02 17:54:51,418 [INFO] PluginManager:200 - loadIPPluginJar : add mdma
2023-03-02 17:54:51,422 [INFO] IPUIPlugin:64 - create IPUIPlugin
2023-03-02 17:54:51,422 [INFO] PluginManager:200 - loadIPPluginJar : add nvic
2023-03-02 17:54:51,424 [INFO] IPUIPlugin:64 - create IPUIPlugin
2023-03-02 17:54:51,425 [INFO] PluginManager:200 - loadIPPluginJar : add opamp
2023-03-02 17:54:51,427 [INFO] IPUIPlugin:64 - create IPUIPlugin
2023-03-02 17:54:51,427 [INFO] PluginManager:200 - loadIPPluginJar : add openamp
2023-03-02 17:54:51,429 [INFO] IPUIPlugin:64 - create IPUIPlugin
2023-03-02 17:54:51,429 [INFO] PluginManager:200 - loadIPPluginJar : add pdm2pcm
2023-03-02 17:54:51,436 [INFO] IPUIPlugin:64 - create IPUIPlugin
2023-03-02 17:54:51,439 [INFO] PluginManager:200 - loadIPPluginJar : add plateformsettings
2023-03-02 17:54:51,441 [INFO] IPUIPlugin:64 - create IPUIPlugin
2023-03-02 17:54:51,441 [INFO] PluginManager:200 - loadIPPluginJar : add quadspi
2023-03-02 17:54:51,445 [INFO] IPUIPlugin:64 - create IPUIPlugin
2023-03-02 17:54:51,445 [INFO] PluginManager:200 - loadIPPluginJar : add resmgrutility
2023-03-02 17:54:51,448 [INFO] IPUIPlugin:64 - create IPUIPlugin
2023-03-02 17:54:51,448 [INFO] PluginManager:200 - loadIPPluginJar : add sai
2023-03-02 17:54:51,450 [INFO] IPUIPlugin:64 - create IPUIPlugin
2023-03-02 17:54:51,451 [INFO] PluginManager:200 - loadIPPluginJar : add spi
2023-03-02 17:54:51,454 [INFO] IPUIPlugin:64 - create IPUIPlugin
2023-03-02 17:54:51,455 [INFO] PluginManager:200 - loadIPPluginJar : add stm32_wpan
2023-03-02 17:54:51,456 [INFO] IPUIPlugin:64 - create IPUIPlugin
2023-03-02 17:54:51,457 [INFO] PluginManager:200 - loadIPPluginJar : add tim
2023-03-02 17:54:51,459 [INFO] IPUIPlugin:64 - create IPUIPlugin
2023-03-02 17:54:51,459 [INFO] PluginManager:200 - loadIPPluginJar : add touchsensing
2023-03-02 17:54:51,461 [INFO] IPUIPlugin:64 - create IPUIPlugin
2023-03-02 17:54:51,461 [INFO] PluginManager:200 - loadIPPluginJar : add tracer_emb
2023-03-02 17:54:51,462 [INFO] IPUIPlugin:64 - create IPUIPlugin
2023-03-02 17:54:51,462 [INFO] PluginManager:200 - loadIPPluginJar : add ts
2023-03-02 17:54:51,463 [INFO] IPUIPlugin:64 - create IPUIPlugin
2023-03-02 17:54:51,463 [INFO] PluginManager:200 - loadIPPluginJar : add tsc
2023-03-02 17:54:51,465 [INFO] IPUIPlugin:64 - create IPUIPlugin
2023-03-02 17:54:51,465 [INFO] PluginManager:200 - loadIPPluginJar : add ucpd
2023-03-02 17:54:51,467 [INFO] IPUIPlugin:64 - create IPUIPlugin
2023-03-02 17:54:51,468 [INFO] PluginManager:200 - loadIPPluginJar : add usart
2023-03-02 17:54:51,893 [INFO] CubeProgrammer:457 - [DDR PANEL] - PathOfProgrammer: null
2023-03-02 17:54:52,801 [FATAL] Updater:282 - Updater called before beeing initialized
2023-03-02 17:54:52,944 [FATAL] Updater:282 - Updater called before beeing initialized
2023-03-02 17:54:52,944 [WARN] ThirdParty:775 - waiting for thirdparty lock release [close project]
2023-03-02 17:54:52,944 [INFO] ThirdParty:777 - entering critical section [close project]
2023-03-02 17:54:52,944 [INFO] ThirdParty:790 - exiting critical section [close project]
2023-03-02 17:54:52,944 [INFO] PinOutPanel:1418 - setPackage(No Configuration,No Configuration)
2023-03-02 17:54:52,944 [FATAL] Updater:282 - Updater called before beeing initialized
2023-03-02 17:54:52,961 [ERROR] Updater:967 - MainUpdater not yet initialized. External WinMGr cannot be set.
2023-03-02 17:54:52,961 [INFO] CubeProgrammer:457 - [DDR PANEL] - PathOfProgrammer: D:\Online_Emb_Diploma\Installations\ST\STM32CubeIDE_1.4.0\STM32CubeIDE\plugins\com.st.stm32cube.ide.mcu.externaltools.cubeprogrammer.win32_1.4.0.202007081208\tools\bin
2023-03-02 17:54:52,961 [INFO] ProgrammerExecThread:148 - [ProgrammerAPI] CubeProgrammer command construction: D:\Online_Emb_Diploma\Installations\ST\STM32CubeIDE_1.4.0\STM32CubeIDE\plugins\com.st.stm32cube.ide.mcu.externaltools.cubeprogrammer.win32_1.4.0.202007081208\tools\bin\STM32_Programmer_CLI.exe -l
2023-03-02 17:54:53,070 [INFO] MainDdrPanel:49 - [DDR PANEL] SETTER - Set cubeProgrammerPath to: D:\Online_Emb_Diploma\Installations\ST\STM32CubeIDE_1.4.0\STM32CubeIDE\plugins\com.st.stm32cube.ide.mcu.externaltools.cubeprogrammer.win32_1.4.0.202007081208\tools\bin
2023-03-02 17:54:53,087 [INFO] Updater:904 - Updater Version found : 6.0.0
2023-03-02 17:54:53,102 [INFO] ApplicationProperties:181 - Using Application install path: D:\Online_Emb_Diploma\Installations\ST\STM32CubeIDE_1.4.0\STM32CubeIDE\plugins\com.st.stm32cube.common.mx_6.0.0.202007160824
2023-03-02 17:54:53,356 [INFO] MainUpdater:2268 - connection check result : 10
2023-03-02 17:54:53,356 [INFO] MainUpdater:239 - Updater Check For Update Now.
2023-03-02 17:54:53,356 [INFO] MicroXplorer:414 - Change Database Version : DB.6.0.0
2023-03-02 17:54:53,420 [INFO] CheckServerUpdateThread:102 - End of CheckServer Thread
2023-03-02 17:54:53,466 [INFO] MainUpdater:2268 - connection check result : 10
2023-03-02 17:54:53,863 [WARN] IntegrityCheckThread:61 - waiting for thirdparty lock release [integrity check]
2023-03-02 17:54:53,863 [INFO] IntegrityCheckThread:63 - entering critical section [integrity check]
2023-03-02 17:54:53,943 [INFO] McuFinderGlobals:40 - Set McuFinder mode to 2 (CubeIDE integrated)
2023-03-02 17:54:54,128 [INFO] CrossSelectorPresenter:1330 - Cross Selector saved comparison directory: C:\Users\admin\.stmcufinder\plugins\mcufinder\mcu\cs_comparisons_mx
2023-03-02 17:54:54,130 [INFO] MultiScanPanel:193 - Auto-refresh data requested => check proxy status ongoing
2023-03-02 17:54:54,130 [INFO] FinderPluginLoader:87 - Searching for filters in installed packs
2023-03-02 17:54:54,130 [INFO] DbMcusXml:100 - Load MCU database from D:\Online_Emb_Diploma\Installations\ST\STM32CubeIDE_1.4.0\STM32CubeIDE\plugins\com.st.stm32cube.common.mx_6.0.0.202007160824\\db\/mcu/families.xml
2023-03-02 17:54:54,395 [INFO] ThirdPartyDb:299 - Save Third Party DataBase File (C:/Users/admin/.stm32cubemx/plugins/thirdparty/db/thirdparties_db.xml) [forced]
2023-03-02 17:54:54,474 [INFO] ThirdPartyDb:299 - Save Third Party DataBase File (C:/Users/admin/.stm32cubemx/plugins/thirdparty/db/thirdparties_db.xml) [forced]
2023-03-02 17:54:54,505 [INFO] IntegrityCheckThread:76 - exiting critical section [integrity check]
2023-03-02 17:54:54,505 [INFO] IntegrityCheckThread:79 - End integrity checks thread
2023-03-02 17:54:55,059 [INFO] DbMcusJson:92 - JSON generation date=Tue Nov 16 18:17:54 EET 2021 (1637079474)
2023-03-02 17:54:55,821 [INFO] DbMcus:175 - Found 1761 MCUs (1722 are supported by CubeMX, 1911 are visible in CubeMX)
2023-03-02 17:54:55,821 [INFO] ApiDb:201 - Load user favorites file C:\Users\admin/.stm32cubeide/favorites.mcus.txt: 0 item(s)
2023-03-02 17:54:55,821 [INFO] ApiDb:205 - User favorites MCUs=[]
2023-03-02 17:54:55,821 [INFO] DbMcus:187 - Set 0 / 0 favorites MCUs
2023-03-02 17:54:56,155 [INFO] LoadUrlFilesThread:162 - End of LoadServerUrlFiles without Thread
2023-03-02 17:54:56,195 [INFO] DetailPanel:331 - Set advertising image to C:/Users/admin/STM32Cube/Repository/\stm32cubemx-promo_image.jpg
2023-03-02 17:54:56,552 [INFO] McuFilterPanel:245 - Update 0 favorites MCUs
2023-03-02 17:54:56,616 [INFO] DbBoardsPdsc:94 - Found 23 items
2023-03-02 17:54:56,616 [INFO] DbBoardsPdsc:94 - Found 9 items
2023-03-02 17:54:56,616 [INFO] DbBoardsPdsc:94 - Found 29 items
2023-03-02 17:54:56,616 [INFO] DbBoardsPdsc:94 - Found 1 items
2023-03-02 17:54:56,616 [INFO] DbBoardsPdsc:94 - Found 44 items
2023-03-02 17:54:56,616 [INFO] DbBoardsPdsc:94 - Found 40 items
2023-03-02 17:54:56,616 [INFO] DbBoardsPdsc:94 - Found 2 items
2023-03-02 17:54:56,632 [INFO] DbBoardsPdsc:94 - Found 4 items
2023-03-02 17:54:56,632 [WARN] DbBoardsPdsc:258 - Board STM32H7B3I-DK: unknown feature type=Audio, name=, username=Audio stereo codec with Headphone Amp (CS42L51-CNZ), n=1
2023-03-02 17:54:56,632 [WARN] DbBoardsPdsc:258 - Board STM32H735G-DK: unknown feature type=Audio, name=, username=Audio stereo codec with Headphone Amp (WM8994ECS/R), n=1
2023-03-02 17:54:56,632 [WARN] DbBoardsPdsc:258 - Board STM32H7B3I-EVAL: unknown feature type=Audio, name=, username=Multi-Channel Audio Codec (CS42L51-CNZ), n=1
2023-03-02 17:54:56,632 [WARN] DbBoardsPdsc:258 - Board STM32H7B3I-EVAL: unknown feature type=Meter, name=, username=Power-metering and Temperature-monitoring with sigma-delta modulators, n=1
2023-03-02 17:54:56,632 [WARN] DbBoardsPdsc:258 - Board STM32H7B3I-EVAL: unknown feature type=Motor, name=, username=Motor Control, n=1
2023-03-02 17:54:56,648 [INFO] DbBoardsJson:85 - JSON generation date=Tue Nov 16 18:17:54 EET 2021 (1637079474)
2023-03-02 17:54:56,648 [INFO] DbBoards:117 - Found 166 boards (149 are supported by CubeMX)
2023-03-02 17:54:56,648 [INFO] DbBoardsDocs:145 - JSON generation date=Tue Nov 16 18:17:54 EET 2021 (1637079474)
2023-03-02 17:54:56,664 [INFO] DbBoardsDocs:81 - Found 209 boards documents
2023-03-02 17:54:56,664 [WARN] DbBoards:127 - board B-L475E-IOT01A2 has no document id list !
2023-03-02 17:54:56,664 [WARN] DbBoards:127 - board NUCLEO-H743ZI has no document id list !
2023-03-02 17:54:56,664 [WARN] DbBoards:127 - board P-NUCLEO-WB55-Nucleo has no document id list !
2023-03-02 17:54:56,664 [WARN] DbBoards:127 - board P-NUCLEO-WB55-USBDongle has no document id list !
2023-03-02 17:54:56,664 [WARN] DbBoards:127 - board STEVAL-BFA001V1B has no document id list !
2023-03-02 17:54:56,664 [WARN] DbBoards:127 - board STEVAL-BFA001V2B has no document id list !
2023-03-02 17:54:56,664 [WARN] DbBoards:127 - board STEVAL-IDP005V1 has no document id list !
2023-03-02 17:54:56,664 [WARN] DbBoards:127 - board STEVAL-IDP005V2 has no document id list !
2023-03-02 17:54:56,664 [WARN] DbBoards:127 - board STEVAL-MKSBOX1V1 has no document id list !
2023-03-02 17:54:56,664 [WARN] DbBoards:127 - board STEVAL-STWINKT1 has no document id list !
2023-03-02 17:54:56,664 [WARN] DbBoards:127 - board STEVAL-STWINKT1B has no document id list !
2023-03-02 17:54:56,664 [WARN] DbBoards:127 - board STM32439I-EVAL2 has no document id list !
2023-03-02 17:54:56,664 [WARN] DbBoards:127 - board STM32F401C-DISCO has no document id list !
2023-03-02 17:54:56,664 [WARN] DbBoards:127 - board STM32F769I-DISC1 has no document id list !
2023-03-02 17:54:56,664 [WARN] DbBoards:127 - board STM32G474E-EVAL1 has no document id list !
2023-03-02 17:54:56,664 [WARN] DbBoards:127 - board STM32H743I-EVAL2 has no document id list !
2023-03-02 17:54:56,664 [WARN] DbBoards:127 - board STM32H747I-DISC1 has no document id list !
2023-03-02 17:54:56,664 [WARN] DbBoards:127 - board STM32H753I-EVAL2 has no document id list !
2023-03-02 17:54:56,664 [WARN] DbBoards:127 - board STM32L-DISCOVERY has no document id list !
2023-03-02 17:54:56,775 [ERROR] DbBoards:189 - Image file not found for board B-L462E-CELL1: D:\Online_Emb_Diploma\Installations\ST\STM32CubeIDE_1.4.0\STM32CubeIDE\plugins\com.st.stm32cube.common.mx_6.0.0.202007160824\\db\/plugins/mcufinder/images/boards/B-L462E-CELL1_small.jpg
2023-03-02 17:54:56,824 [ERROR] DbBoards:189 - Image file not found for board B-U585I-IOT02A: D:\Online_Emb_Diploma\Installations\ST\STM32CubeIDE_1.4.0\STM32CubeIDE\plugins\com.st.stm32cube.common.mx_6.0.0.202007160824\\db\/plugins/mcufinder/images/boards/B-U585I-IOT02A_small.jpg
2023-03-02 17:54:56,896 [ERROR] DbBoards:189 - Image file not found for board NUCLEO-F413ZH: D:\Online_Emb_Diploma\Installations\ST\STM32CubeIDE_1.4.0\STM32CubeIDE\plugins\com.st.stm32cube.common.mx_6.0.0.202007160824\\db\/plugins/mcufinder/images/boards/nucleo-f413zh_small.jpg
2023-03-02 17:54:57,014 [ERROR] DbBoards:189 - Image file not found for board NUCLEO-L552ZE-Q: D:\Online_Emb_Diploma\Installations\ST\STM32CubeIDE_1.4.0\STM32CubeIDE\plugins\com.st.stm32cube.common.mx_6.0.0.202007160824\\db\/plugins/mcufinder/images/boards/nucleo_l552ze_q_small.jpg
2023-03-02 17:54:57,014 [ERROR] DbBoards:189 - Image file not found for board NUCLEO-U575ZI-Q: D:\Online_Emb_Diploma\Installations\ST\STM32CubeIDE_1.4.0\STM32CubeIDE\plugins\com.st.stm32cube.common.mx_6.0.0.202007160824\\db\/plugins/mcufinder/images/boards/nucleo-u575zi-q_small.jpg
2023-03-02 17:54:57,014 [ERROR] DbBoards:189 - Image file not found for board NUCLEO-WB15CC: D:\Online_Emb_Diploma\Installations\ST\STM32CubeIDE_1.4.0\STM32CubeIDE\plugins\com.st.stm32cube.common.mx_6.0.0.202007160824\\db\/plugins/mcufinder/images/boards/nucleo-wb15cc_small.jpg
2023-03-02 17:54:57,014 [ERROR] DbBoards:189 - Image file not found for board NUCLEO-WB55RG: D:\Online_Emb_Diploma\Installations\ST\STM32CubeIDE_1.4.0\STM32CubeIDE\plugins\com.st.stm32cube.common.mx_6.0.0.202007160824\\db\/plugins/mcufinder/images/boards/nucleo-wb55rg_small.jpg
2023-03-02 17:54:57,014 [ERROR] DbBoards:189 - Image file not found for board NUCLEO-WL55JC: D:\Online_Emb_Diploma\Installations\ST\STM32CubeIDE_1.4.0\STM32CubeIDE\plugins\com.st.stm32cube.common.mx_6.0.0.202007160824\\db\/plugins/mcufinder/images/boards/nucleo-wl55jc-small.jpg
2023-03-02 17:54:57,189 [ERROR] DbBoards:189 - Image file not found for board STEVAL-STWINKT1B: D:\Online_Emb_Diploma\Installations\ST\STM32CubeIDE_1.4.0\STM32CubeIDE\plugins\com.st.stm32cube.common.mx_6.0.0.202007160824\\db\/plugins/mcufinder/images/boards/steval-stwinkt1b_small.jpg
2023-03-02 17:54:57,539 [ERROR] DbBoards:189 - Image file not found for board STM32G0C1E-EV: D:\Online_Emb_Diploma\Installations\ST\STM32CubeIDE_1.4.0\STM32CubeIDE\plugins\com.st.stm32cube.common.mx_6.0.0.202007160824\\db\/plugins/mcufinder/images/boards/stm32g0c1e-eval_small.jpg
2023-03-02 17:54:57,616 [ERROR] DbBoards:189 - Image file not found for board STM32H7B3I-EVAL: D:\Online_Emb_Diploma\Installations\ST\STM32CubeIDE_1.4.0\STM32CubeIDE\plugins\com.st.stm32cube.common.mx_6.0.0.202007160824\\db\/plugins/mcufinder/images/boards/stm32h7b3ieval_small.jpg
2023-03-02 17:54:57,773 [ERROR] DbBoards:189 - Image file not found for board STM32U575I-EV: D:\Online_Emb_Diploma\Installations\ST\STM32CubeIDE_1.4.0\STM32CubeIDE\plugins\com.st.stm32cube.common.mx_6.0.0.202007160824\\db\/plugins/mcufinder/images/boards/stm32u575i-ev_small.jpg
2023-03-02 17:54:57,797 [ERROR] DbBoards:189 - Image file not found for board STM32WB5MM-DK: D:\Online_Emb_Diploma\Installations\ST\STM32CubeIDE_1.4.0\STM32CubeIDE\plugins\com.st.stm32cube.common.mx_6.0.0.202007160824\\db\/plugins/mcufinder/images/boards/STM32WB5MM-DK_small.jpg
2023-03-02 17:54:57,797 [INFO] ApiDb:201 - Load user favorites file C:\Users\admin/.stm32cubeide/favorites.boards.txt: 0 item(s)
2023-03-02 17:54:57,797 [INFO] ApiDb:205 - User favorites Boards=[]
2023-03-02 17:54:57,797 [INFO] DbBoards:206 - Set 0 / 0 favorites Boards
2023-03-02 17:55:11,925 [INFO] DbMcusDocs:145 - JSON generation date=Tue Nov 16 18:17:54 EET 2021 (1637079474)
2023-03-02 17:55:12,052 [INFO] DbMcusDocs:81 - Found 682 MCUs documents
2023-03-02 17:55:47,508 [INFO] LogOutputStream:76 - [STDOUT_REDIRECT] withoutVersionV1.8.4
2023-03-02 17:55:47,508 [INFO] LogOutputStream:76 - [STDOUT_REDIRECT] withoutVersionV1.8.3
2023-03-02 17:55:47,508 [INFO] LogOutputStream:76 - [STDOUT_REDIRECT] withoutVersionV1.8.2
2023-03-02 17:55:47,508 [INFO] LogOutputStream:76 - [STDOUT_REDIRECT] withoutVersionV1.8.1
2023-03-02 17:55:47,508 [INFO] LogOutputStream:76 - [STDOUT_REDIRECT] withoutVersionV1.8.0
2023-03-02 17:55:51,446 [INFO] ApiDb:226 - Save user favorites file C:\Users\admin/.stm32cubeide/favorites.mcus.txt: 0 item(s)
2023-03-02 17:55:51,447 [INFO] ApiDb:230 - User favorites MCUs=[]
2023-03-04 19:44:15,124 [INFO] Activator:178 - 


2023-03-04 19:44:15,124 [INFO] Activator:179 - !SESSION log4j initialized
2023-03-04 19:45:14,471 [INFO] RetryExec:97 - I/O exception (org.apache.http.NoHttpResponseException) caught when processing request to {s}->https://download.eclipse.org:443: The target server failed to respond
2023-03-04 19:45:14,471 [INFO] RetryExec:113 - Retrying request to {s}->https://download.eclipse.org:443
2023-03-04 19:45:15,439 [INFO] RetryExec:97 - I/O exception (org.apache.http.NoHttpResponseException) caught when processing request to {s}->https://archive.eclipse.org:443: The target server failed to respond
2023-03-04 19:45:15,439 [INFO] RetryExec:113 - Retrying request to {s}->https://archive.eclipse.org:443
2023-03-04 19:45:16,499 [INFO] RetryExec:97 - I/O exception (org.apache.http.NoHttpResponseException) caught when processing request to {s}->https://download.eclipse.org:443: The target server failed to respond
2023-03-04 19:45:16,499 [INFO] RetryExec:113 - Retrying request to {s}->https://download.eclipse.org:443
2023-03-06 04:22:03,479 [INFO] Activator:178 - 


2023-03-06 04:22:03,485 [INFO] Activator:179 - !SESSION log4j initialized
2023-03-06 04:23:14,424 [INFO] RetryExec:97 - I/O exception (org.apache.http.NoHttpResponseException) caught when processing request to {s}->https://download.eclipse.org:443: The target server failed to respond
2023-03-06 04:23:14,428 [INFO] RetryExec:113 - Retrying request to {s}->https://download.eclipse.org:443
2023-03-06 04:23:15,245 [INFO] RetryExec:97 - I/O exception (org.apache.http.NoHttpResponseException) caught when processing request to {s}->https://archive.eclipse.org:443: The target server failed to respond
2023-03-06 04:23:15,245 [INFO] RetryExec:113 - Retrying request to {s}->https://archive.eclipse.org:443
2023-03-06 04:23:16,234 [INFO] RetryExec:97 - I/O exception (org.apache.http.NoHttpResponseException) caught when processing request to {s}->https://download.eclipse.org:443: The target server failed to respond
2023-03-06 04:23:16,245 [INFO] RetryExec:113 - Retrying request to {s}->https://download.eclipse.org:443
2023-03-06 04:24:43,759 [INFO] Activator:178 - 


2023-03-06 04:24:43,759 [INFO] Activator:179 - !SESSION log4j initialized
2023-03-06 04:25:31,825 [INFO] RetryExec:97 - I/O exception (org.apache.http.NoHttpResponseException) caught when processing request to {s}->https://download.eclipse.org:443: The target server failed to respond
2023-03-06 04:25:31,831 [INFO] RetryExec:113 - Retrying request to {s}->https://download.eclipse.org:443
2023-03-06 04:25:32,706 [INFO] RetryExec:97 - I/O exception (org.apache.http.NoHttpResponseException) caught when processing request to {s}->https://archive.eclipse.org:443: The target server failed to respond
2023-03-06 04:25:32,706 [INFO] RetryExec:113 - Retrying request to {s}->https://archive.eclipse.org:443
2023-03-06 04:25:33,664 [INFO] RetryExec:97 - I/O exception (org.apache.http.NoHttpResponseException) caught when processing request to {s}->https://download.eclipse.org:443: The target server failed to respond
2023-03-06 04:25:33,664 [INFO] RetryExec:113 - Retrying request to {s}->https://download.eclipse.org:443
