2023-03-22 20:24:34,709 [INFO] Activator:178 - 


2023-03-22 20:24:34,724 [INFO] Activator:179 - !SESSION log4j initialized
2023-03-22 20:24:38,844 [INFO] ApplicationProperties:181 - Using Application install path: D:\Online_Emb_Diploma\Installations\ST\STM32CubeIDE_1.4.0\STM32CubeIDE\plugins\com.st.stm32cube.common.mx_6.0.0.202007160824
2023-03-22 20:24:38,859 [INFO] DbMcusXml:70 - Set database path to: D:\Online_Emb_Diploma\Installations\ST\STM32CubeIDE_1.4.0\STM32CubeIDE\plugins\com.st.stm32cube.common.mx_6.0.0.202007160824\\db\/mcu/
2023-03-22 20:24:38,859 [INFO] DbBoardsPdsc:56 - Set plugin database path to: D:\Online_Emb_Diploma\Installations\ST\STM32CubeIDE_1.4.0\STM32CubeIDE\plugins\com.st.stm32cube.common.mx_6.0.0.202007160824\\db\/plugins/boardmanager/
2023-03-22 20:24:38,859 [INFO] DbMcus:258 - Set plugin images path to: D:\Online_Emb_Diploma\Installations\ST\STM32CubeIDE_1.4.0\STM32CubeIDE\plugins\com.st.stm32cube.common.mx_6.0.0.202007160824\\db\/plugins/mcufinder/images/
2023-03-22 20:24:38,859 [INFO] DbBoards:264 - Set plugin images path to: D:\Online_Emb_Diploma\Installations\ST\STM32CubeIDE_1.4.0\STM32CubeIDE\plugins\com.st.stm32cube.common.mx_6.0.0.202007160824\\db\/plugins/mcufinder/images/
2023-03-22 20:24:38,859 [INFO] DbExamples:326 - Set plugin images path to: D:\Online_Emb_Diploma\Installations\ST\STM32CubeIDE_1.4.0\STM32CubeIDE\plugins\com.st.stm32cube.common.mx_6.0.0.202007160824\\db\/plugins/mcufinder/images/
2023-03-22 20:24:38,875 [INFO] DbMcusDocs:112 - Set database path to: C:\Users\admin\.stmcufinder\plugins\mcufinder//mcu/
2023-03-22 20:24:38,875 [INFO] DbMcusJson:63 - Set database path to: C:\Users\admin\.stmcufinder\plugins\mcufinder//mcu/
2023-03-22 20:24:38,875 [INFO] DbBoardsDocs:112 - Set database path to: C:\Users\admin\.stmcufinder\plugins\mcufinder//mcu/
2023-03-22 20:24:38,875 [INFO] DbBoardsJson:56 - Set database path to: C:\Users\admin\.stmcufinder\plugins\mcufinder//mcu/
2023-03-22 20:24:38,875 [INFO] CrossReferenceDbSqlite:196 - Set database path to: C:\Users\admin\.stmcufinder\plugins\mcufinder//mcu/cs/
2023-03-22 20:24:38,875 [INFO] DbExamplesSqlite:800 - Set database path to: C:\Users\admin\.stmcufinder\plugins\mcufinder//mcu/
2023-03-22 20:24:38,977 [INFO] RulesReader:52 - Compatibility file has been processed (209 Rules)
2023-03-22 20:24:39,093 [INFO] MicroXplorer:564 - Detected Java Version = 1.8.0_252
2023-03-22 20:24:39,093 [INFO] DbMcusXml:70 - Set database path to: D:\Online_Emb_Diploma\Installations\ST\STM32CubeIDE_1.4.0\STM32CubeIDE\plugins\com.st.stm32cube.common.mx_6.0.0.202007160824\\db\/mcu/
2023-03-22 20:24:39,093 [INFO] DbBoardsPdsc:56 - Set plugin database path to: D:\Online_Emb_Diploma\Installations\ST\STM32CubeIDE_1.4.0\STM32CubeIDE\plugins\com.st.stm32cube.common.mx_6.0.0.202007160824\\db\/plugins/boardmanager/
2023-03-22 20:24:39,093 [INFO] DbMcus:258 - Set plugin images path to: D:\Online_Emb_Diploma\Installations\ST\STM32CubeIDE_1.4.0\STM32CubeIDE\plugins\com.st.stm32cube.common.mx_6.0.0.202007160824\\db\/plugins/mcufinder/images/
2023-03-22 20:24:39,093 [INFO] DbBoards:264 - Set plugin images path to: D:\Online_Emb_Diploma\Installations\ST\STM32CubeIDE_1.4.0\STM32CubeIDE\plugins\com.st.stm32cube.common.mx_6.0.0.202007160824\\db\/plugins/mcufinder/images/
2023-03-22 20:24:39,093 [INFO] DbExamples:326 - Set plugin images path to: D:\Online_Emb_Diploma\Installations\ST\STM32CubeIDE_1.4.0\STM32CubeIDE\plugins\com.st.stm32cube.common.mx_6.0.0.202007160824\\db\/plugins/mcufinder/images/
2023-03-22 20:24:39,093 [WARN] DbFile:36 - Overriding database path with different value: C:\Users\admin\.stmcufinder\plugins\mcufinder/ => C:\Users\admin\.stmcufinder\plugins\mcufinder
2023-03-22 20:24:39,093 [INFO] DbMcusDocs:112 - Set database path to: C:\Users\admin\.stmcufinder\plugins\mcufinder//mcu/
2023-03-22 20:24:39,093 [WARN] DbFile:36 - Overriding database path with different value: C:\Users\admin\.stmcufinder\plugins\mcufinder/ => C:\Users\admin\.stmcufinder\plugins\mcufinder
2023-03-22 20:24:39,093 [INFO] DbMcusJson:63 - Set database path to: C:\Users\admin\.stmcufinder\plugins\mcufinder//mcu/
2023-03-22 20:24:39,093 [WARN] DbFile:36 - Overriding database path with different value: C:\Users\admin\.stmcufinder\plugins\mcufinder/ => C:\Users\admin\.stmcufinder\plugins\mcufinder
2023-03-22 20:24:39,093 [INFO] DbBoardsDocs:112 - Set database path to: C:\Users\admin\.stmcufinder\plugins\mcufinder//mcu/
2023-03-22 20:24:39,093 [WARN] DbFile:36 - Overriding database path with different value: C:\Users\admin\.stmcufinder\plugins\mcufinder/ => C:\Users\admin\.stmcufinder\plugins\mcufinder
2023-03-22 20:24:39,093 [INFO] DbBoardsJson:56 - Set database path to: C:\Users\admin\.stmcufinder\plugins\mcufinder//mcu/
2023-03-22 20:24:39,093 [WARN] DbFile:36 - Overriding database path with different value: C:\Users\admin\.stmcufinder\plugins\mcufinder/ => C:\Users\admin\.stmcufinder\plugins\mcufinder
2023-03-22 20:24:39,093 [WARN] DbFile:36 - Overriding database path with different value: C:\Users\admin\.stmcufinder\plugins\mcufinder/ => C:\Users\admin\.stmcufinder\plugins\mcufinder
2023-03-22 20:24:39,093 [INFO] CrossReferenceDbSqlite:196 - Set database path to: C:\Users\admin\.stmcufinder\plugins\mcufinder//mcu/cs/
2023-03-22 20:24:39,093 [WARN] DbFile:36 - Overriding database path with different value: C:\Users\admin\.stmcufinder\plugins\mcufinder/ => C:\Users\admin\.stmcufinder\plugins\mcufinder
2023-03-22 20:24:39,093 [INFO] DbExamplesSqlite:800 - Set database path to: C:\Users\admin\.stmcufinder\plugins\mcufinder//mcu/
2023-03-22 20:24:39,187 [INFO] MainPanel:189 - HeapMemory: 268435456
2023-03-22 20:24:39,312 [INFO] DbMcusXml:70 - Set database path to: D:\Online_Emb_Diploma\Installations\ST\STM32CubeIDE_1.4.0\STM32CubeIDE\plugins\com.st.stm32cube.common.mx_6.0.0.202007160824\\db\/mcu/
2023-03-22 20:24:39,312 [INFO] DbBoardsPdsc:56 - Set plugin database path to: D:\Online_Emb_Diploma\Installations\ST\STM32CubeIDE_1.4.0\STM32CubeIDE\plugins\com.st.stm32cube.common.mx_6.0.0.202007160824\\db\/plugins/boardmanager/
2023-03-22 20:24:39,312 [INFO] DbMcus:258 - Set plugin images path to: D:\Online_Emb_Diploma\Installations\ST\STM32CubeIDE_1.4.0\STM32CubeIDE\plugins\com.st.stm32cube.common.mx_6.0.0.202007160824\\db\/plugins/mcufinder/images/
2023-03-22 20:24:39,312 [INFO] DbBoards:264 - Set plugin images path to: D:\Online_Emb_Diploma\Installations\ST\STM32CubeIDE_1.4.0\STM32CubeIDE\plugins\com.st.stm32cube.common.mx_6.0.0.202007160824\\db\/plugins/mcufinder/images/
2023-03-22 20:24:39,312 [INFO] DbExamples:326 - Set plugin images path to: D:\Online_Emb_Diploma\Installations\ST\STM32CubeIDE_1.4.0\STM32CubeIDE\plugins\com.st.stm32cube.common.mx_6.0.0.202007160824\\db\/plugins/mcufinder/images/
2023-03-22 20:24:39,312 [WARN] DbFile:36 - Overriding database path with different value: C:\Users\admin\.stmcufinder\plugins\mcufinder/ => C:\Users\admin\.stmcufinder\plugins\mcufinder
2023-03-22 20:24:39,312 [INFO] DbMcusDocs:112 - Set database path to: C:\Users\admin\.stmcufinder\plugins\mcufinder//mcu/
2023-03-22 20:24:39,312 [WARN] DbFile:36 - Overriding database path with different value: C:\Users\admin\.stmcufinder\plugins\mcufinder/ => C:\Users\admin\.stmcufinder\plugins\mcufinder
2023-03-22 20:24:39,312 [INFO] DbMcusJson:63 - Set database path to: C:\Users\admin\.stmcufinder\plugins\mcufinder//mcu/
2023-03-22 20:24:39,312 [WARN] DbFile:36 - Overriding database path with different value: C:\Users\admin\.stmcufinder\plugins\mcufinder/ => C:\Users\admin\.stmcufinder\plugins\mcufinder
2023-03-22 20:24:39,312 [INFO] DbBoardsDocs:112 - Set database path to: C:\Users\admin\.stmcufinder\plugins\mcufinder//mcu/
2023-03-22 20:24:39,312 [WARN] DbFile:36 - Overriding database path with different value: C:\Users\admin\.stmcufinder\plugins\mcufinder/ => C:\Users\admin\.stmcufinder\plugins\mcufinder
2023-03-22 20:24:39,312 [INFO] DbBoardsJson:56 - Set database path to: C:\Users\admin\.stmcufinder\plugins\mcufinder//mcu/
2023-03-22 20:24:39,312 [WARN] DbFile:36 - Overriding database path with different value: C:\Users\admin\.stmcufinder\plugins\mcufinder/ => C:\Users\admin\.stmcufinder\plugins\mcufinder
2023-03-22 20:24:39,312 [WARN] DbFile:36 - Overriding database path with different value: C:\Users\admin\.stmcufinder\plugins\mcufinder/ => C:\Users\admin\.stmcufinder\plugins\mcufinder
2023-03-22 20:24:39,312 [INFO] CrossReferenceDbSqlite:196 - Set database path to: C:\Users\admin\.stmcufinder\plugins\mcufinder//mcu/cs/
2023-03-22 20:24:39,312 [WARN] DbFile:36 - Overriding database path with different value: C:\Users\admin\.stmcufinder\plugins\mcufinder/ => C:\Users\admin\.stmcufinder\plugins\mcufinder
2023-03-22 20:24:39,312 [INFO] DbExamplesSqlite:800 - Set database path to: C:\Users\admin\.stmcufinder\plugins\mcufinder//mcu/
2023-03-22 20:24:39,328 [INFO] ApplicationProperties:181 - Using Application install path: D:\Online_Emb_Diploma\Installations\ST\STM32CubeIDE_1.4.0\STM32CubeIDE\plugins\com.st.stm32cube.common.mx_6.0.0.202007160824
2023-03-22 20:24:39,328 [INFO] PluginManage:178 - Search for loadable plugins [exclusion list=, ]
2023-03-22 20:24:39,328 [INFO] PluginManage:292 - Check plugin analytics
2023-03-22 20:24:48,240 [INFO] AnalyticsPlugin:203 - Accepted Software Licenses: 
2023-03-22 20:24:48,240 [INFO] AnalyticsPlugin:205 - Accepted CMSIS Pack Licenses: 
2023-03-22 20:24:48,240 [INFO] AnalyticsPlugin:207 - Accepted Firmware Licenses: 
2023-03-22 20:24:48,240 [INFO] PluginManage:342 - Loaded plugin analytics (category:tool,tabindex:-1)
2023-03-22 20:24:48,240 [INFO] PluginManage:292 - Check plugin clock
2023-03-22 20:24:48,255 [INFO] PluginManage:342 - Loaded plugin clock (category:base,tabindex:2)
2023-03-22 20:24:48,271 [INFO] PluginManage:292 - Check plugin ddr
2023-03-22 20:24:48,271 [INFO] PluginManage:342 - Loaded plugin ddr (category:tool,tabindex:6)
2023-03-22 20:24:48,277 [INFO] PluginManage:292 - Check plugin filemanager
2023-03-22 20:24:48,459 [INFO] PluginManage:342 - Loaded plugin filemanager (category:base,tabindex:10)
2023-03-22 20:24:48,462 [INFO] PluginManage:292 - Check plugin ipmanager
2023-03-22 20:24:48,468 [INFO] PluginManage:342 - Loaded plugin ipmanager (category:base,tabindex:5)
2023-03-22 20:24:48,468 [INFO] PluginManage:292 - Check plugin pinoutandconfiguration
2023-03-22 20:24:48,484 [INFO] PluginManage:342 - Loaded plugin pinoutandconfiguration (category:base,tabindex:1)
2023-03-22 20:24:48,484 [INFO] PluginManage:292 - Check plugin pinoutconfig
2023-03-22 20:24:48,524 [INFO] PluginManage:342 - Loaded plugin pinoutconfig (category:base,tabindex:0)
2023-03-22 20:24:48,524 [INFO] PluginManage:292 - Check plugin power
2023-03-22 20:24:48,544 [INFO] PluginManage:342 - Loaded plugin power (category:power,tabindex:4)
2023-03-22 20:24:48,544 [INFO] PluginManage:292 - Check plugin projectmanager
2023-03-22 20:24:48,569 [INFO] PluginManage:342 - Loaded plugin projectmanager (category:projectmanager,tabindex:3)
2023-03-22 20:24:48,569 [INFO] PluginManage:292 - Check plugin thirdparty
2023-03-22 20:24:48,708 [INFO] ThirdPartyDb:333 - Open Third Party DataBase File (C:/Users/admin/.stm32cubemx/plugins/thirdparty/db/thirdparties_db.xml) : 75 ms. number of Sw pack : 48
2023-03-22 20:24:48,711 [INFO] PluginManage:342 - Loaded plugin thirdparty (category:base,tabindex:-1)
2023-03-22 20:24:48,711 [INFO] PluginManage:292 - Check plugin tools
2023-03-22 20:24:48,716 [INFO] PluginManage:342 - Loaded plugin tools (category:base,tabindex:7)
2023-03-22 20:24:48,719 [INFO] PluginManage:292 - Check plugin tutovideos
2023-03-22 20:24:49,066 [INFO] PluginManage:342 - Loaded plugin tutovideos (category:base,tabindex:-1)
2023-03-22 20:24:49,066 [INFO] PluginManage:292 - Check plugin updater
2023-03-22 20:24:49,086 [INFO] PluginManage:342 - Loaded plugin updater (category:base,tabindex:12)
2023-03-22 20:24:49,086 [INFO] PluginManage:265 - PluginManage : Loaded plugins [13]
2023-03-22 20:24:49,391 [INFO] PinOutPanel:1418 - setPackage(No Configuration,No Configuration)
2023-03-22 20:24:49,535 [INFO] IPUIPlugin:64 - create IPUIPlugin
2023-03-22 20:24:49,541 [INFO] PluginManager:200 - loadIPPluginJar : add adc
2023-03-22 20:24:49,544 [INFO] IPUIPlugin:64 - create IPUIPlugin
2023-03-22 20:24:49,544 [INFO] PluginManager:200 - loadIPPluginJar : add aes
2023-03-22 20:24:49,550 [INFO] IPUIPlugin:64 - create IPUIPlugin
2023-03-22 20:24:49,550 [INFO] PluginManager:200 - loadIPPluginJar : add can
2023-03-22 20:24:49,552 [INFO] IPUIPlugin:64 - create IPUIPlugin
2023-03-22 20:24:49,552 [INFO] PluginManager:200 - loadIPPluginJar : add comp
2023-03-22 20:24:49,558 [INFO] IPUIPlugin:64 - create IPUIPlugin
2023-03-22 20:24:49,558 [INFO] PluginManager:200 - loadIPPluginJar : add cryp
2023-03-22 20:24:49,560 [INFO] IPUIPlugin:64 - create IPUIPlugin
2023-03-22 20:24:49,560 [INFO] PluginManager:200 - loadIPPluginJar : add dfsdm
2023-03-22 20:24:49,574 [INFO] IPUIPlugin:64 - create IPUIPlugin
2023-03-22 20:24:49,576 [INFO] PluginManager:200 - loadIPPluginJar : add dma
2023-03-22 20:24:49,577 [INFO] IPUIPlugin:64 - create IPUIPlugin
2023-03-22 20:24:49,577 [INFO] PluginManager:200 - loadIPPluginJar : add fatfs
2023-03-22 20:24:49,585 [INFO] IPUIPlugin:64 - create IPUIPlugin
2023-03-22 20:24:49,585 [INFO] PluginManager:200 - loadIPPluginJar : add fmc
2023-03-22 20:24:49,594 [INFO] IPUIPlugin:64 - create IPUIPlugin
2023-03-22 20:24:49,594 [INFO] PluginManager:200 - loadIPPluginJar : add freertos
2023-03-22 20:24:49,599 [INFO] IPUIPlugin:64 - create IPUIPlugin
2023-03-22 20:24:49,599 [INFO] PluginManager:200 - loadIPPluginJar : add genericplugin
2023-03-22 20:24:49,602 [INFO] IPUIPlugin:64 - create IPUIPlugin
2023-03-22 20:24:49,602 [INFO] PluginManager:200 - loadIPPluginJar : add gfxmmu
2023-03-22 20:24:49,610 [INFO] IPUIPlugin:64 - create IPUIPlugin
2023-03-22 20:24:49,610 [INFO] PluginManager:200 - loadIPPluginJar : add gic
2023-03-22 20:24:49,610 [INFO] IPUIPlugin:64 - create IPUIPlugin
2023-03-22 20:24:49,610 [INFO] PluginManager:200 - loadIPPluginJar : add gpio
2023-03-22 20:24:49,618 [INFO] IPUIPlugin:64 - create IPUIPlugin
2023-03-22 20:24:49,618 [INFO] PluginManager:200 - loadIPPluginJar : add gtzc
2023-03-22 20:24:49,618 [INFO] IPUIPlugin:64 - create IPUIPlugin
2023-03-22 20:24:49,618 [INFO] PluginManager:200 - loadIPPluginJar : add hash
2023-03-22 20:24:49,624 [INFO] IPUIPlugin:64 - create IPUIPlugin
2023-03-22 20:24:49,624 [INFO] PluginManager:200 - loadIPPluginJar : add i2c
2023-03-22 20:24:49,626 [INFO] IPUIPlugin:64 - create IPUIPlugin
2023-03-22 20:24:49,626 [INFO] PluginManager:200 - loadIPPluginJar : add i2s
2023-03-22 20:24:49,633 [INFO] IPUIPlugin:64 - create IPUIPlugin
2023-03-22 20:24:49,635 [INFO] PluginManager:200 - loadIPPluginJar : add ipddr
2023-03-22 20:24:49,635 [INFO] IPUIPlugin:64 - create IPUIPlugin
2023-03-22 20:24:49,635 [INFO] PluginManager:200 - loadIPPluginJar : add ltdc
2023-03-22 20:24:49,643 [INFO] IPUIPlugin:64 - create IPUIPlugin
2023-03-22 20:24:49,643 [INFO] PluginManager:200 - loadIPPluginJar : add mdma
2023-03-22 20:24:49,643 [INFO] IPUIPlugin:64 - create IPUIPlugin
2023-03-22 20:24:49,643 [INFO] PluginManager:200 - loadIPPluginJar : add nvic
2023-03-22 20:24:49,652 [INFO] IPUIPlugin:64 - create IPUIPlugin
2023-03-22 20:24:49,652 [INFO] PluginManager:200 - loadIPPluginJar : add opamp
2023-03-22 20:24:49,657 [INFO] IPUIPlugin:64 - create IPUIPlugin
2023-03-22 20:24:49,660 [INFO] PluginManager:200 - loadIPPluginJar : add openamp
2023-03-22 20:24:49,660 [INFO] IPUIPlugin:64 - create IPUIPlugin
2023-03-22 20:24:49,660 [INFO] PluginManager:200 - loadIPPluginJar : add pdm2pcm
2023-03-22 20:24:49,668 [INFO] IPUIPlugin:64 - create IPUIPlugin
2023-03-22 20:24:49,674 [INFO] PluginManager:200 - loadIPPluginJar : add plateformsettings
2023-03-22 20:24:49,676 [INFO] IPUIPlugin:64 - create IPUIPlugin
2023-03-22 20:24:49,676 [INFO] PluginManager:200 - loadIPPluginJar : add quadspi
2023-03-22 20:24:49,682 [INFO] IPUIPlugin:64 - create IPUIPlugin
2023-03-22 20:24:49,685 [INFO] PluginManager:200 - loadIPPluginJar : add resmgrutility
2023-03-22 20:24:49,685 [INFO] IPUIPlugin:64 - create IPUIPlugin
2023-03-22 20:24:49,685 [INFO] PluginManager:200 - loadIPPluginJar : add sai
2023-03-22 20:24:49,691 [INFO] IPUIPlugin:64 - create IPUIPlugin
2023-03-22 20:24:49,691 [INFO] PluginManager:200 - loadIPPluginJar : add spi
2023-03-22 20:24:49,693 [INFO] IPUIPlugin:64 - create IPUIPlugin
2023-03-22 20:24:49,693 [INFO] PluginManager:200 - loadIPPluginJar : add stm32_wpan
2023-03-22 20:24:49,693 [INFO] IPUIPlugin:64 - create IPUIPlugin
2023-03-22 20:24:49,699 [INFO] PluginManager:200 - loadIPPluginJar : add tim
2023-03-22 20:24:49,701 [INFO] IPUIPlugin:64 - create IPUIPlugin
2023-03-22 20:24:49,701 [INFO] PluginManager:200 - loadIPPluginJar : add touchsensing
2023-03-22 20:24:49,701 [INFO] IPUIPlugin:64 - create IPUIPlugin
2023-03-22 20:24:49,701 [INFO] PluginManager:200 - loadIPPluginJar : add tracer_emb
2023-03-22 20:24:49,707 [INFO] IPUIPlugin:64 - create IPUIPlugin
2023-03-22 20:24:49,707 [INFO] PluginManager:200 - loadIPPluginJar : add ts
2023-03-22 20:24:49,709 [INFO] IPUIPlugin:64 - create IPUIPlugin
2023-03-22 20:24:49,709 [INFO] PluginManager:200 - loadIPPluginJar : add tsc
2023-03-22 20:24:49,709 [INFO] IPUIPlugin:64 - create IPUIPlugin
2023-03-22 20:24:49,709 [INFO] PluginManager:200 - loadIPPluginJar : add ucpd
2023-03-22 20:24:49,709 [INFO] IPUIPlugin:64 - create IPUIPlugin
2023-03-22 20:24:49,709 [INFO] PluginManager:200 - loadIPPluginJar : add usart
2023-03-22 20:24:50,434 [INFO] CubeProgrammer:457 - [DDR PANEL] - PathOfProgrammer: null
2023-03-22 20:24:51,078 [FATAL] Updater:282 - Updater called before beeing initialized
2023-03-22 20:24:51,330 [FATAL] Updater:282 - Updater called before beeing initialized
2023-03-22 20:24:51,330 [WARN] ThirdParty:775 - waiting for thirdparty lock release [close project]
2023-03-22 20:24:51,330 [INFO] ThirdParty:777 - entering critical section [close project]
2023-03-22 20:24:51,330 [INFO] ThirdParty:790 - exiting critical section [close project]
2023-03-22 20:24:51,330 [INFO] PinOutPanel:1418 - setPackage(No Configuration,No Configuration)
2023-03-22 20:24:51,330 [FATAL] Updater:282 - Updater called before beeing initialized
2023-03-22 20:24:51,330 [ERROR] Updater:967 - MainUpdater not yet initialized. External WinMGr cannot be set.
2023-03-22 20:24:51,330 [INFO] CubeProgrammer:457 - [DDR PANEL] - PathOfProgrammer: D:\Online_Emb_Diploma\Installations\ST\STM32CubeIDE_1.4.0\STM32CubeIDE\plugins\com.st.stm32cube.ide.mcu.externaltools.cubeprogrammer.win32_1.4.0.202007081208\tools\bin
2023-03-22 20:24:51,345 [INFO] ProgrammerExecThread:148 - [ProgrammerAPI] CubeProgrammer command construction: D:\Online_Emb_Diploma\Installations\ST\STM32CubeIDE_1.4.0\STM32CubeIDE\plugins\com.st.stm32cube.ide.mcu.externaltools.cubeprogrammer.win32_1.4.0.202007081208\tools\bin\STM32_Programmer_CLI.exe -l
2023-03-22 20:24:54,212 [INFO] MainDdrPanel:49 - [DDR PANEL] SETTER - Set cubeProgrammerPath to: D:\Online_Emb_Diploma\Installations\ST\STM32CubeIDE_1.4.0\STM32CubeIDE\plugins\com.st.stm32cube.ide.mcu.externaltools.cubeprogrammer.win32_1.4.0.202007081208\tools\bin
2023-03-22 20:24:54,228 [INFO] Updater:904 - Updater Version found : 6.0.0
2023-03-22 20:24:54,259 [INFO] ApplicationProperties:181 - Using Application install path: D:\Online_Emb_Diploma\Installations\ST\STM32CubeIDE_1.4.0\STM32CubeIDE\plugins\com.st.stm32cube.common.mx_6.0.0.202007160824
2023-03-22 20:24:54,701 [INFO] MainUpdater:2268 - connection check result : 10
2023-03-22 20:24:54,701 [INFO] MainUpdater:2935 - Updater definition file requires update
2023-03-22 20:24:54,701 [INFO] MainUpdater:239 - Updater Check For Update Now.
2023-03-22 20:24:54,701 [INFO] MicroXplorer:414 - Change Database Version : DB.6.0.0
2023-03-22 20:24:54,733 [WARN] IntegrityCheckThread:61 - waiting for thirdparty lock release [integrity check]
2023-03-22 20:24:54,733 [INFO] IntegrityCheckThread:63 - entering critical section [integrity check]
2023-03-22 20:24:54,733 [WARN] MainUpdater:1087 - Updater busy. Cannot search thirdparties
2023-03-22 20:24:55,180 [INFO] ServerAccessManage:348 - Download File updaters.zip
2023-03-22 20:24:55,329 [INFO] FileExtend:225 - Unzip File : updaters.zip
2023-03-22 20:24:55,329 [INFO] FileExtend:240 - Standard Zip Deflate
2023-03-22 20:24:55,918 [INFO] ServerAccessManage:348 - Download File PacksControlFlags.xml
2023-03-22 20:24:56,108 [INFO] ServerAccessManage:348 - Download File cubemx.pidx
2023-03-22 20:24:56,237 [INFO] LoadServerUpdatesThread:309 - End of LoadServerUpdate Thread
2023-03-22 20:24:56,287 [INFO] CheckServerUpdateThread:102 - End of CheckServer Thread
2023-03-22 20:24:56,360 [INFO] MainUpdater:2268 - connection check result : 10
2023-03-22 20:24:56,862 [INFO] ServerAccessManage:348 - Download File mcusDocs.json._tmp_
2023-03-22 20:24:56,988 [INFO] LoadUrlFilesThread:135 - End of LoadUrlFiles Thread
2023-03-22 20:24:57,053 [INFO] ServerAccessManage:348 - Download File mcusFeaturesAndDescription.json._tmp_
2023-03-22 20:24:57,744 [WARN] MainUpdater:1087 - Updater busy. Cannot search thirdparties
2023-03-22 20:25:00,502 [INFO] LoadUrlFilesThread:135 - End of LoadUrlFiles Thread
2023-03-22 20:25:00,576 [INFO] ServerAccessManage:348 - Download File boardsDocs.json._tmp_
2023-03-22 20:25:00,607 [INFO] LoadUrlFilesThread:135 - End of LoadUrlFiles Thread
2023-03-22 20:25:00,671 [INFO] ServerAccessManage:348 - Download File boards.json._tmp_
2023-03-22 20:25:00,751 [WARN] MainUpdater:1087 - Updater busy. Cannot search thirdparties
2023-03-22 20:25:00,869 [INFO] LoadUrlFilesThread:135 - End of LoadUrlFiles Thread
2023-03-22 20:25:01,227 [INFO] ServerAccessManage:348 - Download File cube-finder-db.zip
2023-03-22 20:25:03,759 [WARN] MainUpdater:1087 - Updater busy. Cannot search thirdparties
2023-03-22 20:25:06,767 [WARN] MainUpdater:1087 - Updater busy. Cannot search thirdparties
2023-03-22 20:25:09,774 [WARN] MainUpdater:1087 - Updater busy. Cannot search thirdparties
2023-03-22 20:25:12,780 [WARN] MainUpdater:1087 - Updater busy. Cannot search thirdparties
2023-03-22 20:25:14,081 [INFO] FileExtend:225 - Unzip File : cube-finder-db.zip
2023-03-22 20:25:14,085 [INFO] FileExtend:240 - Standard Zip Deflate
2023-03-22 20:25:14,901 [INFO] LoadUrlFilesThread:135 - End of LoadUrlFiles Thread
2023-03-22 20:25:15,794 [WARN] MainUpdater:1087 - Updater busy. Cannot search thirdparties
2023-03-22 20:25:15,948 [INFO] ServerAccessManage:348 - Download File crdb.zip
2023-03-22 20:25:16,356 [INFO] FileExtend:225 - Unzip File : crdb.zip
2023-03-22 20:25:16,356 [INFO] FileExtend:240 - Standard Zip Deflate
2023-03-22 20:25:16,379 [INFO] LoadUrlFilesThread:135 - End of LoadUrlFiles Thread
2023-03-22 20:25:16,810 [INFO] ServerAccessManage:348 - Download File tutoVideoDB.zip
2023-03-22 20:25:16,861 [INFO] FileExtend:225 - Unzip File : tutoVideoDB.zip
2023-03-22 20:25:16,869 [INFO] FileExtend:240 - Standard Zip Deflate
2023-03-22 20:25:16,879 [INFO] LoadUrlFilesThread:135 - End of LoadUrlFiles Thread
2023-03-22 20:25:16,917 [INFO] DbMcusDocs:145 - JSON generation date=Tue Nov 16 18:17:54 EET 2021 (1637079474)
2023-03-22 20:25:16,917 [INFO] DbMcusXml:100 - Load MCU database from D:\Online_Emb_Diploma\Installations\ST\STM32CubeIDE_1.4.0\STM32CubeIDE\plugins\com.st.stm32cube.common.mx_6.0.0.202007160824\\db\/mcu/families.xml
2023-03-22 20:25:17,579 [INFO] DbMcusJson:92 - JSON generation date=Tue Nov 16 18:17:54 EET 2021 (1637079474)
2023-03-22 20:25:18,404 [INFO] DbMcus:175 - Found 1761 MCUs (1722 are supported by CubeMX, 1911 are visible in CubeMX)
2023-03-22 20:25:18,404 [INFO] ApiDb:201 - Load user favorites file C:\Users\admin/.stm32cubemx/favorites.mcus.txt: 0 item(s)
2023-03-22 20:25:18,404 [INFO] ApiDb:205 - User favorites MCUs=[]
2023-03-22 20:25:18,404 [INFO] DbMcus:187 - Set 0 / 0 favorites MCUs
2023-03-22 20:25:18,642 [INFO] DbMcusDocs:81 - Found 682 MCUs documents
2023-03-22 20:25:18,642 [INFO] ApiDb:226 - Save user favorites file C:\Users\admin/.stm32cubemx/favorites.mcus.txt: 0 item(s)
2023-03-22 20:25:18,642 [INFO] ApiDb:230 - User favorites MCUs=[]
2023-03-22 20:25:18,642 [INFO] DbMcusXml:100 - Load MCU database from D:\Online_Emb_Diploma\Installations\ST\STM32CubeIDE_1.4.0\STM32CubeIDE\plugins\com.st.stm32cube.common.mx_6.0.0.202007160824\\db\/mcu/families.xml
2023-03-22 20:25:19,148 [INFO] DbMcusJson:92 - JSON generation date=Tue Nov 16 18:17:54 EET 2021 (1637079474)
2023-03-22 20:25:19,323 [INFO] ThirdPartyDb:299 - Save Third Party DataBase File (C:/Users/admin/.stm32cubemx/plugins/thirdparty/db/thirdparties_db.xml) [forced]
2023-03-22 20:25:19,419 [INFO] ThirdPartyDb:299 - Save Third Party DataBase File (C:/Users/admin/.stm32cubemx/plugins/thirdparty/db/thirdparties_db.xml) [forced]
2023-03-22 20:25:19,495 [INFO] IntegrityCheckThread:76 - exiting critical section [integrity check]
2023-03-22 20:25:19,495 [INFO] IntegrityCheckThread:79 - End integrity checks thread
2023-03-22 20:25:19,726 [INFO] DbMcus:175 - Found 1761 MCUs (1722 are supported by CubeMX, 1911 are visible in CubeMX)
2023-03-22 20:25:19,741 [INFO] ApiDb:201 - Load user favorites file C:\Users\admin/.stm32cubemx/favorites.mcus.txt: 0 item(s)
2023-03-22 20:25:19,741 [INFO] ApiDb:205 - User favorites MCUs=[]
2023-03-22 20:25:19,741 [INFO] DbMcus:187 - Set 0 / 0 favorites MCUs
2023-03-22 20:25:19,741 [INFO] DbBoardsDocs:145 - JSON generation date=Tue Nov 16 18:17:54 EET 2021 (1637079474)
2023-03-22 20:25:19,757 [INFO] DbBoardsPdsc:94 - Found 23 items
2023-03-22 20:25:19,773 [INFO] DbBoardsPdsc:94 - Found 9 items
2023-03-22 20:25:19,773 [INFO] DbBoardsPdsc:94 - Found 29 items
2023-03-22 20:25:19,773 [INFO] DbBoardsPdsc:94 - Found 1 items
2023-03-22 20:25:19,773 [INFO] DbBoardsPdsc:94 - Found 44 items
2023-03-22 20:25:19,791 [INFO] DbBoardsPdsc:94 - Found 40 items
2023-03-22 20:25:19,791 [INFO] DbBoardsPdsc:94 - Found 2 items
2023-03-22 20:25:19,791 [INFO] DbBoardsPdsc:94 - Found 4 items
2023-03-22 20:25:19,791 [WARN] DbBoardsPdsc:258 - Board STM32H7B3I-DK: unknown feature type=Audio, name=, username=Audio stereo codec with Headphone Amp (CS42L51-CNZ), n=1
2023-03-22 20:25:19,805 [WARN] DbBoardsPdsc:258 - Board STM32H735G-DK: unknown feature type=Audio, name=, username=Audio stereo codec with Headphone Amp (WM8994ECS/R), n=1
2023-03-22 20:25:19,805 [WARN] DbBoardsPdsc:258 - Board STM32H7B3I-EVAL: unknown feature type=Audio, name=, username=Multi-Channel Audio Codec (CS42L51-CNZ), n=1
2023-03-22 20:25:19,805 [WARN] DbBoardsPdsc:258 - Board STM32H7B3I-EVAL: unknown feature type=Meter, name=, username=Power-metering and Temperature-monitoring with sigma-delta modulators, n=1
2023-03-22 20:25:19,805 [WARN] DbBoardsPdsc:258 - Board STM32H7B3I-EVAL: unknown feature type=Motor, name=, username=Motor Control, n=1
2023-03-22 20:25:19,837 [INFO] DbBoardsJson:85 - JSON generation date=Tue Nov 16 18:17:54 EET 2021 (1637079474)
2023-03-22 20:25:19,853 [INFO] DbBoards:117 - Found 166 boards (149 are supported by CubeMX)
2023-03-22 20:25:19,853 [INFO] DbBoardsDocs:145 - JSON generation date=Tue Nov 16 18:17:54 EET 2021 (1637079474)
2023-03-22 20:25:19,869 [INFO] DbBoardsDocs:81 - Found 209 boards documents
2023-03-22 20:25:19,869 [WARN] DbBoards:127 - board B-L475E-IOT01A2 has no document id list !
2023-03-22 20:25:19,869 [WARN] DbBoards:127 - board NUCLEO-H743ZI has no document id list !
2023-03-22 20:25:19,869 [WARN] DbBoards:127 - board P-NUCLEO-WB55-Nucleo has no document id list !
2023-03-22 20:25:19,869 [WARN] DbBoards:127 - board P-NUCLEO-WB55-USBDongle has no document id list !
2023-03-22 20:25:19,869 [WARN] DbBoards:127 - board STEVAL-BFA001V1B has no document id list !
2023-03-22 20:25:19,869 [WARN] DbBoards:127 - board STEVAL-BFA001V2B has no document id list !
2023-03-22 20:25:19,869 [WARN] DbBoards:127 - board STEVAL-IDP005V1 has no document id list !
2023-03-22 20:25:19,869 [WARN] DbBoards:127 - board STEVAL-IDP005V2 has no document id list !
2023-03-22 20:25:19,869 [WARN] DbBoards:127 - board STEVAL-MKSBOX1V1 has no document id list !
2023-03-22 20:25:19,869 [WARN] DbBoards:127 - board STEVAL-STWINKT1 has no document id list !
2023-03-22 20:25:19,869 [WARN] DbBoards:127 - board STEVAL-STWINKT1B has no document id list !
2023-03-22 20:25:19,869 [WARN] DbBoards:127 - board STM32439I-EVAL2 has no document id list !
2023-03-22 20:25:19,869 [WARN] DbBoards:127 - board STM32F401C-DISCO has no document id list !
2023-03-22 20:25:19,869 [WARN] DbBoards:127 - board STM32F769I-DISC1 has no document id list !
2023-03-22 20:25:19,869 [WARN] DbBoards:127 - board STM32G474E-EVAL1 has no document id list !
2023-03-22 20:25:19,869 [WARN] DbBoards:127 - board STM32H743I-EVAL2 has no document id list !
2023-03-22 20:25:19,869 [WARN] DbBoards:127 - board STM32H747I-DISC1 has no document id list !
2023-03-22 20:25:19,869 [WARN] DbBoards:127 - board STM32H753I-EVAL2 has no document id list !
2023-03-22 20:25:19,869 [WARN] DbBoards:127 - board STM32L-DISCOVERY has no document id list !
2023-03-22 20:25:19,980 [ERROR] DbBoards:189 - Image file not found for board B-L462E-CELL1: D:\Online_Emb_Diploma\Installations\ST\STM32CubeIDE_1.4.0\STM32CubeIDE\plugins\com.st.stm32cube.common.mx_6.0.0.202007160824\\db\/plugins/mcufinder/images/boards/B-L462E-CELL1_small.jpg
2023-03-22 20:25:20,075 [ERROR] DbBoards:189 - Image file not found for board B-U585I-IOT02A: D:\Online_Emb_Diploma\Installations\ST\STM32CubeIDE_1.4.0\STM32CubeIDE\plugins\com.st.stm32cube.common.mx_6.0.0.202007160824\\db\/plugins/mcufinder/images/boards/B-U585I-IOT02A_small.jpg
2023-03-22 20:25:20,170 [ERROR] DbBoards:189 - Image file not found for board NUCLEO-F413ZH: D:\Online_Emb_Diploma\Installations\ST\STM32CubeIDE_1.4.0\STM32CubeIDE\plugins\com.st.stm32cube.common.mx_6.0.0.202007160824\\db\/plugins/mcufinder/images/boards/nucleo-f413zh_small.jpg
2023-03-22 20:25:20,321 [ERROR] DbBoards:189 - Image file not found for board NUCLEO-L552ZE-Q: D:\Online_Emb_Diploma\Installations\ST\STM32CubeIDE_1.4.0\STM32CubeIDE\plugins\com.st.stm32cube.common.mx_6.0.0.202007160824\\db\/plugins/mcufinder/images/boards/nucleo_l552ze_q_small.jpg
2023-03-22 20:25:20,321 [ERROR] DbBoards:189 - Image file not found for board NUCLEO-U575ZI-Q: D:\Online_Emb_Diploma\Installations\ST\STM32CubeIDE_1.4.0\STM32CubeIDE\plugins\com.st.stm32cube.common.mx_6.0.0.202007160824\\db\/plugins/mcufinder/images/boards/nucleo-u575zi-q_small.jpg
2023-03-22 20:25:20,321 [ERROR] DbBoards:189 - Image file not found for board NUCLEO-WB15CC: D:\Online_Emb_Diploma\Installations\ST\STM32CubeIDE_1.4.0\STM32CubeIDE\plugins\com.st.stm32cube.common.mx_6.0.0.202007160824\\db\/plugins/mcufinder/images/boards/nucleo-wb15cc_small.jpg
2023-03-22 20:25:20,321 [ERROR] DbBoards:189 - Image file not found for board NUCLEO-WB55RG: D:\Online_Emb_Diploma\Installations\ST\STM32CubeIDE_1.4.0\STM32CubeIDE\plugins\com.st.stm32cube.common.mx_6.0.0.202007160824\\db\/plugins/mcufinder/images/boards/nucleo-wb55rg_small.jpg
2023-03-22 20:25:20,321 [ERROR] DbBoards:189 - Image file not found for board NUCLEO-WL55JC: D:\Online_Emb_Diploma\Installations\ST\STM32CubeIDE_1.4.0\STM32CubeIDE\plugins\com.st.stm32cube.common.mx_6.0.0.202007160824\\db\/plugins/mcufinder/images/boards/nucleo-wl55jc-small.jpg
2023-03-22 20:25:20,504 [ERROR] DbBoards:189 - Image file not found for board STEVAL-STWINKT1B: D:\Online_Emb_Diploma\Installations\ST\STM32CubeIDE_1.4.0\STM32CubeIDE\plugins\com.st.stm32cube.common.mx_6.0.0.202007160824\\db\/plugins/mcufinder/images/boards/steval-stwinkt1b_small.jpg
2023-03-22 20:25:20,872 [ERROR] DbBoards:189 - Image file not found for board STM32G0C1E-EV: D:\Online_Emb_Diploma\Installations\ST\STM32CubeIDE_1.4.0\STM32CubeIDE\plugins\com.st.stm32cube.common.mx_6.0.0.202007160824\\db\/plugins/mcufinder/images/boards/stm32g0c1e-eval_small.jpg
2023-03-22 20:25:20,964 [ERROR] DbBoards:189 - Image file not found for board STM32H7B3I-EVAL: D:\Online_Emb_Diploma\Installations\ST\STM32CubeIDE_1.4.0\STM32CubeIDE\plugins\com.st.stm32cube.common.mx_6.0.0.202007160824\\db\/plugins/mcufinder/images/boards/stm32h7b3ieval_small.jpg
2023-03-22 20:25:21,181 [ERROR] DbBoards:189 - Image file not found for board STM32U575I-EV: D:\Online_Emb_Diploma\Installations\ST\STM32CubeIDE_1.4.0\STM32CubeIDE\plugins\com.st.stm32cube.common.mx_6.0.0.202007160824\\db\/plugins/mcufinder/images/boards/stm32u575i-ev_small.jpg
2023-03-22 20:25:21,215 [ERROR] DbBoards:189 - Image file not found for board STM32WB5MM-DK: D:\Online_Emb_Diploma\Installations\ST\STM32CubeIDE_1.4.0\STM32CubeIDE\plugins\com.st.stm32cube.common.mx_6.0.0.202007160824\\db\/plugins/mcufinder/images/boards/STM32WB5MM-DK_small.jpg
2023-03-22 20:25:21,215 [INFO] ApiDb:201 - Load user favorites file C:\Users\admin/.stm32cubemx/favorites.boards.txt: 0 item(s)
2023-03-22 20:25:21,215 [INFO] ApiDb:205 - User favorites Boards=[]
2023-03-22 20:25:21,215 [INFO] DbBoards:206 - Set 0 / 0 favorites Boards
2023-03-22 20:25:21,215 [INFO] DbBoardsDocs:81 - Found 418 boards documents
2023-03-22 20:25:21,215 [INFO] ApiDb:226 - Save user favorites file C:\Users\admin/.stm32cubemx/favorites.boards.txt: 0 item(s)
2023-03-22 20:25:21,215 [INFO] ApiDb:230 - User favorites Boards=[]
2023-03-22 20:25:21,221 [INFO] DbBoardsPdsc:94 - Found 23 items
2023-03-22 20:25:21,223 [INFO] DbBoardsPdsc:94 - Found 9 items
2023-03-22 20:25:21,223 [INFO] DbBoardsPdsc:94 - Found 29 items
2023-03-22 20:25:21,223 [INFO] DbBoardsPdsc:94 - Found 1 items
2023-03-22 20:25:21,223 [INFO] DbBoardsPdsc:94 - Found 44 items
2023-03-22 20:25:21,231 [INFO] DbBoardsPdsc:94 - Found 40 items
2023-03-22 20:25:21,231 [INFO] DbBoardsPdsc:94 - Found 2 items
2023-03-22 20:25:21,231 [INFO] DbBoardsPdsc:94 - Found 4 items
2023-03-22 20:25:21,239 [WARN] DbBoardsPdsc:258 - Board STM32H7B3I-DK: unknown feature type=Audio, name=, username=Audio stereo codec with Headphone Amp (CS42L51-CNZ), n=1
2023-03-22 20:25:21,239 [WARN] DbBoardsPdsc:258 - Board STM32H735G-DK: unknown feature type=Audio, name=, username=Audio stereo codec with Headphone Amp (WM8994ECS/R), n=1
2023-03-22 20:25:21,239 [WARN] DbBoardsPdsc:258 - Board STM32H7B3I-EVAL: unknown feature type=Audio, name=, username=Multi-Channel Audio Codec (CS42L51-CNZ), n=1
2023-03-22 20:25:21,239 [WARN] DbBoardsPdsc:258 - Board STM32H7B3I-EVAL: unknown feature type=Meter, name=, username=Power-metering and Temperature-monitoring with sigma-delta modulators, n=1
2023-03-22 20:25:21,239 [WARN] DbBoardsPdsc:258 - Board STM32H7B3I-EVAL: unknown feature type=Motor, name=, username=Motor Control, n=1
2023-03-22 20:25:21,256 [INFO] DbBoardsJson:85 - JSON generation date=Tue Nov 16 18:17:54 EET 2021 (1637079474)
2023-03-22 20:25:21,264 [INFO] DbBoards:117 - Found 166 boards (149 are supported by CubeMX)
2023-03-22 20:25:21,264 [WARN] DbBoards:127 - board B-L475E-IOT01A2 has no document id list !
2023-03-22 20:25:21,264 [WARN] DbBoards:127 - board NUCLEO-H743ZI has no document id list !
2023-03-22 20:25:21,264 [WARN] DbBoards:127 - board P-NUCLEO-WB55-Nucleo has no document id list !
2023-03-22 20:25:21,264 [WARN] DbBoards:127 - board P-NUCLEO-WB55-USBDongle has no document id list !
2023-03-22 20:25:21,264 [WARN] DbBoards:127 - board STEVAL-BFA001V1B has no document id list !
2023-03-22 20:25:21,264 [WARN] DbBoards:127 - board STEVAL-BFA001V2B has no document id list !
2023-03-22 20:25:21,264 [WARN] DbBoards:127 - board STEVAL-IDP005V1 has no document id list !
2023-03-22 20:25:21,264 [WARN] DbBoards:127 - board STEVAL-IDP005V2 has no document id list !
2023-03-22 20:25:21,264 [WARN] DbBoards:127 - board STEVAL-MKSBOX1V1 has no document id list !
2023-03-22 20:25:21,264 [WARN] DbBoards:127 - board STEVAL-STWINKT1 has no document id list !
2023-03-22 20:25:21,264 [WARN] DbBoards:127 - board STEVAL-STWINKT1B has no document id list !
2023-03-22 20:25:21,264 [WARN] DbBoards:127 - board STM32439I-EVAL2 has no document id list !
2023-03-22 20:25:21,264 [WARN] DbBoards:127 - board STM32F401C-DISCO has no document id list !
2023-03-22 20:25:21,264 [WARN] DbBoards:127 - board STM32F769I-DISC1 has no document id list !
2023-03-22 20:25:21,264 [WARN] DbBoards:127 - board STM32G474E-EVAL1 has no document id list !
2023-03-22 20:25:21,264 [WARN] DbBoards:127 - board STM32H743I-EVAL2 has no document id list !
2023-03-22 20:25:21,264 [WARN] DbBoards:127 - board STM32H747I-DISC1 has no document id list !
2023-03-22 20:25:21,264 [WARN] DbBoards:127 - board STM32H753I-EVAL2 has no document id list !
2023-03-22 20:25:21,264 [WARN] DbBoards:127 - board STM32L-DISCOVERY has no document id list !
2023-03-22 20:25:21,289 [ERROR] DbBoards:189 - Image file not found for board B-L462E-CELL1: D:\Online_Emb_Diploma\Installations\ST\STM32CubeIDE_1.4.0\STM32CubeIDE\plugins\com.st.stm32cube.common.mx_6.0.0.202007160824\\db\/plugins/mcufinder/images/boards/B-L462E-CELL1_small.jpg
2023-03-22 20:25:21,314 [ERROR] DbBoards:189 - Image file not found for board B-U585I-IOT02A: D:\Online_Emb_Diploma\Installations\ST\STM32CubeIDE_1.4.0\STM32CubeIDE\plugins\com.st.stm32cube.common.mx_6.0.0.202007160824\\db\/plugins/mcufinder/images/boards/B-U585I-IOT02A_small.jpg
2023-03-22 20:25:21,390 [ERROR] DbBoards:189 - Image file not found for board NUCLEO-F413ZH: D:\Online_Emb_Diploma\Installations\ST\STM32CubeIDE_1.4.0\STM32CubeIDE\plugins\com.st.stm32cube.common.mx_6.0.0.202007160824\\db\/plugins/mcufinder/images/boards/nucleo-f413zh_small.jpg
2023-03-22 20:25:21,531 [ERROR] DbBoards:189 - Image file not found for board NUCLEO-L552ZE-Q: D:\Online_Emb_Diploma\Installations\ST\STM32CubeIDE_1.4.0\STM32CubeIDE\plugins\com.st.stm32cube.common.mx_6.0.0.202007160824\\db\/plugins/mcufinder/images/boards/nucleo_l552ze_q_small.jpg
2023-03-22 20:25:21,531 [ERROR] DbBoards:189 - Image file not found for board NUCLEO-U575ZI-Q: D:\Online_Emb_Diploma\Installations\ST\STM32CubeIDE_1.4.0\STM32CubeIDE\plugins\com.st.stm32cube.common.mx_6.0.0.202007160824\\db\/plugins/mcufinder/images/boards/nucleo-u575zi-q_small.jpg
2023-03-22 20:25:21,531 [ERROR] DbBoards:189 - Image file not found for board NUCLEO-WB15CC: D:\Online_Emb_Diploma\Installations\ST\STM32CubeIDE_1.4.0\STM32CubeIDE\plugins\com.st.stm32cube.common.mx_6.0.0.202007160824\\db\/plugins/mcufinder/images/boards/nucleo-wb15cc_small.jpg
2023-03-22 20:25:21,531 [ERROR] DbBoards:189 - Image file not found for board NUCLEO-WB55RG: D:\Online_Emb_Diploma\Installations\ST\STM32CubeIDE_1.4.0\STM32CubeIDE\plugins\com.st.stm32cube.common.mx_6.0.0.202007160824\\db\/plugins/mcufinder/images/boards/nucleo-wb55rg_small.jpg
2023-03-22 20:25:21,531 [ERROR] DbBoards:189 - Image file not found for board NUCLEO-WL55JC: D:\Online_Emb_Diploma\Installations\ST\STM32CubeIDE_1.4.0\STM32CubeIDE\plugins\com.st.stm32cube.common.mx_6.0.0.202007160824\\db\/plugins/mcufinder/images/boards/nucleo-wl55jc-small.jpg
2023-03-22 20:25:21,639 [ERROR] DbBoards:189 - Image file not found for board STEVAL-STWINKT1B: D:\Online_Emb_Diploma\Installations\ST\STM32CubeIDE_1.4.0\STM32CubeIDE\plugins\com.st.stm32cube.common.mx_6.0.0.202007160824\\db\/plugins/mcufinder/images/boards/steval-stwinkt1b_small.jpg
2023-03-22 20:25:21,907 [ERROR] DbBoards:189 - Image file not found for board STM32G0C1E-EV: D:\Online_Emb_Diploma\Installations\ST\STM32CubeIDE_1.4.0\STM32CubeIDE\plugins\com.st.stm32cube.common.mx_6.0.0.202007160824\\db\/plugins/mcufinder/images/boards/stm32g0c1e-eval_small.jpg
2023-03-22 20:25:21,975 [ERROR] DbBoards:189 - Image file not found for board STM32H7B3I-EVAL: D:\Online_Emb_Diploma\Installations\ST\STM32CubeIDE_1.4.0\STM32CubeIDE\plugins\com.st.stm32cube.common.mx_6.0.0.202007160824\\db\/plugins/mcufinder/images/boards/stm32h7b3ieval_small.jpg
2023-03-22 20:25:22,106 [ERROR] DbBoards:189 - Image file not found for board STM32U575I-EV: D:\Online_Emb_Diploma\Installations\ST\STM32CubeIDE_1.4.0\STM32CubeIDE\plugins\com.st.stm32cube.common.mx_6.0.0.202007160824\\db\/plugins/mcufinder/images/boards/stm32u575i-ev_small.jpg
2023-03-22 20:25:22,122 [ERROR] DbBoards:189 - Image file not found for board STM32WB5MM-DK: D:\Online_Emb_Diploma\Installations\ST\STM32CubeIDE_1.4.0\STM32CubeIDE\plugins\com.st.stm32cube.common.mx_6.0.0.202007160824\\db\/plugins/mcufinder/images/boards/STM32WB5MM-DK_small.jpg
2023-03-22 20:25:22,122 [INFO] ApiDb:201 - Load user favorites file C:\Users\admin/.stm32cubemx/favorites.boards.txt: 0 item(s)
2023-03-22 20:25:22,122 [INFO] ApiDb:205 - User favorites Boards=[]
2023-03-22 20:25:22,122 [INFO] DbBoards:206 - Set 0 / 0 favorites Boards
2023-03-22 20:25:22,247 [INFO] DbExamplesSqlite:156 - SQLite db open (C:\Users\admin\.stmcufinder\plugins\mcufinder\mcu\cube-finder-db.db)
2023-03-22 20:25:23,001 [INFO] DbExamplesSqlite:447 - Ignored 0 examples not supported by CubeIDE
2023-03-22 20:25:23,001 [INFO] DbExamplesSqlite:448 - Found 7328 examples active
2023-03-22 20:25:23,001 [INFO] DbExamplesSqlite:449 - Found 1095 examples obsolete
2023-03-22 20:25:23,001 [INFO] DbExamplesSqlite:450 - Found 0 examples under development
2023-03-22 20:25:23,001 [INFO] DbExamplesSqlite:451 - Found 77 examples not building
2023-03-22 20:25:23,074 [INFO] DbExamplesSqlite:130 - SQLite Data Model version=2.1
2023-03-22 20:25:23,074 [INFO] DbExamplesSqlite:131 - SQLite Configuration version=3.0.35
2023-03-22 20:25:23,074 [INFO] DbExamplesSqlite:132 - SQLite generation date=2023-03-10 (1678456172)
2023-03-22 20:25:23,074 [INFO] DbExamplesSqlite:133 - SQLite FW Pack versions=[FP-ATR-ASTRA1_V1.1.1, STM32Cube_FW_C0_V1.0.1, STM32Cube_FW_F0_V1.11.4, STM32Cube_FW_F3_V1.11.4, STM32Cube_FW_F4_V1.27.1, STM32Cube_FW_F7_V1.17.0, STM32Cube_FW_G0_V1.6.1, STM32Cube_FW_G4_V1.5.1, STM32Cube_FW_H5_V0.5.1, STM32Cube_FW_H5_V1.0.0, STM32Cube_FW_H7_V1.11.0, STM32Cube_FW_L0_V1.12.2, STM32Cube_FW_L5_V1.5.0, STM32Cube_FW_U5_V1.2.0, STM32Cube_FW_WBA_V1.0.0, STM32Cube_FW_WBA_V1.0.0RC1, STM32Cube_FW_WBA_V1.0.0RC3, STM32Cube_FW_WB_V1.15.0RC1, STM32Cube_FW_WB_V1.16.0, STM32Cube_FW_WB_V1.16.0RC2, STM32Cube_FW_WL_V1.3.0, X-CUBE-ALGOBUILD_V1.3.0, X-CUBE-ALS_V1.0.1, X-CUBE-AZRTOS-F4_V1.1.0, X-CUBE-AZRTOS-F7_V1.1.0, X-CUBE-AZRTOS-G0_V1.1.0, X-CUBE-AZRTOS-G4_V1.0.0, X-CUBE-AZRTOS-H7_V3.0.0, X-CUBE-AZRTOS-L4_V1.0.0, X-CUBE-AZRTOS-L5_V1.1.0, X-CUBE-AZRTOS-WB_V1.1.0, X-CUBE-AZRTOS-WL_V1.0.0, X-CUBE-BLE1_V6.2.4, X-CUBE-BLE2_V3.3.0, X-CUBE-BLEMGR_V1.3.0, X-CUBE-EEPRMA1_V4.1.0, X-CUBE-GNSS1_V6.0.0, X-CUBE-MEMS1_V9.1.0, X-CUBE-MEMS1_V9.4.0, X-CUBE-MEMS1_V9.5.0, X-CUBE-NFC4_V3.0.0, X-CUBE-NFC7_V1.0.0, X-CUBE-SFXS2LP1_V4.0.0, X-CUBE-SUBG2_V5.0.0]
2023-03-22 20:25:23,074 [INFO] DbExamples:123 - Found 7405 examples
2023-03-22 20:25:23,405 [ERROR] DbExamples:199 - Found 7405 examples with invalid data (board or MCU)
2023-03-22 20:25:23,405 [INFO] DbExamples:215 - Found 77 boards with related examples
2023-03-22 20:25:23,405 [INFO] DbExamples:228 - Found 0 MCUs with related examples
2023-03-22 20:25:23,429 [INFO] ApiDb:192 - User favorites file not found: C:\Users\admin/.stm32cubemx/favorites.examples.txt
2023-03-22 20:25:23,429 [INFO] DbExamples:249 - Set 0 / 0 favorites Examples
2023-03-22 20:25:23,591 [INFO] McuFinderGlobals:40 - Set McuFinder mode to 2 (CubeIDE integrated)
2023-03-22 20:25:23,741 [INFO] CrossSelectorPresenter:1330 - Cross Selector saved comparison directory: C:\Users\admin\.stmcufinder\plugins\mcufinder\mcu\cs_comparisons_mx
2023-03-22 20:25:23,757 [INFO] MultiScanPanel:193 - Auto-refresh data requested => check proxy status ongoing
2023-03-22 20:25:23,757 [INFO] FinderPluginLoader:87 - Searching for filters in installed packs
2023-03-22 20:25:24,197 [INFO] LoadUrlFilesThread:162 - End of LoadServerUrlFiles without Thread
2023-03-22 20:25:24,211 [INFO] DetailPanel:331 - Set advertising image to C:/Users/admin/STM32Cube/Repository/\stm32cubemx-promo_image.jpg
2023-03-22 20:25:24,606 [INFO] McuFilterPanel:245 - Update 0 favorites MCUs
2023-03-22 20:25:31,725 [INFO] RetryExec:97 - I/O exception (org.apache.http.NoHttpResponseException) caught when processing request to {s}->https://download.eclipse.org:443: The target server failed to respond
2023-03-22 20:25:31,733 [INFO] RetryExec:113 - Retrying request to {s}->https://download.eclipse.org:443
2023-03-22 20:25:32,615 [INFO] RetryExec:97 - I/O exception (org.apache.http.NoHttpResponseException) caught when processing request to {s}->https://archive.eclipse.org:443: The target server failed to respond
2023-03-22 20:25:32,617 [INFO] RetryExec:113 - Retrying request to {s}->https://archive.eclipse.org:443
2023-03-22 20:26:17,103 [INFO] LogOutputStream:76 - [STDOUT_REDIRECT] withoutVersionV1.8.4
2023-03-22 20:26:17,103 [INFO] LogOutputStream:76 - [STDOUT_REDIRECT] withoutVersionV1.8.3
2023-03-22 20:26:17,103 [INFO] LogOutputStream:76 - [STDOUT_REDIRECT] withoutVersionV1.8.2
2023-03-22 20:26:17,103 [INFO] LogOutputStream:76 - [STDOUT_REDIRECT] withoutVersionV1.8.1
2023-03-22 20:26:17,103 [INFO] LogOutputStream:76 - [STDOUT_REDIRECT] withoutVersionV1.8.0
2023-03-22 20:26:22,517 [INFO] ApiDb:226 - Save user favorites file C:\Users\admin/.stm32cubeide/favorites.mcus.txt: 0 item(s)
2023-03-22 20:26:22,517 [INFO] ApiDb:230 - User favorites MCUs=[]
2023-03-22 20:32:17,602 [INFO] Activator:178 - 


2023-03-22 20:32:17,602 [INFO] Activator:179 - !SESSION log4j initialized
2023-03-22 20:33:12,131 [INFO] RetryExec:97 - I/O exception (org.apache.http.NoHttpResponseException) caught when processing request to {s}->https://download.eclipse.org:443: The target server failed to respond
2023-03-22 20:33:12,131 [INFO] RetryExec:113 - Retrying request to {s}->https://download.eclipse.org:443
2023-03-22 20:33:12,953 [INFO] RetryExec:97 - I/O exception (org.apache.http.NoHttpResponseException) caught when processing request to {s}->https://archive.eclipse.org:443: The target server failed to respond
2023-03-22 20:33:12,953 [INFO] RetryExec:113 - Retrying request to {s}->https://archive.eclipse.org:443
2023-03-22 20:33:13,865 [INFO] RetryExec:97 - I/O exception (org.apache.http.NoHttpResponseException) caught when processing request to {s}->https://download.eclipse.org:443: The target server failed to respond
2023-03-22 20:33:13,865 [INFO] RetryExec:113 - Retrying request to {s}->https://download.eclipse.org:443
