2023-03-15 14:04:01,219 [INFO] Activator:178 - 


2023-03-15 14:04:01,235 [INFO] Activator:179 - !SESSION log4j initialized
2023-03-15 14:04:06,272 [INFO] ApplicationProperties:181 - Using Application install path: D:\Online_Emb_Diploma\Installations\ST\STM32CubeIDE_1.4.0\STM32CubeIDE\plugins\com.st.stm32cube.common.mx_6.0.0.202007160824
2023-03-15 14:04:06,285 [INFO] DbMcusXml:70 - Set database path to: D:\Online_Emb_Diploma\Installations\ST\STM32CubeIDE_1.4.0\STM32CubeIDE\plugins\com.st.stm32cube.common.mx_6.0.0.202007160824\\db\/mcu/
2023-03-15 14:04:06,285 [INFO] DbBoardsPdsc:56 - Set plugin database path to: D:\Online_Emb_Diploma\Installations\ST\STM32CubeIDE_1.4.0\STM32CubeIDE\plugins\com.st.stm32cube.common.mx_6.0.0.202007160824\\db\/plugins/boardmanager/
2023-03-15 14:04:06,285 [INFO] DbMcus:258 - Set plugin images path to: D:\Online_Emb_Diploma\Installations\ST\STM32CubeIDE_1.4.0\STM32CubeIDE\plugins\com.st.stm32cube.common.mx_6.0.0.202007160824\\db\/plugins/mcufinder/images/
2023-03-15 14:04:06,285 [INFO] DbBoards:264 - Set plugin images path to: D:\Online_Emb_Diploma\Installations\ST\STM32CubeIDE_1.4.0\STM32CubeIDE\plugins\com.st.stm32cube.common.mx_6.0.0.202007160824\\db\/plugins/mcufinder/images/
2023-03-15 14:04:06,285 [INFO] DbExamples:326 - Set plugin images path to: D:\Online_Emb_Diploma\Installations\ST\STM32CubeIDE_1.4.0\STM32CubeIDE\plugins\com.st.stm32cube.common.mx_6.0.0.202007160824\\db\/plugins/mcufinder/images/
2023-03-15 14:04:06,298 [INFO] DbMcusDocs:112 - Set database path to: C:\Users\admin\.stmcufinder\plugins\mcufinder//mcu/
2023-03-15 14:04:06,298 [INFO] DbMcusJson:63 - Set database path to: C:\Users\admin\.stmcufinder\plugins\mcufinder//mcu/
2023-03-15 14:04:06,298 [INFO] DbBoardsDocs:112 - Set database path to: C:\Users\admin\.stmcufinder\plugins\mcufinder//mcu/
2023-03-15 14:04:06,298 [INFO] DbBoardsJson:56 - Set database path to: C:\Users\admin\.stmcufinder\plugins\mcufinder//mcu/
2023-03-15 14:04:06,298 [INFO] CrossReferenceDbSqlite:196 - Set database path to: C:\Users\admin\.stmcufinder\plugins\mcufinder//mcu/cs/
2023-03-15 14:04:06,313 [INFO] DbExamplesSqlite:800 - Set database path to: C:\Users\admin\.stmcufinder\plugins\mcufinder//mcu/
2023-03-15 14:04:06,410 [INFO] RulesReader:52 - Compatibility file has been processed (209 Rules)
2023-03-15 14:04:06,534 [INFO] MicroXplorer:564 - Detected Java Version = 1.8.0_252
2023-03-15 14:04:06,534 [INFO] DbMcusXml:70 - Set database path to: D:\Online_Emb_Diploma\Installations\ST\STM32CubeIDE_1.4.0\STM32CubeIDE\plugins\com.st.stm32cube.common.mx_6.0.0.202007160824\\db\/mcu/
2023-03-15 14:04:06,534 [INFO] DbBoardsPdsc:56 - Set plugin database path to: D:\Online_Emb_Diploma\Installations\ST\STM32CubeIDE_1.4.0\STM32CubeIDE\plugins\com.st.stm32cube.common.mx_6.0.0.202007160824\\db\/plugins/boardmanager/
2023-03-15 14:04:06,534 [INFO] DbMcus:258 - Set plugin images path to: D:\Online_Emb_Diploma\Installations\ST\STM32CubeIDE_1.4.0\STM32CubeIDE\plugins\com.st.stm32cube.common.mx_6.0.0.202007160824\\db\/plugins/mcufinder/images/
2023-03-15 14:04:06,534 [INFO] DbBoards:264 - Set plugin images path to: D:\Online_Emb_Diploma\Installations\ST\STM32CubeIDE_1.4.0\STM32CubeIDE\plugins\com.st.stm32cube.common.mx_6.0.0.202007160824\\db\/plugins/mcufinder/images/
2023-03-15 14:04:06,534 [INFO] DbExamples:326 - Set plugin images path to: D:\Online_Emb_Diploma\Installations\ST\STM32CubeIDE_1.4.0\STM32CubeIDE\plugins\com.st.stm32cube.common.mx_6.0.0.202007160824\\db\/plugins/mcufinder/images/
2023-03-15 14:04:06,534 [WARN] DbFile:36 - Overriding database path with different value: C:\Users\admin\.stmcufinder\plugins\mcufinder/ => C:\Users\admin\.stmcufinder\plugins\mcufinder
2023-03-15 14:04:06,534 [INFO] DbMcusDocs:112 - Set database path to: C:\Users\admin\.stmcufinder\plugins\mcufinder//mcu/
2023-03-15 14:04:06,534 [WARN] DbFile:36 - Overriding database path with different value: C:\Users\admin\.stmcufinder\plugins\mcufinder/ => C:\Users\admin\.stmcufinder\plugins\mcufinder
2023-03-15 14:04:06,534 [INFO] DbMcusJson:63 - Set database path to: C:\Users\admin\.stmcufinder\plugins\mcufinder//mcu/
2023-03-15 14:04:06,534 [WARN] DbFile:36 - Overriding database path with different value: C:\Users\admin\.stmcufinder\plugins\mcufinder/ => C:\Users\admin\.stmcufinder\plugins\mcufinder
2023-03-15 14:04:06,534 [INFO] DbBoardsDocs:112 - Set database path to: C:\Users\admin\.stmcufinder\plugins\mcufinder//mcu/
2023-03-15 14:04:06,534 [WARN] DbFile:36 - Overriding database path with different value: C:\Users\admin\.stmcufinder\plugins\mcufinder/ => C:\Users\admin\.stmcufinder\plugins\mcufinder
2023-03-15 14:04:06,534 [INFO] DbBoardsJson:56 - Set database path to: C:\Users\admin\.stmcufinder\plugins\mcufinder//mcu/
2023-03-15 14:04:06,534 [WARN] DbFile:36 - Overriding database path with different value: C:\Users\admin\.stmcufinder\plugins\mcufinder/ => C:\Users\admin\.stmcufinder\plugins\mcufinder
2023-03-15 14:04:06,534 [WARN] DbFile:36 - Overriding database path with different value: C:\Users\admin\.stmcufinder\plugins\mcufinder/ => C:\Users\admin\.stmcufinder\plugins\mcufinder
2023-03-15 14:04:06,534 [INFO] CrossReferenceDbSqlite:196 - Set database path to: C:\Users\admin\.stmcufinder\plugins\mcufinder//mcu/cs/
2023-03-15 14:04:06,534 [WARN] DbFile:36 - Overriding database path with different value: C:\Users\admin\.stmcufinder\plugins\mcufinder/ => C:\Users\admin\.stmcufinder\plugins\mcufinder
2023-03-15 14:04:06,534 [INFO] DbExamplesSqlite:800 - Set database path to: C:\Users\admin\.stmcufinder\plugins\mcufinder//mcu/
2023-03-15 14:04:06,597 [INFO] MainPanel:189 - HeapMemory: 268435456
2023-03-15 14:04:06,723 [INFO] DbMcusXml:70 - Set database path to: D:\Online_Emb_Diploma\Installations\ST\STM32CubeIDE_1.4.0\STM32CubeIDE\plugins\com.st.stm32cube.common.mx_6.0.0.202007160824\\db\/mcu/
2023-03-15 14:04:06,723 [INFO] DbBoardsPdsc:56 - Set plugin database path to: D:\Online_Emb_Diploma\Installations\ST\STM32CubeIDE_1.4.0\STM32CubeIDE\plugins\com.st.stm32cube.common.mx_6.0.0.202007160824\\db\/plugins/boardmanager/
2023-03-15 14:04:06,723 [INFO] DbMcus:258 - Set plugin images path to: D:\Online_Emb_Diploma\Installations\ST\STM32CubeIDE_1.4.0\STM32CubeIDE\plugins\com.st.stm32cube.common.mx_6.0.0.202007160824\\db\/plugins/mcufinder/images/
2023-03-15 14:04:06,723 [INFO] DbBoards:264 - Set plugin images path to: D:\Online_Emb_Diploma\Installations\ST\STM32CubeIDE_1.4.0\STM32CubeIDE\plugins\com.st.stm32cube.common.mx_6.0.0.202007160824\\db\/plugins/mcufinder/images/
2023-03-15 14:04:06,723 [INFO] DbExamples:326 - Set plugin images path to: D:\Online_Emb_Diploma\Installations\ST\STM32CubeIDE_1.4.0\STM32CubeIDE\plugins\com.st.stm32cube.common.mx_6.0.0.202007160824\\db\/plugins/mcufinder/images/
2023-03-15 14:04:06,723 [WARN] DbFile:36 - Overriding database path with different value: C:\Users\admin\.stmcufinder\plugins\mcufinder/ => C:\Users\admin\.stmcufinder\plugins\mcufinder
2023-03-15 14:04:06,723 [INFO] DbMcusDocs:112 - Set database path to: C:\Users\admin\.stmcufinder\plugins\mcufinder//mcu/
2023-03-15 14:04:06,723 [WARN] DbFile:36 - Overriding database path with different value: C:\Users\admin\.stmcufinder\plugins\mcufinder/ => C:\Users\admin\.stmcufinder\plugins\mcufinder
2023-03-15 14:04:06,723 [INFO] DbMcusJson:63 - Set database path to: C:\Users\admin\.stmcufinder\plugins\mcufinder//mcu/
2023-03-15 14:04:06,723 [WARN] DbFile:36 - Overriding database path with different value: C:\Users\admin\.stmcufinder\plugins\mcufinder/ => C:\Users\admin\.stmcufinder\plugins\mcufinder
2023-03-15 14:04:06,723 [INFO] DbBoardsDocs:112 - Set database path to: C:\Users\admin\.stmcufinder\plugins\mcufinder//mcu/
2023-03-15 14:04:06,723 [WARN] DbFile:36 - Overriding database path with different value: C:\Users\admin\.stmcufinder\plugins\mcufinder/ => C:\Users\admin\.stmcufinder\plugins\mcufinder
2023-03-15 14:04:06,723 [INFO] DbBoardsJson:56 - Set database path to: C:\Users\admin\.stmcufinder\plugins\mcufinder//mcu/
2023-03-15 14:04:06,723 [WARN] DbFile:36 - Overriding database path with different value: C:\Users\admin\.stmcufinder\plugins\mcufinder/ => C:\Users\admin\.stmcufinder\plugins\mcufinder
2023-03-15 14:04:06,723 [WARN] DbFile:36 - Overriding database path with different value: C:\Users\admin\.stmcufinder\plugins\mcufinder/ => C:\Users\admin\.stmcufinder\plugins\mcufinder
2023-03-15 14:04:06,723 [INFO] CrossReferenceDbSqlite:196 - Set database path to: C:\Users\admin\.stmcufinder\plugins\mcufinder//mcu/cs/
2023-03-15 14:04:06,723 [WARN] DbFile:36 - Overriding database path with different value: C:\Users\admin\.stmcufinder\plugins\mcufinder/ => C:\Users\admin\.stmcufinder\plugins\mcufinder
2023-03-15 14:04:06,723 [INFO] DbExamplesSqlite:800 - Set database path to: C:\Users\admin\.stmcufinder\plugins\mcufinder//mcu/
2023-03-15 14:04:06,739 [INFO] ApplicationProperties:181 - Using Application install path: D:\Online_Emb_Diploma\Installations\ST\STM32CubeIDE_1.4.0\STM32CubeIDE\plugins\com.st.stm32cube.common.mx_6.0.0.202007160824
2023-03-15 14:04:06,739 [INFO] PluginManage:178 - Search for loadable plugins [exclusion list=, ]
2023-03-15 14:04:06,739 [INFO] PluginManage:292 - Check plugin analytics
2023-03-15 14:04:15,299 [INFO] AnalyticsPlugin:203 - Accepted Software Licenses: 
2023-03-15 14:04:15,299 [INFO] AnalyticsPlugin:205 - Accepted CMSIS Pack Licenses: 
2023-03-15 14:04:15,299 [INFO] AnalyticsPlugin:207 - Accepted Firmware Licenses: 
2023-03-15 14:04:15,315 [INFO] PluginManage:342 - Loaded plugin analytics (category:tool,tabindex:-1)
2023-03-15 14:04:15,315 [INFO] PluginManage:292 - Check plugin clock
2023-03-15 14:04:15,333 [INFO] PluginManage:342 - Loaded plugin clock (category:base,tabindex:2)
2023-03-15 14:04:15,333 [INFO] PluginManage:292 - Check plugin ddr
2023-03-15 14:04:15,333 [INFO] PluginManage:342 - Loaded plugin ddr (category:tool,tabindex:6)
2023-03-15 14:04:15,333 [INFO] PluginManage:292 - Check plugin filemanager
2023-03-15 14:04:15,521 [INFO] PluginManage:342 - Loaded plugin filemanager (category:base,tabindex:10)
2023-03-15 14:04:15,521 [INFO] PluginManage:292 - Check plugin ipmanager
2023-03-15 14:04:15,537 [INFO] PluginManage:342 - Loaded plugin ipmanager (category:base,tabindex:5)
2023-03-15 14:04:15,537 [INFO] PluginManage:292 - Check plugin pinoutandconfiguration
2023-03-15 14:04:15,537 [INFO] PluginManage:342 - Loaded plugin pinoutandconfiguration (category:base,tabindex:1)
2023-03-15 14:04:15,537 [INFO] PluginManage:292 - Check plugin pinoutconfig
2023-03-15 14:04:15,584 [INFO] PluginManage:342 - Loaded plugin pinoutconfig (category:base,tabindex:0)
2023-03-15 14:04:15,584 [INFO] PluginManage:292 - Check plugin power
2023-03-15 14:04:15,593 [INFO] PluginManage:342 - Loaded plugin power (category:power,tabindex:4)
2023-03-15 14:04:15,593 [INFO] PluginManage:292 - Check plugin projectmanager
2023-03-15 14:04:15,616 [INFO] PluginManage:342 - Loaded plugin projectmanager (category:projectmanager,tabindex:3)
2023-03-15 14:04:15,616 [INFO] PluginManage:292 - Check plugin thirdparty
2023-03-15 14:04:15,793 [INFO] ThirdPartyDb:333 - Open Third Party DataBase File (C:/Users/admin/.stm32cubemx/plugins/thirdparty/db/thirdparties_db.xml) : 67 ms. number of Sw pack : 48
2023-03-15 14:04:15,793 [INFO] PluginManage:342 - Loaded plugin thirdparty (category:base,tabindex:-1)
2023-03-15 14:04:15,793 [INFO] PluginManage:292 - Check plugin tools
2023-03-15 14:04:15,793 [INFO] PluginManage:342 - Loaded plugin tools (category:base,tabindex:7)
2023-03-15 14:04:15,793 [INFO] PluginManage:292 - Check plugin tutovideos
2023-03-15 14:04:16,078 [INFO] PluginManage:342 - Loaded plugin tutovideos (category:base,tabindex:-1)
2023-03-15 14:04:16,078 [INFO] PluginManage:292 - Check plugin updater
2023-03-15 14:04:16,093 [INFO] PluginManage:342 - Loaded plugin updater (category:base,tabindex:12)
2023-03-15 14:04:16,093 [INFO] PluginManage:265 - PluginManage : Loaded plugins [13]
2023-03-15 14:04:16,360 [INFO] PinOutPanel:1418 - setPackage(No Configuration,No Configuration)
2023-03-15 14:04:16,503 [INFO] IPUIPlugin:64 - create IPUIPlugin
2023-03-15 14:04:16,503 [INFO] PluginManager:200 - loadIPPluginJar : add adc
2023-03-15 14:04:16,503 [INFO] IPUIPlugin:64 - create IPUIPlugin
2023-03-15 14:04:16,503 [INFO] PluginManager:200 - loadIPPluginJar : add aes
2023-03-15 14:04:16,503 [INFO] IPUIPlugin:64 - create IPUIPlugin
2023-03-15 14:04:16,503 [INFO] PluginManager:200 - loadIPPluginJar : add can
2023-03-15 14:04:16,503 [INFO] IPUIPlugin:64 - create IPUIPlugin
2023-03-15 14:04:16,503 [INFO] PluginManager:200 - loadIPPluginJar : add comp
2023-03-15 14:04:16,520 [INFO] IPUIPlugin:64 - create IPUIPlugin
2023-03-15 14:04:16,520 [INFO] PluginManager:200 - loadIPPluginJar : add cryp
2023-03-15 14:04:16,520 [INFO] IPUIPlugin:64 - create IPUIPlugin
2023-03-15 14:04:16,520 [INFO] PluginManager:200 - loadIPPluginJar : add dfsdm
2023-03-15 14:04:16,520 [INFO] IPUIPlugin:64 - create IPUIPlugin
2023-03-15 14:04:16,520 [INFO] PluginManager:200 - loadIPPluginJar : add dma
2023-03-15 14:04:16,520 [INFO] IPUIPlugin:64 - create IPUIPlugin
2023-03-15 14:04:16,535 [INFO] PluginManager:200 - loadIPPluginJar : add fatfs
2023-03-15 14:04:16,535 [INFO] IPUIPlugin:64 - create IPUIPlugin
2023-03-15 14:04:16,535 [INFO] PluginManager:200 - loadIPPluginJar : add fmc
2023-03-15 14:04:16,535 [INFO] IPUIPlugin:64 - create IPUIPlugin
2023-03-15 14:04:16,535 [INFO] PluginManager:200 - loadIPPluginJar : add freertos
2023-03-15 14:04:16,550 [INFO] IPUIPlugin:64 - create IPUIPlugin
2023-03-15 14:04:16,550 [INFO] PluginManager:200 - loadIPPluginJar : add genericplugin
2023-03-15 14:04:16,550 [INFO] IPUIPlugin:64 - create IPUIPlugin
2023-03-15 14:04:16,550 [INFO] PluginManager:200 - loadIPPluginJar : add gfxmmu
2023-03-15 14:04:16,550 [INFO] IPUIPlugin:64 - create IPUIPlugin
2023-03-15 14:04:16,550 [INFO] PluginManager:200 - loadIPPluginJar : add gic
2023-03-15 14:04:16,566 [INFO] IPUIPlugin:64 - create IPUIPlugin
2023-03-15 14:04:16,566 [INFO] PluginManager:200 - loadIPPluginJar : add gpio
2023-03-15 14:04:16,581 [INFO] IPUIPlugin:64 - create IPUIPlugin
2023-03-15 14:04:16,581 [INFO] PluginManager:200 - loadIPPluginJar : add gtzc
2023-03-15 14:04:16,581 [INFO] IPUIPlugin:64 - create IPUIPlugin
2023-03-15 14:04:16,581 [INFO] PluginManager:200 - loadIPPluginJar : add hash
2023-03-15 14:04:16,594 [INFO] IPUIPlugin:64 - create IPUIPlugin
2023-03-15 14:04:16,594 [INFO] PluginManager:200 - loadIPPluginJar : add i2c
2023-03-15 14:04:16,598 [INFO] IPUIPlugin:64 - create IPUIPlugin
2023-03-15 14:04:16,598 [INFO] PluginManager:200 - loadIPPluginJar : add i2s
2023-03-15 14:04:16,598 [INFO] IPUIPlugin:64 - create IPUIPlugin
2023-03-15 14:04:16,598 [INFO] PluginManager:200 - loadIPPluginJar : add ipddr
2023-03-15 14:04:16,598 [INFO] IPUIPlugin:64 - create IPUIPlugin
2023-03-15 14:04:16,598 [INFO] PluginManager:200 - loadIPPluginJar : add ltdc
2023-03-15 14:04:16,613 [INFO] IPUIPlugin:64 - create IPUIPlugin
2023-03-15 14:04:16,613 [INFO] PluginManager:200 - loadIPPluginJar : add mdma
2023-03-15 14:04:16,613 [INFO] IPUIPlugin:64 - create IPUIPlugin
2023-03-15 14:04:16,613 [INFO] PluginManager:200 - loadIPPluginJar : add nvic
2023-03-15 14:04:16,613 [INFO] IPUIPlugin:64 - create IPUIPlugin
2023-03-15 14:04:16,613 [INFO] PluginManager:200 - loadIPPluginJar : add opamp
2023-03-15 14:04:16,630 [INFO] IPUIPlugin:64 - create IPUIPlugin
2023-03-15 14:04:16,630 [INFO] PluginManager:200 - loadIPPluginJar : add openamp
2023-03-15 14:04:16,630 [INFO] IPUIPlugin:64 - create IPUIPlugin
2023-03-15 14:04:16,630 [INFO] PluginManager:200 - loadIPPluginJar : add pdm2pcm
2023-03-15 14:04:16,645 [INFO] IPUIPlugin:64 - create IPUIPlugin
2023-03-15 14:04:16,645 [INFO] PluginManager:200 - loadIPPluginJar : add plateformsettings
2023-03-15 14:04:16,645 [INFO] IPUIPlugin:64 - create IPUIPlugin
2023-03-15 14:04:16,645 [INFO] PluginManager:200 - loadIPPluginJar : add quadspi
2023-03-15 14:04:16,645 [INFO] IPUIPlugin:64 - create IPUIPlugin
2023-03-15 14:04:16,645 [INFO] PluginManager:200 - loadIPPluginJar : add resmgrutility
2023-03-15 14:04:16,660 [INFO] IPUIPlugin:64 - create IPUIPlugin
2023-03-15 14:04:16,660 [INFO] PluginManager:200 - loadIPPluginJar : add sai
2023-03-15 14:04:16,660 [INFO] IPUIPlugin:64 - create IPUIPlugin
2023-03-15 14:04:16,660 [INFO] PluginManager:200 - loadIPPluginJar : add spi
2023-03-15 14:04:16,660 [INFO] IPUIPlugin:64 - create IPUIPlugin
2023-03-15 14:04:16,660 [INFO] PluginManager:200 - loadIPPluginJar : add stm32_wpan
2023-03-15 14:04:16,660 [INFO] IPUIPlugin:64 - create IPUIPlugin
2023-03-15 14:04:16,676 [INFO] PluginManager:200 - loadIPPluginJar : add tim
2023-03-15 14:04:16,676 [INFO] IPUIPlugin:64 - create IPUIPlugin
2023-03-15 14:04:16,676 [INFO] PluginManager:200 - loadIPPluginJar : add touchsensing
2023-03-15 14:04:16,676 [INFO] IPUIPlugin:64 - create IPUIPlugin
2023-03-15 14:04:16,676 [INFO] PluginManager:200 - loadIPPluginJar : add tracer_emb
2023-03-15 14:04:16,676 [INFO] IPUIPlugin:64 - create IPUIPlugin
2023-03-15 14:04:16,676 [INFO] PluginManager:200 - loadIPPluginJar : add ts
2023-03-15 14:04:16,676 [INFO] IPUIPlugin:64 - create IPUIPlugin
2023-03-15 14:04:16,676 [INFO] PluginManager:200 - loadIPPluginJar : add tsc
2023-03-15 14:04:16,693 [INFO] IPUIPlugin:64 - create IPUIPlugin
2023-03-15 14:04:16,694 [INFO] PluginManager:200 - loadIPPluginJar : add ucpd
2023-03-15 14:04:16,694 [INFO] IPUIPlugin:64 - create IPUIPlugin
2023-03-15 14:04:16,694 [INFO] PluginManager:200 - loadIPPluginJar : add usart
2023-03-15 14:04:17,326 [INFO] CubeProgrammer:457 - [DDR PANEL] - PathOfProgrammer: null
2023-03-15 14:04:17,990 [FATAL] Updater:282 - Updater called before beeing initialized
2023-03-15 14:04:18,196 [FATAL] Updater:282 - Updater called before beeing initialized
2023-03-15 14:04:18,196 [WARN] ThirdParty:775 - waiting for thirdparty lock release [close project]
2023-03-15 14:04:18,196 [INFO] ThirdParty:777 - entering critical section [close project]
2023-03-15 14:04:18,196 [INFO] ThirdParty:790 - exiting critical section [close project]
2023-03-15 14:04:18,196 [INFO] PinOutPanel:1418 - setPackage(No Configuration,No Configuration)
2023-03-15 14:04:18,196 [FATAL] Updater:282 - Updater called before beeing initialized
2023-03-15 14:04:18,196 [ERROR] Updater:967 - MainUpdater not yet initialized. External WinMGr cannot be set.
2023-03-15 14:04:18,196 [INFO] CubeProgrammer:457 - [DDR PANEL] - PathOfProgrammer: D:\Online_Emb_Diploma\Installations\ST\STM32CubeIDE_1.4.0\STM32CubeIDE\plugins\com.st.stm32cube.ide.mcu.externaltools.cubeprogrammer.win32_1.4.0.202007081208\tools\bin
2023-03-15 14:04:18,211 [INFO] ProgrammerExecThread:148 - [ProgrammerAPI] CubeProgrammer command construction: D:\Online_Emb_Diploma\Installations\ST\STM32CubeIDE_1.4.0\STM32CubeIDE\plugins\com.st.stm32cube.ide.mcu.externaltools.cubeprogrammer.win32_1.4.0.202007081208\tools\bin\STM32_Programmer_CLI.exe -l
2023-03-15 14:04:21,219 [INFO] MainDdrPanel:49 - [DDR PANEL] SETTER - Set cubeProgrammerPath to: D:\Online_Emb_Diploma\Installations\ST\STM32CubeIDE_1.4.0\STM32CubeIDE\plugins\com.st.stm32cube.ide.mcu.externaltools.cubeprogrammer.win32_1.4.0.202007081208\tools\bin
2023-03-15 14:04:21,262 [INFO] Updater:904 - Updater Version found : 6.0.0
2023-03-15 14:04:21,297 [INFO] ApplicationProperties:181 - Using Application install path: D:\Online_Emb_Diploma\Installations\ST\STM32CubeIDE_1.4.0\STM32CubeIDE\plugins\com.st.stm32cube.common.mx_6.0.0.202007160824
2023-03-15 14:04:21,572 [INFO] MainUpdater:2268 - connection check result : 10
2023-03-15 14:04:21,572 [INFO] MainUpdater:239 - Updater Check For Update Now.
2023-03-15 14:04:21,572 [INFO] MicroXplorer:414 - Change Database Version : DB.6.0.0
2023-03-15 14:04:21,665 [INFO] CheckServerUpdateThread:102 - End of CheckServer Thread
2023-03-15 14:04:21,684 [INFO] MainUpdater:2268 - connection check result : 10
2023-03-15 14:04:21,809 [WARN] IntegrityCheckThread:61 - waiting for thirdparty lock release [integrity check]
2023-03-15 14:04:21,809 [INFO] IntegrityCheckThread:63 - entering critical section [integrity check]
2023-03-15 14:04:21,809 [WARN] MainUpdater:1087 - Updater busy. Cannot search thirdparties
2023-03-15 14:04:22,025 [INFO] ServerAccessManage:348 - Download File mcusDocs.json._tmp_
2023-03-15 14:04:22,142 [INFO] LoadUrlFilesThread:135 - End of LoadUrlFiles Thread
2023-03-15 14:04:22,210 [INFO] ServerAccessManage:348 - Download File mcusFeaturesAndDescription.json._tmp_
2023-03-15 14:04:24,811 [WARN] MainUpdater:1087 - Updater busy. Cannot search thirdparties
2023-03-15 14:04:25,574 [INFO] LoadUrlFilesThread:135 - End of LoadUrlFiles Thread
2023-03-15 14:04:25,651 [INFO] ServerAccessManage:348 - Download File boardsDocs.json._tmp_
2023-03-15 14:04:25,675 [INFO] LoadUrlFilesThread:135 - End of LoadUrlFiles Thread
2023-03-15 14:04:25,752 [INFO] ServerAccessManage:348 - Download File boards.json._tmp_
2023-03-15 14:04:25,939 [INFO] LoadUrlFilesThread:135 - End of LoadUrlFiles Thread
2023-03-15 14:04:26,014 [INFO] ServerAccessManage:348 - Download File cube-finder-db.zip
2023-03-15 14:04:27,817 [WARN] MainUpdater:1087 - Updater busy. Cannot search thirdparties
2023-03-15 14:04:30,826 [WARN] MainUpdater:1087 - Updater busy. Cannot search thirdparties
2023-03-15 14:04:33,829 [WARN] MainUpdater:1087 - Updater busy. Cannot search thirdparties
2023-03-15 14:04:36,832 [WARN] MainUpdater:1087 - Updater busy. Cannot search thirdparties
2023-03-15 14:04:38,294 [INFO] FileExtend:225 - Unzip File : cube-finder-db.zip
2023-03-15 14:04:38,294 [INFO] FileExtend:240 - Standard Zip Deflate
2023-03-15 14:04:39,216 [INFO] LoadUrlFilesThread:135 - End of LoadUrlFiles Thread
2023-03-15 14:04:39,832 [WARN] MainUpdater:1087 - Updater busy. Cannot search thirdparties
2023-03-15 14:04:39,905 [INFO] ServerAccessManage:348 - Download File crdb.zip
2023-03-15 14:04:40,318 [INFO] FileExtend:225 - Unzip File : crdb.zip
2023-03-15 14:04:40,325 [INFO] FileExtend:240 - Standard Zip Deflate
2023-03-15 14:04:40,346 [INFO] LoadUrlFilesThread:135 - End of LoadUrlFiles Thread
2023-03-15 14:04:40,428 [INFO] ServerAccessManage:348 - Download File tutoVideoDB.zip
2023-03-15 14:04:40,477 [INFO] FileExtend:225 - Unzip File : tutoVideoDB.zip
2023-03-15 14:04:40,485 [INFO] FileExtend:240 - Standard Zip Deflate
2023-03-15 14:04:40,498 [INFO] LoadUrlFilesThread:135 - End of LoadUrlFiles Thread
2023-03-15 14:04:40,523 [INFO] DbMcusDocs:145 - JSON generation date=Tue Nov 16 18:17:54 EET 2021 (1637079474)
2023-03-15 14:04:40,523 [INFO] DbMcusXml:100 - Load MCU database from D:\Online_Emb_Diploma\Installations\ST\STM32CubeIDE_1.4.0\STM32CubeIDE\plugins\com.st.stm32cube.common.mx_6.0.0.202007160824\\db\/mcu/families.xml
2023-03-15 14:04:41,294 [INFO] DbMcusJson:92 - JSON generation date=Tue Nov 16 18:17:54 EET 2021 (1637079474)
2023-03-15 14:04:42,348 [INFO] DbMcus:175 - Found 1761 MCUs (1722 are supported by CubeMX, 1911 are visible in CubeMX)
2023-03-15 14:04:42,348 [INFO] ApiDb:201 - Load user favorites file C:\Users\admin/.stm32cubemx/favorites.mcus.txt: 0 item(s)
2023-03-15 14:04:42,348 [INFO] ApiDb:205 - User favorites MCUs=[]
2023-03-15 14:04:42,353 [INFO] DbMcus:187 - Set 0 / 0 favorites MCUs
2023-03-15 14:04:42,649 [INFO] DbMcusDocs:81 - Found 682 MCUs documents
2023-03-15 14:04:42,657 [INFO] ApiDb:226 - Save user favorites file C:\Users\admin/.stm32cubemx/favorites.mcus.txt: 0 item(s)
2023-03-15 14:04:42,657 [INFO] ApiDb:230 - User favorites MCUs=[]
2023-03-15 14:04:42,657 [INFO] DbMcusXml:100 - Load MCU database from D:\Online_Emb_Diploma\Installations\ST\STM32CubeIDE_1.4.0\STM32CubeIDE\plugins\com.st.stm32cube.common.mx_6.0.0.202007160824\\db\/mcu/families.xml
2023-03-15 14:04:43,389 [INFO] ThirdPartyDb:299 - Save Third Party DataBase File (C:/Users/admin/.stm32cubemx/plugins/thirdparty/db/thirdparties_db.xml) [forced]
2023-03-15 14:04:43,397 [INFO] DbMcusJson:92 - JSON generation date=Tue Nov 16 18:17:54 EET 2021 (1637079474)
2023-03-15 14:04:43,462 [INFO] ThirdPartyDb:299 - Save Third Party DataBase File (C:/Users/admin/.stm32cubemx/plugins/thirdparty/db/thirdparties_db.xml) [forced]
2023-03-15 14:04:43,535 [INFO] IntegrityCheckThread:76 - exiting critical section [integrity check]
2023-03-15 14:04:43,535 [INFO] IntegrityCheckThread:79 - End integrity checks thread
2023-03-15 14:04:44,030 [INFO] DbMcus:175 - Found 1761 MCUs (1722 are supported by CubeMX, 1911 are visible in CubeMX)
2023-03-15 14:04:44,030 [INFO] ApiDb:201 - Load user favorites file C:\Users\admin/.stm32cubemx/favorites.mcus.txt: 0 item(s)
2023-03-15 14:04:44,030 [INFO] ApiDb:205 - User favorites MCUs=[]
2023-03-15 14:04:44,030 [INFO] DbMcus:187 - Set 0 / 0 favorites MCUs
2023-03-15 14:04:44,038 [INFO] DbBoardsDocs:145 - JSON generation date=Tue Nov 16 18:17:54 EET 2021 (1637079474)
2023-03-15 14:04:44,069 [INFO] DbBoardsPdsc:94 - Found 23 items
2023-03-15 14:04:44,069 [INFO] DbBoardsPdsc:94 - Found 9 items
2023-03-15 14:04:44,077 [INFO] DbBoardsPdsc:94 - Found 29 items
2023-03-15 14:04:44,077 [INFO] DbBoardsPdsc:94 - Found 1 items
2023-03-15 14:04:44,093 [INFO] DbBoardsPdsc:94 - Found 44 items
2023-03-15 14:04:44,093 [INFO] DbBoardsPdsc:94 - Found 40 items
2023-03-15 14:04:44,101 [INFO] DbBoardsPdsc:94 - Found 2 items
2023-03-15 14:04:44,101 [INFO] DbBoardsPdsc:94 - Found 4 items
2023-03-15 14:04:44,109 [WARN] DbBoardsPdsc:258 - Board STM32H7B3I-DK: unknown feature type=Audio, name=, username=Audio stereo codec with Headphone Amp (CS42L51-CNZ), n=1
2023-03-15 14:04:44,109 [WARN] DbBoardsPdsc:258 - Board STM32H735G-DK: unknown feature type=Audio, name=, username=Audio stereo codec with Headphone Amp (WM8994ECS/R), n=1
2023-03-15 14:04:44,109 [WARN] DbBoardsPdsc:258 - Board STM32H7B3I-EVAL: unknown feature type=Audio, name=, username=Multi-Channel Audio Codec (CS42L51-CNZ), n=1
2023-03-15 14:04:44,109 [WARN] DbBoardsPdsc:258 - Board STM32H7B3I-EVAL: unknown feature type=Meter, name=, username=Power-metering and Temperature-monitoring with sigma-delta modulators, n=1
2023-03-15 14:04:44,109 [WARN] DbBoardsPdsc:258 - Board STM32H7B3I-EVAL: unknown feature type=Motor, name=, username=Motor Control, n=1
2023-03-15 14:04:44,182 [INFO] DbBoardsJson:85 - JSON generation date=Tue Nov 16 18:17:54 EET 2021 (1637079474)
2023-03-15 14:04:44,198 [INFO] DbBoards:117 - Found 166 boards (149 are supported by CubeMX)
2023-03-15 14:04:44,198 [INFO] DbBoardsDocs:145 - JSON generation date=Tue Nov 16 18:17:54 EET 2021 (1637079474)
2023-03-15 14:04:44,206 [INFO] DbBoardsDocs:81 - Found 209 boards documents
2023-03-15 14:04:44,206 [WARN] DbBoards:127 - board B-L475E-IOT01A2 has no document id list !
2023-03-15 14:04:44,206 [WARN] DbBoards:127 - board NUCLEO-H743ZI has no document id list !
2023-03-15 14:04:44,206 [WARN] DbBoards:127 - board P-NUCLEO-WB55-Nucleo has no document id list !
2023-03-15 14:04:44,206 [WARN] DbBoards:127 - board P-NUCLEO-WB55-USBDongle has no document id list !
2023-03-15 14:04:44,206 [WARN] DbBoards:127 - board STEVAL-BFA001V1B has no document id list !
2023-03-15 14:04:44,206 [WARN] DbBoards:127 - board STEVAL-BFA001V2B has no document id list !
2023-03-15 14:04:44,206 [WARN] DbBoards:127 - board STEVAL-IDP005V1 has no document id list !
2023-03-15 14:04:44,206 [WARN] DbBoards:127 - board STEVAL-IDP005V2 has no document id list !
2023-03-15 14:04:44,206 [WARN] DbBoards:127 - board STEVAL-MKSBOX1V1 has no document id list !
2023-03-15 14:04:44,206 [WARN] DbBoards:127 - board STEVAL-STWINKT1 has no document id list !
2023-03-15 14:04:44,206 [WARN] DbBoards:127 - board STEVAL-STWINKT1B has no document id list !
2023-03-15 14:04:44,206 [WARN] DbBoards:127 - board STM32439I-EVAL2 has no document id list !
2023-03-15 14:04:44,206 [WARN] DbBoards:127 - board STM32F401C-DISCO has no document id list !
2023-03-15 14:04:44,206 [WARN] DbBoards:127 - board STM32F769I-DISC1 has no document id list !
2023-03-15 14:04:44,214 [WARN] DbBoards:127 - board STM32G474E-EVAL1 has no document id list !
2023-03-15 14:04:44,214 [WARN] DbBoards:127 - board STM32H743I-EVAL2 has no document id list !
2023-03-15 14:04:44,214 [WARN] DbBoards:127 - board STM32H747I-DISC1 has no document id list !
2023-03-15 14:04:44,214 [WARN] DbBoards:127 - board STM32H753I-EVAL2 has no document id list !
2023-03-15 14:04:44,214 [WARN] DbBoards:127 - board STM32L-DISCOVERY has no document id list !
2023-03-15 14:04:44,318 [ERROR] DbBoards:189 - Image file not found for board B-L462E-CELL1: D:\Online_Emb_Diploma\Installations\ST\STM32CubeIDE_1.4.0\STM32CubeIDE\plugins\com.st.stm32cube.common.mx_6.0.0.202007160824\\db\/plugins/mcufinder/images/boards/B-L462E-CELL1_small.jpg
2023-03-15 14:04:44,383 [ERROR] DbBoards:189 - Image file not found for board B-U585I-IOT02A: D:\Online_Emb_Diploma\Installations\ST\STM32CubeIDE_1.4.0\STM32CubeIDE\plugins\com.st.stm32cube.common.mx_6.0.0.202007160824\\db\/plugins/mcufinder/images/boards/B-U585I-IOT02A_small.jpg
2023-03-15 14:04:44,505 [ERROR] DbBoards:189 - Image file not found for board NUCLEO-F413ZH: D:\Online_Emb_Diploma\Installations\ST\STM32CubeIDE_1.4.0\STM32CubeIDE\plugins\com.st.stm32cube.common.mx_6.0.0.202007160824\\db\/plugins/mcufinder/images/boards/nucleo-f413zh_small.jpg
2023-03-15 14:04:44,661 [ERROR] DbBoards:189 - Image file not found for board NUCLEO-L552ZE-Q: D:\Online_Emb_Diploma\Installations\ST\STM32CubeIDE_1.4.0\STM32CubeIDE\plugins\com.st.stm32cube.common.mx_6.0.0.202007160824\\db\/plugins/mcufinder/images/boards/nucleo_l552ze_q_small.jpg
2023-03-15 14:04:44,669 [ERROR] DbBoards:189 - Image file not found for board NUCLEO-U575ZI-Q: D:\Online_Emb_Diploma\Installations\ST\STM32CubeIDE_1.4.0\STM32CubeIDE\plugins\com.st.stm32cube.common.mx_6.0.0.202007160824\\db\/plugins/mcufinder/images/boards/nucleo-u575zi-q_small.jpg
2023-03-15 14:04:44,669 [ERROR] DbBoards:189 - Image file not found for board NUCLEO-WB15CC: D:\Online_Emb_Diploma\Installations\ST\STM32CubeIDE_1.4.0\STM32CubeIDE\plugins\com.st.stm32cube.common.mx_6.0.0.202007160824\\db\/plugins/mcufinder/images/boards/nucleo-wb15cc_small.jpg
2023-03-15 14:04:44,669 [ERROR] DbBoards:189 - Image file not found for board NUCLEO-WB55RG: D:\Online_Emb_Diploma\Installations\ST\STM32CubeIDE_1.4.0\STM32CubeIDE\plugins\com.st.stm32cube.common.mx_6.0.0.202007160824\\db\/plugins/mcufinder/images/boards/nucleo-wb55rg_small.jpg
2023-03-15 14:04:44,669 [ERROR] DbBoards:189 - Image file not found for board NUCLEO-WL55JC: D:\Online_Emb_Diploma\Installations\ST\STM32CubeIDE_1.4.0\STM32CubeIDE\plugins\com.st.stm32cube.common.mx_6.0.0.202007160824\\db\/plugins/mcufinder/images/boards/nucleo-wl55jc-small.jpg
2023-03-15 14:04:44,865 [ERROR] DbBoards:189 - Image file not found for board STEVAL-STWINKT1B: D:\Online_Emb_Diploma\Installations\ST\STM32CubeIDE_1.4.0\STM32CubeIDE\plugins\com.st.stm32cube.common.mx_6.0.0.202007160824\\db\/plugins/mcufinder/images/boards/steval-stwinkt1b_small.jpg
2023-03-15 14:04:45,244 [ERROR] DbBoards:189 - Image file not found for board STM32G0C1E-EV: D:\Online_Emb_Diploma\Installations\ST\STM32CubeIDE_1.4.0\STM32CubeIDE\plugins\com.st.stm32cube.common.mx_6.0.0.202007160824\\db\/plugins/mcufinder/images/boards/stm32g0c1e-eval_small.jpg
2023-03-15 14:04:45,340 [ERROR] DbBoards:189 - Image file not found for board STM32H7B3I-EVAL: D:\Online_Emb_Diploma\Installations\ST\STM32CubeIDE_1.4.0\STM32CubeIDE\plugins\com.st.stm32cube.common.mx_6.0.0.202007160824\\db\/plugins/mcufinder/images/boards/stm32h7b3ieval_small.jpg
2023-03-15 14:04:45,509 [ERROR] DbBoards:189 - Image file not found for board STM32U575I-EV: D:\Online_Emb_Diploma\Installations\ST\STM32CubeIDE_1.4.0\STM32CubeIDE\plugins\com.st.stm32cube.common.mx_6.0.0.202007160824\\db\/plugins/mcufinder/images/boards/stm32u575i-ev_small.jpg
2023-03-15 14:04:45,533 [ERROR] DbBoards:189 - Image file not found for board STM32WB5MM-DK: D:\Online_Emb_Diploma\Installations\ST\STM32CubeIDE_1.4.0\STM32CubeIDE\plugins\com.st.stm32cube.common.mx_6.0.0.202007160824\\db\/plugins/mcufinder/images/boards/STM32WB5MM-DK_small.jpg
2023-03-15 14:04:45,533 [INFO] ApiDb:201 - Load user favorites file C:\Users\admin/.stm32cubemx/favorites.boards.txt: 0 item(s)
2023-03-15 14:04:45,533 [INFO] ApiDb:205 - User favorites Boards=[]
2023-03-15 14:04:45,533 [INFO] DbBoards:206 - Set 0 / 0 favorites Boards
2023-03-15 14:04:45,533 [INFO] DbBoardsDocs:81 - Found 418 boards documents
2023-03-15 14:04:45,533 [INFO] ApiDb:226 - Save user favorites file C:\Users\admin/.stm32cubemx/favorites.boards.txt: 0 item(s)
2023-03-15 14:04:45,533 [INFO] ApiDb:230 - User favorites Boards=[]
2023-03-15 14:04:45,533 [INFO] DbBoardsPdsc:94 - Found 23 items
2023-03-15 14:04:45,541 [INFO] DbBoardsPdsc:94 - Found 9 items
2023-03-15 14:04:45,541 [INFO] DbBoardsPdsc:94 - Found 29 items
2023-03-15 14:04:45,541 [INFO] DbBoardsPdsc:94 - Found 1 items
2023-03-15 14:04:45,541 [INFO] DbBoardsPdsc:94 - Found 44 items
2023-03-15 14:04:45,541 [INFO] DbBoardsPdsc:94 - Found 40 items
2023-03-15 14:04:45,541 [INFO] DbBoardsPdsc:94 - Found 2 items
2023-03-15 14:04:45,550 [INFO] DbBoardsPdsc:94 - Found 4 items
2023-03-15 14:04:45,551 [WARN] DbBoardsPdsc:258 - Board STM32H7B3I-DK: unknown feature type=Audio, name=, username=Audio stereo codec with Headphone Amp (CS42L51-CNZ), n=1
2023-03-15 14:04:45,551 [WARN] DbBoardsPdsc:258 - Board STM32H735G-DK: unknown feature type=Audio, name=, username=Audio stereo codec with Headphone Amp (WM8994ECS/R), n=1
2023-03-15 14:04:45,551 [WARN] DbBoardsPdsc:258 - Board STM32H7B3I-EVAL: unknown feature type=Audio, name=, username=Multi-Channel Audio Codec (CS42L51-CNZ), n=1
2023-03-15 14:04:45,551 [WARN] DbBoardsPdsc:258 - Board STM32H7B3I-EVAL: unknown feature type=Meter, name=, username=Power-metering and Temperature-monitoring with sigma-delta modulators, n=1
2023-03-15 14:04:45,551 [WARN] DbBoardsPdsc:258 - Board STM32H7B3I-EVAL: unknown feature type=Motor, name=, username=Motor Control, n=1
2023-03-15 14:04:45,557 [INFO] DbBoardsJson:85 - JSON generation date=Tue Nov 16 18:17:54 EET 2021 (1637079474)
2023-03-15 14:04:45,568 [INFO] DbBoards:117 - Found 166 boards (149 are supported by CubeMX)
2023-03-15 14:04:45,568 [WARN] DbBoards:127 - board B-L475E-IOT01A2 has no document id list !
2023-03-15 14:04:45,568 [WARN] DbBoards:127 - board NUCLEO-H743ZI has no document id list !
2023-03-15 14:04:45,568 [WARN] DbBoards:127 - board P-NUCLEO-WB55-Nucleo has no document id list !
2023-03-15 14:04:45,568 [WARN] DbBoards:127 - board P-NUCLEO-WB55-USBDongle has no document id list !
2023-03-15 14:04:45,568 [WARN] DbBoards:127 - board STEVAL-BFA001V1B has no document id list !
2023-03-15 14:04:45,568 [WARN] DbBoards:127 - board STEVAL-BFA001V2B has no document id list !
2023-03-15 14:04:45,568 [WARN] DbBoards:127 - board STEVAL-IDP005V1 has no document id list !
2023-03-15 14:04:45,568 [WARN] DbBoards:127 - board STEVAL-IDP005V2 has no document id list !
2023-03-15 14:04:45,568 [WARN] DbBoards:127 - board STEVAL-MKSBOX1V1 has no document id list !
2023-03-15 14:04:45,568 [WARN] DbBoards:127 - board STEVAL-STWINKT1 has no document id list !
2023-03-15 14:04:45,568 [WARN] DbBoards:127 - board STEVAL-STWINKT1B has no document id list !
2023-03-15 14:04:45,568 [WARN] DbBoards:127 - board STM32439I-EVAL2 has no document id list !
2023-03-15 14:04:45,574 [WARN] DbBoards:127 - board STM32F401C-DISCO has no document id list !
2023-03-15 14:04:45,574 [WARN] DbBoards:127 - board STM32F769I-DISC1 has no document id list !
2023-03-15 14:04:45,574 [WARN] DbBoards:127 - board STM32G474E-EVAL1 has no document id list !
2023-03-15 14:04:45,574 [WARN] DbBoards:127 - board STM32H743I-EVAL2 has no document id list !
2023-03-15 14:04:45,574 [WARN] DbBoards:127 - board STM32H747I-DISC1 has no document id list !
2023-03-15 14:04:45,574 [WARN] DbBoards:127 - board STM32H753I-EVAL2 has no document id list !
2023-03-15 14:04:45,574 [WARN] DbBoards:127 - board STM32L-DISCOVERY has no document id list !
2023-03-15 14:04:45,610 [ERROR] DbBoards:189 - Image file not found for board B-L462E-CELL1: D:\Online_Emb_Diploma\Installations\ST\STM32CubeIDE_1.4.0\STM32CubeIDE\plugins\com.st.stm32cube.common.mx_6.0.0.202007160824\\db\/plugins/mcufinder/images/boards/B-L462E-CELL1_small.jpg
2023-03-15 14:04:45,631 [ERROR] DbBoards:189 - Image file not found for board B-U585I-IOT02A: D:\Online_Emb_Diploma\Installations\ST\STM32CubeIDE_1.4.0\STM32CubeIDE\plugins\com.st.stm32cube.common.mx_6.0.0.202007160824\\db\/plugins/mcufinder/images/boards/B-U585I-IOT02A_small.jpg
2023-03-15 14:04:45,687 [ERROR] DbBoards:189 - Image file not found for board NUCLEO-F413ZH: D:\Online_Emb_Diploma\Installations\ST\STM32CubeIDE_1.4.0\STM32CubeIDE\plugins\com.st.stm32cube.common.mx_6.0.0.202007160824\\db\/plugins/mcufinder/images/boards/nucleo-f413zh_small.jpg
2023-03-15 14:04:45,808 [ERROR] DbBoards:189 - Image file not found for board NUCLEO-L552ZE-Q: D:\Online_Emb_Diploma\Installations\ST\STM32CubeIDE_1.4.0\STM32CubeIDE\plugins\com.st.stm32cube.common.mx_6.0.0.202007160824\\db\/plugins/mcufinder/images/boards/nucleo_l552ze_q_small.jpg
2023-03-15 14:04:45,808 [ERROR] DbBoards:189 - Image file not found for board NUCLEO-U575ZI-Q: D:\Online_Emb_Diploma\Installations\ST\STM32CubeIDE_1.4.0\STM32CubeIDE\plugins\com.st.stm32cube.common.mx_6.0.0.202007160824\\db\/plugins/mcufinder/images/boards/nucleo-u575zi-q_small.jpg
2023-03-15 14:04:45,816 [ERROR] DbBoards:189 - Image file not found for board NUCLEO-WB15CC: D:\Online_Emb_Diploma\Installations\ST\STM32CubeIDE_1.4.0\STM32CubeIDE\plugins\com.st.stm32cube.common.mx_6.0.0.202007160824\\db\/plugins/mcufinder/images/boards/nucleo-wb15cc_small.jpg
2023-03-15 14:04:45,816 [ERROR] DbBoards:189 - Image file not found for board NUCLEO-WB55RG: D:\Online_Emb_Diploma\Installations\ST\STM32CubeIDE_1.4.0\STM32CubeIDE\plugins\com.st.stm32cube.common.mx_6.0.0.202007160824\\db\/plugins/mcufinder/images/boards/nucleo-wb55rg_small.jpg
2023-03-15 14:04:45,816 [ERROR] DbBoards:189 - Image file not found for board NUCLEO-WL55JC: D:\Online_Emb_Diploma\Installations\ST\STM32CubeIDE_1.4.0\STM32CubeIDE\plugins\com.st.stm32cube.common.mx_6.0.0.202007160824\\db\/plugins/mcufinder/images/boards/nucleo-wl55jc-small.jpg
2023-03-15 14:04:45,888 [ERROR] DbBoards:189 - Image file not found for board STEVAL-STWINKT1B: D:\Online_Emb_Diploma\Installations\ST\STM32CubeIDE_1.4.0\STM32CubeIDE\plugins\com.st.stm32cube.common.mx_6.0.0.202007160824\\db\/plugins/mcufinder/images/boards/steval-stwinkt1b_small.jpg
2023-03-15 14:04:46,073 [ERROR] DbBoards:189 - Image file not found for board STM32G0C1E-EV: D:\Online_Emb_Diploma\Installations\ST\STM32CubeIDE_1.4.0\STM32CubeIDE\plugins\com.st.stm32cube.common.mx_6.0.0.202007160824\\db\/plugins/mcufinder/images/boards/stm32g0c1e-eval_small.jpg
2023-03-15 14:04:46,129 [ERROR] DbBoards:189 - Image file not found for board STM32H7B3I-EVAL: D:\Online_Emb_Diploma\Installations\ST\STM32CubeIDE_1.4.0\STM32CubeIDE\plugins\com.st.stm32cube.common.mx_6.0.0.202007160824\\db\/plugins/mcufinder/images/boards/stm32h7b3ieval_small.jpg
2023-03-15 14:04:46,234 [ERROR] DbBoards:189 - Image file not found for board STM32U575I-EV: D:\Online_Emb_Diploma\Installations\ST\STM32CubeIDE_1.4.0\STM32CubeIDE\plugins\com.st.stm32cube.common.mx_6.0.0.202007160824\\db\/plugins/mcufinder/images/boards/stm32u575i-ev_small.jpg
2023-03-15 14:04:46,250 [ERROR] DbBoards:189 - Image file not found for board STM32WB5MM-DK: D:\Online_Emb_Diploma\Installations\ST\STM32CubeIDE_1.4.0\STM32CubeIDE\plugins\com.st.stm32cube.common.mx_6.0.0.202007160824\\db\/plugins/mcufinder/images/boards/STM32WB5MM-DK_small.jpg
2023-03-15 14:04:46,250 [INFO] ApiDb:201 - Load user favorites file C:\Users\admin/.stm32cubemx/favorites.boards.txt: 0 item(s)
2023-03-15 14:04:46,250 [INFO] ApiDb:205 - User favorites Boards=[]
2023-03-15 14:04:46,250 [INFO] DbBoards:206 - Set 0 / 0 favorites Boards
2023-03-15 14:04:46,355 [INFO] DbExamplesSqlite:156 - SQLite db open (C:\Users\admin\.stmcufinder\plugins\mcufinder\mcu\cube-finder-db.db)
2023-03-15 14:04:47,072 [INFO] DbExamplesSqlite:447 - Ignored 0 examples not supported by CubeIDE
2023-03-15 14:04:47,072 [INFO] DbExamplesSqlite:448 - Found 7328 examples active
2023-03-15 14:04:47,072 [INFO] DbExamplesSqlite:449 - Found 1095 examples obsolete
2023-03-15 14:04:47,072 [INFO] DbExamplesSqlite:450 - Found 0 examples under development
2023-03-15 14:04:47,072 [INFO] DbExamplesSqlite:451 - Found 77 examples not building
2023-03-15 14:04:47,160 [INFO] DbExamplesSqlite:130 - SQLite Data Model version=2.1
2023-03-15 14:04:47,160 [INFO] DbExamplesSqlite:131 - SQLite Configuration version=3.0.35
2023-03-15 14:04:47,160 [INFO] DbExamplesSqlite:132 - SQLite generation date=2023-03-10 (1678456172)
2023-03-15 14:04:47,160 [INFO] DbExamplesSqlite:133 - SQLite FW Pack versions=[FP-ATR-ASTRA1_V1.1.1, STM32Cube_FW_C0_V1.0.1, STM32Cube_FW_F0_V1.11.4, STM32Cube_FW_F3_V1.11.4, STM32Cube_FW_F4_V1.27.1, STM32Cube_FW_F7_V1.17.0, STM32Cube_FW_G0_V1.6.1, STM32Cube_FW_G4_V1.5.1, STM32Cube_FW_H5_V0.5.1, STM32Cube_FW_H5_V1.0.0, STM32Cube_FW_H7_V1.11.0, STM32Cube_FW_L0_V1.12.2, STM32Cube_FW_L5_V1.5.0, STM32Cube_FW_U5_V1.2.0, STM32Cube_FW_WBA_V1.0.0, STM32Cube_FW_WBA_V1.0.0RC1, STM32Cube_FW_WBA_V1.0.0RC3, STM32Cube_FW_WB_V1.15.0RC1, STM32Cube_FW_WB_V1.16.0, STM32Cube_FW_WB_V1.16.0RC2, STM32Cube_FW_WL_V1.3.0, X-CUBE-ALGOBUILD_V1.3.0, X-CUBE-ALS_V1.0.1, X-CUBE-AZRTOS-F4_V1.1.0, X-CUBE-AZRTOS-F7_V1.1.0, X-CUBE-AZRTOS-G0_V1.1.0, X-CUBE-AZRTOS-G4_V1.0.0, X-CUBE-AZRTOS-H7_V3.0.0, X-CUBE-AZRTOS-L4_V1.0.0, X-CUBE-AZRTOS-L5_V1.1.0, X-CUBE-AZRTOS-WB_V1.1.0, X-CUBE-AZRTOS-WL_V1.0.0, X-CUBE-BLE1_V6.2.4, X-CUBE-BLE2_V3.3.0, X-CUBE-BLEMGR_V1.3.0, X-CUBE-EEPRMA1_V4.1.0, X-CUBE-GNSS1_V6.0.0, X-CUBE-MEMS1_V9.1.0, X-CUBE-MEMS1_V9.4.0, X-CUBE-MEMS1_V9.5.0, X-CUBE-NFC4_V3.0.0, X-CUBE-NFC7_V1.0.0, X-CUBE-SFXS2LP1_V4.0.0, X-CUBE-SUBG2_V5.0.0]
2023-03-15 14:04:47,168 [INFO] DbExamples:123 - Found 7405 examples
2023-03-15 14:04:47,484 [ERROR] DbExamples:199 - Found 7405 examples with invalid data (board or MCU)
2023-03-15 14:04:47,484 [INFO] DbExamples:215 - Found 77 boards with related examples
2023-03-15 14:04:47,484 [INFO] DbExamples:228 - Found 0 MCUs with related examples
2023-03-15 14:04:47,508 [INFO] ApiDb:192 - User favorites file not found: C:\Users\admin/.stm32cubemx/favorites.examples.txt
2023-03-15 14:04:47,508 [INFO] DbExamples:249 - Set 0 / 0 favorites Examples
2023-03-15 14:04:47,683 [INFO] McuFinderGlobals:40 - Set McuFinder mode to 2 (CubeIDE integrated)
2023-03-15 14:04:47,827 [INFO] CrossSelectorPresenter:1330 - Cross Selector saved comparison directory: C:\Users\admin\.stmcufinder\plugins\mcufinder\mcu\cs_comparisons_mx
2023-03-15 14:04:47,834 [INFO] MultiScanPanel:193 - Auto-refresh data requested => check proxy status ongoing
2023-03-15 14:04:47,837 [INFO] FinderPluginLoader:87 - Searching for filters in installed packs
2023-03-15 14:04:48,417 [INFO] LoadUrlFilesThread:162 - End of LoadServerUrlFiles without Thread
2023-03-15 14:04:48,457 [INFO] DetailPanel:331 - Set advertising image to C:/Users/admin/STM32Cube/Repository/\stm32cubemx-promo_image.jpg
2023-03-15 14:04:48,791 [INFO] McuFilterPanel:245 - Update 0 favorites MCUs
2023-03-15 14:04:56,735 [INFO] RetryExec:97 - I/O exception (org.apache.http.NoHttpResponseException) caught when processing request to {s}->https://download.eclipse.org:443: The target server failed to respond
2023-03-15 14:04:56,745 [INFO] RetryExec:113 - Retrying request to {s}->https://download.eclipse.org:443
2023-03-15 14:04:57,530 [INFO] RetryExec:97 - I/O exception (org.apache.http.NoHttpResponseException) caught when processing request to {s}->https://archive.eclipse.org:443: The target server failed to respond
2023-03-15 14:04:57,530 [INFO] RetryExec:113 - Retrying request to {s}->https://archive.eclipse.org:443
2023-03-15 14:05:37,045 [INFO] ServerAccessManage:348 - Download File 
2023-03-15 14:05:37,142 [INFO] LoadUrlFilesThread:162 - End of LoadServerUrlFiles without Thread
2023-03-15 14:05:37,150 [INFO] McuAction:183 - Block Diagram
2023-03-15 14:05:39,838 [INFO] McuAction:78 - Docs & Resources
2023-03-15 14:05:41,778 [INFO] ServerAccessManage:348 - Download File DS5936.pdf
2023-03-15 14:05:42,606 [INFO] LoadUrlFilesThread:135 - End of LoadUrlFiles Thread
2023-03-15 14:05:42,694 [INFO] McuAction:142 - Datasheet
2023-03-15 14:06:57,493 [INFO] LogOutputStream:76 - [STDOUT_REDIRECT] withoutVersionV1.8.4
2023-03-15 14:06:57,493 [INFO] LogOutputStream:76 - [STDOUT_REDIRECT] withoutVersionV1.8.3
2023-03-15 14:06:57,493 [INFO] LogOutputStream:76 - [STDOUT_REDIRECT] withoutVersionV1.8.2
2023-03-15 14:06:57,493 [INFO] LogOutputStream:76 - [STDOUT_REDIRECT] withoutVersionV1.8.1
2023-03-15 14:06:57,493 [INFO] LogOutputStream:76 - [STDOUT_REDIRECT] withoutVersionV1.8.0
2023-03-15 14:07:00,258 [INFO] ApiDb:226 - Save user favorites file C:\Users\admin/.stm32cubeide/favorites.mcus.txt: 0 item(s)
2023-03-15 14:07:00,258 [INFO] ApiDb:230 - User favorites MCUs=[]
2023-03-16 09:00:28,829 [INFO] Activator:178 - 


2023-03-16 09:00:28,829 [INFO] Activator:179 - !SESSION log4j initialized
2023-03-16 09:01:25,562 [INFO] RetryExec:97 - I/O exception (org.apache.http.NoHttpResponseException) caught when processing request to {s}->https://download.eclipse.org:443: The target server failed to respond
2023-03-16 09:01:25,562 [INFO] RetryExec:113 - Retrying request to {s}->https://download.eclipse.org:443
2023-03-16 09:01:26,399 [INFO] RetryExec:97 - I/O exception (org.apache.http.NoHttpResponseException) caught when processing request to {s}->https://archive.eclipse.org:443: The target server failed to respond
2023-03-16 09:01:26,399 [INFO] RetryExec:113 - Retrying request to {s}->https://archive.eclipse.org:443
2023-03-18 10:49:17,173 [INFO] Activator:178 - 


2023-03-18 10:49:17,188 [INFO] Activator:179 - !SESSION log4j initialized
2023-03-22 13:32:27,989 [INFO] Activator:178 - 


2023-03-22 13:32:27,989 [INFO] Activator:179 - !SESSION log4j initialized
2023-03-22 13:33:25,604 [INFO] RetryExec:97 - I/O exception (org.apache.http.NoHttpResponseException) caught when processing request to {s}->https://download.eclipse.org:443: The target server failed to respond
2023-03-22 13:33:25,606 [INFO] RetryExec:113 - Retrying request to {s}->https://download.eclipse.org:443
2023-03-22 13:33:26,458 [INFO] RetryExec:97 - I/O exception (org.apache.http.NoHttpResponseException) caught when processing request to {s}->https://archive.eclipse.org:443: The target server failed to respond
2023-03-22 13:33:26,458 [INFO] RetryExec:113 - Retrying request to {s}->https://archive.eclipse.org:443
2023-03-22 13:33:27,464 [INFO] RetryExec:97 - I/O exception (org.apache.http.NoHttpResponseException) caught when processing request to {s}->https://download.eclipse.org:443: The target server failed to respond
2023-03-22 13:33:27,465 [INFO] RetryExec:113 - Retrying request to {s}->https://download.eclipse.org:443
2023-03-22 20:28:26,173 [INFO] Activator:178 - 


2023-03-22 20:28:26,190 [INFO] Activator:179 - !SESSION log4j initialized
2023-03-22 20:29:17,285 [INFO] RetryExec:97 - I/O exception (org.apache.http.NoHttpResponseException) caught when processing request to {s}->https://download.eclipse.org:443: The target server failed to respond
2023-03-22 20:29:17,296 [INFO] RetryExec:113 - Retrying request to {s}->https://download.eclipse.org:443
2023-03-22 20:29:18,118 [INFO] RetryExec:97 - I/O exception (org.apache.http.NoHttpResponseException) caught when processing request to {s}->https://archive.eclipse.org:443: The target server failed to respond
2023-03-22 20:29:18,134 [INFO] RetryExec:113 - Retrying request to {s}->https://archive.eclipse.org:443
2023-03-22 20:29:19,062 [INFO] RetryExec:97 - I/O exception (org.apache.http.NoHttpResponseException) caught when processing request to {s}->https://download.eclipse.org:443: The target server failed to respond
2023-03-22 20:29:19,062 [INFO] RetryExec:113 - Retrying request to {s}->https://download.eclipse.org:443
